#
# A fatal error has been detected by the Java Runtime Environment:
#
#  EXCEPTION_ACCESS_VIOLATION (0xc0000005) at pc=0x000000000000015c, pid=6420, tid=0x0000000000000554
#
# JRE version: Java(TM) SE Runtime Environment (8.0_291-b10) (build 1.8.0_291-b10)
# Java VM: Java HotSpot(TM) 64-Bit Server VM (25.291-b10 mixed mode windows-amd64 compressed oops)
# Problematic frame:
# C  0x000000000000015c
#
# Failed to write core dump. Minidumps are not enabled by default on client versions of Windows
#
# If you would like to submit a bug report, please visit:
#   http://bugreport.java.com/bugreport/crash.jsp
#

---------------  T H R E A D  ---------------

Current thread (0x0000013bdd04a000):  GCTaskThread [stack: 0x0000000abe900000,0x0000000abea00000] [id=1364]

siginfo: ExceptionCode=0xc0000005, ExceptionInformation=0x0000000000000008 0x000000000000015c

Registers:
RAX=0x0000013befe20778, RBX=0x00000000f9b18010, RCX=0x000000010012d200, RDX=0x0000013bf07c9f80
RSP=0x0000000abe9ff558, RBP=0x0000000000000005, RSI=0x00000000f6803ce8, RDI=0x0000000000023dc2
R8 =0x00000000f9b18010, R9 =0x000000010012d200, R10=0x00000000f6803ce8, R11=0x00000000f9b18010
R12=0x0000013bdd04a401, R13=0x0000000000000000, R14=0x0000013bf07c9f80, R15=0x0000013bf07ca000
RIP=0x000000000000015c, EFLAGS=0x0000000000010203

Top of Stack: (sp=0x0000000abe9ff558)
0x0000000abe9ff558:   0000000072b02d18 0000000000000000
0x0000000abe9ff568:   0000000000000005 00000000f6803ce8
0x0000000abe9ff578:   0000000072991210 00000000f9b08010
0x0000000abe9ff588:   0000000000001000 00000000f9b08740
0x0000000abe9ff598:   000000007284a37f 0000013bf07ca020
0x0000000abe9ff5a8:   0000000072d4bfb0 0000132600003d7b
0x0000000abe9ff5b8:   0000000072b035a7 00000000f9b0d1ec
0x0000000abe9ff5c8:   000000000000000d 0000000abe9ff630
0x0000000abe9ff5d8:   0000013bf07c9f80 0000132600003d7b
0x0000000abe9ff5e8:   00000000f9b08730 0000000000000005
0x0000000abe9ff5f8:   0000132500003d7b 0000132600003d7b
0x0000000abe9ff608:   0000000072b06438 0000013bdd0326a0
0x0000000abe9ff618:   000013b4000011c4 0000013bdd046500
0x0000000abe9ff628:   0000000072d4bfb0 0000013bdd046500
0x0000000abe9ff638:   0000000072d4bfb0 0000013bdd04a450
0x0000000abe9ff648:   0000013bdd04a440 0000000000000001 

Instructions: (pc=0x000000000000015c)
0x000000000000013c:   
[error occurred during error reporting (printing registers, top of stack, instructions near pc), id 0xc0000005]

Register to memory mapping:

RAX={method} {0x0000013befe20780} 'clone' '()Ljava/lang/Object;' in 'java/lang/Object'
RBX=0x00000000f9b18010 is an oop

[error occurred during error reporting (printing register info), id 0xc0000005]

Stack: [0x0000000abe900000,0x0000000abea00000],  sp=0x0000000abe9ff558,  free space=1021k
Native frames: (J=compiled Java code, j=interpreted, Vv=VM code, C=native code)
C  0x000000000000015c


---------------  P R O C E S S  ---------------

Java Threads: ( => current thread )
  0x0000013bf61cd800 JavaThread "DestroyJavaVM" [_thread_blocked, id=6388, stack(0x0000000abe700000,0x0000000abe800000)]
  0x0000013bf61cd000 JavaThread "http-nio-8080-Acceptor" daemon [_thread_in_native, id=5348, stack(0x0000000ac1300000,0x0000000ac1400000)]
  0x0000013bf61cc000 JavaThread "http-nio-8080-Poller" daemon [_thread_in_native, id=8716, stack(0x0000000ac1200000,0x0000000ac1300000)]
  0x0000013bf61ca000 JavaThread "http-nio-8080-exec-10" daemon [_thread_blocked, id=5512, stack(0x0000000ac1100000,0x0000000ac1200000)]
  0x0000013bf61cb800 JavaThread "http-nio-8080-exec-9" daemon [_thread_blocked, id=2104, stack(0x0000000ac1000000,0x0000000ac1100000)]
  0x0000013bf61ca800 JavaThread "http-nio-8080-exec-8" daemon [_thread_blocked, id=5272, stack(0x0000000ac0f00000,0x0000000ac1000000)]
  0x0000013bf61ce800 JavaThread "http-nio-8080-exec-7" daemon [_thread_blocked, id=1276, stack(0x0000000ac0e00000,0x0000000ac0f00000)]
  0x0000013bf3961800 JavaThread "http-nio-8080-exec-6" daemon [_thread_blocked, id=5456, stack(0x0000000ac0d00000,0x0000000ac0e00000)]
  0x0000013bf3960800 JavaThread "http-nio-8080-exec-5" daemon [_thread_blocked, id=8316, stack(0x0000000ac0c00000,0x0000000ac0d00000)]
  0x0000013bf395b800 JavaThread "http-nio-8080-exec-4" daemon [_thread_blocked, id=6688, stack(0x0000000ac0b00000,0x0000000ac0c00000)]
  0x0000013bf395f000 JavaThread "http-nio-8080-exec-3" daemon [_thread_blocked, id=784, stack(0x0000000ac0a00000,0x0000000ac0b00000)]
  0x0000013bf395e800 JavaThread "http-nio-8080-exec-2" daemon [_thread_blocked, id=7600, stack(0x0000000ac0900000,0x0000000ac0a00000)]
  0x0000013bf395d000 JavaThread "http-nio-8080-exec-1" daemon [_thread_blocked, id=5896, stack(0x0000000ac0700000,0x0000000ac0800000)]
  0x0000013bf395c000 JavaThread "Live Reload Server" daemon [_thread_in_native, id=5472, stack(0x0000000ac0800000,0x0000000ac0900000)]
  0x0000013bf395d800 JavaThread "File Watcher" daemon [_thread_blocked, id=7224, stack(0x0000000ac0600000,0x0000000ac0700000)]
  0x0000013bf3962000 JavaThread "HikariPool-1 housekeeper" daemon [_thread_blocked, id=6188, stack(0x0000000ac0400000,0x0000000ac0500000)]
  0x0000013bf3fc3800 JavaThread "mysql-cj-abandoned-connection-cleanup" daemon [_thread_blocked, id=7932, stack(0x0000000ac0100000,0x0000000ac0200000)]
  0x0000013bf3f38000 JavaThread "container-0" [_thread_blocked, id=5900, stack(0x0000000ac0000000,0x0000000ac0100000)]
  0x0000013bf3f37000 JavaThread "Catalina-utility-2" [_thread_blocked, id=7692, stack(0x0000000abff00000,0x0000000ac0000000)]
  0x0000013bf3f51000 JavaThread "Catalina-utility-1" [_thread_blocked, id=8852, stack(0x0000000abfe00000,0x0000000abff00000)]
  0x0000013bf2448800 JavaThread "RMI Scheduler(0)" daemon [_thread_blocked, id=6528, stack(0x0000000abfb00000,0x0000000abfc00000)]
  0x0000013bf211c800 JavaThread "RMI TCP Accept-0" daemon [_thread_in_native, id=5384, stack(0x0000000abf800000,0x0000000abf900000)]
  0x0000013bf1e50800 JavaThread "Service Thread" daemon [_thread_blocked, id=6656, stack(0x0000000abf700000,0x0000000abf800000)]
  0x0000013bf1e47000 JavaThread "C1 CompilerThread2" daemon [_thread_blocked, id=880, stack(0x0000000abf600000,0x0000000abf700000)]
  0x0000013bf1e44800 JavaThread "C2 CompilerThread1" daemon [_thread_blocked, id=6356, stack(0x0000000abf500000,0x0000000abf600000)]
  0x0000013bf1de8800 JavaThread "C2 CompilerThread0" daemon [_thread_blocked, id=7444, stack(0x0000000abf400000,0x0000000abf500000)]
  0x0000013bf0845000 JavaThread "JDWP Command Reader" daemon [_thread_in_native, id=6372, stack(0x0000000abf300000,0x0000000abf400000)]
  0x0000013bf0841800 JavaThread "JDWP Event Helper Thread" daemon [_thread_blocked, id=1028, stack(0x0000000abf200000,0x0000000abf300000)]
  0x0000013bf0834000 JavaThread "JDWP Transport Listener: dt_socket" daemon [_thread_blocked, id=2072, stack(0x0000000abf100000,0x0000000abf200000)]
  0x0000013bf0829800 JavaThread "Attach Listener" daemon [_thread_blocked, id=2108, stack(0x0000000abf000000,0x0000000abf100000)]
  0x0000013bf0828800 JavaThread "Signal Dispatcher" daemon [_thread_blocked, id=7800, stack(0x0000000abef00000,0x0000000abf000000)]
  0x0000013bf0800800 JavaThread "Finalizer" daemon [_thread_blocked, id=9116, stack(0x0000000abee00000,0x0000000abef00000)]
  0x0000013bf07f9000 JavaThread "Reference Handler" daemon [_thread_blocked, id=2996, stack(0x0000000abed00000,0x0000000abee00000)]

Other Threads:
  0x0000013bf07cc800 VMThread [stack: 0x0000000abec00000,0x0000000abed00000] [id=8548]
  0x0000013bf2128800 WatcherThread [stack: 0x0000000abf900000,0x0000000abfa00000] [id=1536]

=>0x0000013bdd04a000 (exited) GCTaskThread [stack: 0x0000000abe900000,0x0000000abea00000] [id=1364]

VM state:at safepoint (normal execution)

VM Mutex/Monitor currently owned by a thread:  ([mutex/lock_event])
[0x0000013bdd034020] Threads_lock - owner thread: 0x0000013bf07cc800
[0x0000013bdd032920] Heap_lock - owner thread: 0x0000013bf395d800

heap address: 0x00000000c8400000, size: 892 MB, Compressed Oops mode: 32-bit
Narrow klass base: 0x0000000000000000, Narrow klass shift: 3
Compressed class space size: 1073741824 Address: 0x0000000100000000

Heap:
 PSYoungGen      total 158208K, used 158064K [0x00000000ed700000, 0x00000000fa680000, 0x0000000100000000)
  eden space 157184K, 100% used [0x00000000ed700000,0x00000000f7080000,0x00000000f7080000)
  from space 1024K, 85% used [0x00000000f8f00000,0x00000000f8fdc010,0x00000000f9000000)
  to   space 12800K, 45% used [0x00000000f9a00000,0x00000000f9fbee20,0x00000000fa680000)
 ParOldGen       total 68608K, used 45981K [0x00000000c8400000, 0x00000000cc700000, 0x00000000ed700000)
  object space 68608K, 67% used [0x00000000c8400000,0x00000000cb0e75a8,0x00000000cc700000)
 Metaspace       used 64023K, capacity 68109K, committed 68352K, reserved 1107968K
  class space    used 8907K, capacity 9642K, committed 9728K, reserved 1048576K

Card table byte_map: [0x0000013bedea0000,0x0000013bee060000] byte_map_base: 0x0000013bed85e000

Marking Bits: (ParMarkBitMap*) 0x0000000072f17fe0
 Begin Bits: [0x0000013bee060000, 0x0000013beee50000)
 End Bits:   [0x0000013beee50000, 0x0000013befc40000)

Polling page: 0x0000013bdd1c0000

CodeCache: size=245760Kb used=12384Kb max_used=12396Kb free=233375Kb
 bounds [0x0000013bdeae0000, 0x0000013bdf700000, 0x0000013bedae0000]
 total_blobs=7124 nmethods=6520 adapters=523
 compilation: enabled

Compilation events (10 events):
Event: 730.607 Thread 0x0000013bf1e47000 6641       1       java.util.HashMap$KeySet::contains (9 bytes)
Event: 730.607 Thread 0x0000013bf1e47000 nmethod 6641 0x0000013bdf6fb490 code [0x0000013bdf6fb5e0, 0x0000013bdf6fb730]
Event: 733.877 Thread 0x0000013bf1e47000 6642       1       java.util.TreeMap::navigableKeySet (27 bytes)
Event: 733.878 Thread 0x0000013bf1e47000 nmethod 6642 0x0000013bdf6fb790 code [0x0000013bdf6fb8e0, 0x0000013bdf6fba78]
Event: 752.109 Thread 0x0000013bf1e47000 6643       1       org.springframework.boot.devtools.filewatch.FileSystemWatcher$Watcher::isDifferent (105 bytes)
Event: 752.110 Thread 0x0000013bf1e47000 nmethod 6643 0x0000013bdf6fbb10 code [0x0000013bdf6fbd20, 0x0000013bdf6fc150]
Event: 752.110 Thread 0x0000013bf1e47000 6644       1       org.springframework.boot.devtools.filewatch.DirectorySnapshot::equals (46 bytes)
Event: 752.110 Thread 0x0000013bf1e47000 nmethod 6644 0x0000013bdf6fc490 code [0x0000013bdf6fc620, 0x0000013bdf6fc900]
Event: 783.932 Thread 0x0000013bf1e47000 6645   !   1       org.apache.catalina.core.StandardContext::getLoader (38 bytes)
Event: 783.933 Thread 0x0000013bf1e47000 nmethod 6645 0x0000013bdf6fcbd0 code [0x0000013bdf6fcd80, 0x0000013bdf6fd0a0]

GC Heap History (10 events):
Event: 681.146 GC heap after
Heap after GC invocations=30 (full 3):
 PSYoungGen      total 190976K, used 4736K [0x00000000ed700000, 0x00000000fc080000, 0x0000000100000000)
  eden space 185856K, 0% used [0x00000000ed700000,0x00000000ed700000,0x00000000f8c80000)
  from space 5120K, 92% used [0x00000000fac80000,0x00000000fb120010,0x00000000fb180000)
  to   space 14336K, 0% used [0x00000000fb280000,0x00000000fb280000,0x00000000fc080000)
 ParOldGen       total 68608K, used 45965K [0x00000000c8400000, 0x00000000cc700000, 0x00000000ed700000)
  object space 68608K, 66% used [0x00000000c8400000,0x00000000cb0e35a8,0x00000000cc700000)
 Metaspace       used 64023K, capacity 68109K, committed 68352K, reserved 1107968K
  class space    used 8907K, capacity 9642K, committed 9728K, reserved 1048576K
}
Event: 719.842 GC heap before
{Heap before GC invocations=31 (full 3):
 PSYoungGen      total 190976K, used 190592K [0x00000000ed700000, 0x00000000fc080000, 0x0000000100000000)
  eden space 185856K, 100% used [0x00000000ed700000,0x00000000f8c80000,0x00000000f8c80000)
  from space 5120K, 92% used [0x00000000fac80000,0x00000000fb120010,0x00000000fb180000)
  to   space 14336K, 0% used [0x00000000fb280000,0x00000000fb280000,0x00000000fc080000)
 ParOldGen       total 68608K, used 45965K [0x00000000c8400000, 0x00000000cc700000, 0x00000000ed700000)
  object space 68608K, 66% used [0x00000000c8400000,0x00000000cb0e35a8,0x00000000cc700000)
 Metaspace       used 64023K, capacity 68109K, committed 68352K, reserved 1107968K
  class space    used 8907K, capacity 9642K, committed 9728K, reserved 1048576K
Event: 719.859 GC heap after
Heap after GC invocations=31 (full 3):
 PSYoungGen      total 183296K, used 4736K [0x00000000ed700000, 0x00000000fb780000, 0x0000000100000000)
  eden space 178176K, 0% used [0x00000000ed700000,0x00000000ed700000,0x00000000f8500000)
  from space 5120K, 92% used [0x00000000fb280000,0x00000000fb720010,0x00000000fb780000)
  to   space 13312K, 0% used [0x00000000f9d80000,0x00000000f9d80000,0x00000000faa80000)
 ParOldGen       total 68608K, used 45965K [0x00000000c8400000, 0x00000000cc700000, 0x00000000ed700000)
  object space 68608K, 66% used [0x00000000c8400000,0x00000000cb0e35a8,0x00000000cc700000)
 Metaspace       used 64023K, capacity 68109K, committed 68352K, reserved 1107968K
  class space    used 8907K, capacity 9642K, committed 9728K, reserved 1048576K
}
Event: 752.885 GC heap before
{Heap before GC invocations=32 (full 3):
 PSYoungGen      total 183296K, used 182912K [0x00000000ed700000, 0x00000000fb780000, 0x0000000100000000)
  eden space 178176K, 100% used [0x00000000ed700000,0x00000000f8500000,0x00000000f8500000)
  from space 5120K, 92% used [0x00000000fb280000,0x00000000fb720010,0x00000000fb780000)
  to   space 13312K, 0% used [0x00000000f9d80000,0x00000000f9d80000,0x00000000faa80000)
 ParOldGen       total 68608K, used 45965K [0x00000000c8400000, 0x00000000cc700000, 0x00000000ed700000)
  object space 68608K, 66% used [0x00000000c8400000,0x00000000cb0e35a8,0x00000000cc700000)
 Metaspace       used 64023K, capacity 68109K, committed 68352K, reserved 1107968K
  class space    used 8907K, capacity 9642K, committed 9728K, reserved 1048576K
Event: 752.892 GC heap after
Heap after GC invocations=32 (full 3):
 PSYoungGen      total 171520K, used 256K [0x00000000ed700000, 0x00000000fb300000, 0x0000000100000000)
  eden space 171008K, 0% used [0x00000000ed700000,0x00000000ed700000,0x00000000f7e00000)
  from space 512K, 50% used [0x00000000f9d80000,0x00000000f9dc0000,0x00000000f9e00000)
  to   space 13312K, 0% used [0x00000000fa600000,0x00000000fa600000,0x00000000fb300000)
 ParOldGen       total 68608K, used 45965K [0x00000000c8400000, 0x00000000cc700000, 0x00000000ed700000)
  object space 68608K, 66% used [0x00000000c8400000,0x00000000cb0e35a8,0x00000000cc700000)
 Metaspace       used 64023K, capacity 68109K, committed 68352K, reserved 1107968K
  class space    used 8907K, capacity 9642K, committed 9728K, reserved 1048576K
}
Event: 786.660 GC heap before
{Heap before GC invocations=33 (full 3):
 PSYoungGen      total 171520K, used 171264K [0x00000000ed700000, 0x00000000fb300000, 0x0000000100000000)
  eden space 171008K, 100% used [0x00000000ed700000,0x00000000f7e00000,0x00000000f7e00000)
  from space 512K, 50% used [0x00000000f9d80000,0x00000000f9dc0000,0x00000000f9e00000)
  to   space 13312K, 0% used [0x00000000fa600000,0x00000000fa600000,0x00000000fb300000)
 ParOldGen       total 68608K, used 45965K [0x00000000c8400000, 0x00000000cc700000, 0x00000000ed700000)
  object space 68608K, 66% used [0x00000000c8400000,0x00000000cb0e35a8,0x00000000cc700000)
 Metaspace       used 64023K, capacity 68109K, committed 68352K, reserved 1107968K
  class space    used 8907K, capacity 9642K, committed 9728K, reserved 1048576K
Event: 786.670 GC heap after
Heap after GC invocations=33 (full 3):
 PSYoungGen      total 165888K, used 1568K [0x00000000ed700000, 0x00000000fa800000, 0x0000000100000000)
  eden space 163840K, 0% used [0x00000000ed700000,0x00000000ed700000,0x00000000f7700000)
  from space 2048K, 76% used [0x00000000fa600000,0x00000000fa788010,0x00000000fa800000)
  to   space 12800K, 0% used [0x00000000f8f00000,0x00000000f8f00000,0x00000000f9b80000)
 ParOldGen       total 68608K, used 45973K [0x00000000c8400000, 0x00000000cc700000, 0x00000000ed700000)
  object space 68608K, 67% used [0x00000000c8400000,0x00000000cb0e55a8,0x00000000cc700000)
 Metaspace       used 64023K, capacity 68109K, committed 68352K, reserved 1107968K
  class space    used 8907K, capacity 9642K, committed 9728K, reserved 1048576K
}
Event: 816.324 GC heap before
{Heap before GC invocations=34 (full 3):
 PSYoungGen      total 165888K, used 165408K [0x00000000ed700000, 0x00000000fa800000, 0x0000000100000000)
  eden space 163840K, 100% used [0x00000000ed700000,0x00000000f7700000,0x00000000f7700000)
  from space 2048K, 76% used [0x00000000fa600000,0x00000000fa788010,0x00000000fa800000)
  to   space 12800K, 0% used [0x00000000f8f00000,0x00000000f8f00000,0x00000000f9b80000)
 ParOldGen       total 68608K, used 45973K [0x00000000c8400000, 0x00000000cc700000, 0x00000000ed700000)
  object space 68608K, 67% used [0x00000000c8400000,0x00000000cb0e55a8,0x00000000cc700000)
 Metaspace       used 64023K, capacity 68109K, committed 68352K, reserved 1107968K
  class space    used 8907K, capacity 9642K, committed 9728K, reserved 1048576K
Event: 816.329 GC heap after
Heap after GC invocations=34 (full 3):
 PSYoungGen      total 158208K, used 880K [0x00000000ed700000, 0x00000000fa680000, 0x0000000100000000)
  eden space 157184K, 0% used [0x00000000ed700000,0x00000000ed700000,0x00000000f7080000)
  from space 1024K, 85% used [0x00000000f8f00000,0x00000000f8fdc010,0x00000000f9000000)
  to   space 12800K, 0% used [0x00000000f9a00000,0x00000000f9a00000,0x00000000fa680000)
 ParOldGen       total 68608K, used 45973K [0x00000000c8400000, 0x00000000cc700000, 0x00000000ed700000)
  object space 68608K, 67% used [0x00000000c8400000,0x00000000cb0e55a8,0x00000000cc700000)
 Metaspace       used 64023K, capacity 68109K, committed 68352K, reserved 1107968K
  class space    used 8907K, capacity 9642K, committed 9728K, reserved 1048576K
}
Event: 844.225 GC heap before
{Heap before GC invocations=35 (full 3):
 PSYoungGen      total 158208K, used 158064K [0x00000000ed700000, 0x00000000fa680000, 0x0000000100000000)
  eden space 157184K, 100% used [0x00000000ed700000,0x00000000f7080000,0x00000000f7080000)
  from space 1024K, 85% used [0x00000000f8f00000,0x00000000f8fdc010,0x00000000f9000000)
  to   space 12800K, 0% used [0x00000000f9a00000,0x00000000f9a00000,0x00000000fa680000)
 ParOldGen       total 68608K, used 45973K [0x00000000c8400000, 0x00000000cc700000, 0x00000000ed700000)
  object space 68608K, 67% used [0x00000000c8400000,0x00000000cb0e55a8,0x00000000cc700000)
 Metaspace       used 64023K, capacity 68109K, committed 68352K, reserved 1107968K
  class space    used 8907K, capacity 9642K, committed 9728K, reserved 1048576K

Deoptimization events (0 events):
No events

Classes redefined (0 events):
No events

Internal exceptions (10 events):
Event: 38.691 Thread 0x0000013bf395e800 Exception <a 'java/lang/ClassNotFoundException': org/springframework/security/authentication/UsernamePasswordAuthenticationTokenCustomizer> (0x00000000f963a5e0) thrown at [C:\jenkins\workspace\8-2-build-windows-amd64-cygwin\jdk8u291\1294\hotspot\src\share
Event: 38.696 Thread 0x0000013bf395e800 Exception <a 'java/lang/ClassNotFoundException': com/example/KinoCMS/domain/UserBeanInfo> (0x00000000f96620f0) thrown at [C:\jenkins\workspace\8-2-build-windows-amd64-cygwin\jdk8u291\1294\hotspot\src\share\vm\classfile\systemDictionary.cpp, line 212]
Event: 38.700 Thread 0x0000013bf395e800 Exception <a 'java/lang/ClassNotFoundException': com/example/KinoCMS/domain/UserCustomizer> (0x00000000f967c888) thrown at [C:\jenkins\workspace\8-2-build-windows-amd64-cygwin\jdk8u291\1294\hotspot\src\share\vm\classfile\systemDictionary.cpp, line 212]
Event: 38.700 Thread 0x0000013bf395e800 Exception <a 'java/lang/ArrayIndexOutOfBoundsException'> (0x00000000f9684430) thrown at [C:\jenkins\workspace\8-2-build-windows-amd64-cygwin\jdk8u291\1294\hotspot\src\share\vm\runtime\sharedRuntime.cpp, line 609]
Event: 38.701 Thread 0x0000013bf395e800 Exception <a 'java/lang/ArrayIndexOutOfBoundsException'> (0x00000000f96884d0) thrown at [C:\jenkins\workspace\8-2-build-windows-amd64-cygwin\jdk8u291\1294\hotspot\src\share\vm\runtime\sharedRuntime.cpp, line 609]
Event: 38.701 Thread 0x0000013bf395e800 Exception <a 'java/lang/ArrayIndexOutOfBoundsException'> (0x00000000f968b368) thrown at [C:\jenkins\workspace\8-2-build-windows-amd64-cygwin\jdk8u291\1294\hotspot\src\share\vm\runtime\sharedRuntime.cpp, line 609]
Event: 38.723 Thread 0x0000013bf395e800 Exception <a 'java/lang/ClassNotFoundException': com/example/KinoCMS/domain/MainImageBannerBeanInfo> (0x00000000f972d028) thrown at [C:\jenkins\workspace\8-2-build-windows-amd64-cygwin\jdk8u291\1294\hotspot\src\share\vm\classfile\systemDictionary.cpp, lin
Event: 38.727 Thread 0x0000013bf395e800 Exception <a 'java/lang/ClassNotFoundException': com/example/KinoCMS/domain/MainImageBannerCustomizer> (0x00000000f974af18) thrown at [C:\jenkins\workspace\8-2-build-windows-amd64-cygwin\jdk8u291\1294\hotspot\src\share\vm\classfile\systemDictionary.cpp, l
Event: 38.738 Thread 0x0000013bf395e800 Exception <a 'java/lang/ClassNotFoundException': com/example/KinoCMS/domain/CurrentFilmsBeanInfo> (0x00000000f9782f00) thrown at [C:\jenkins\workspace\8-2-build-windows-amd64-cygwin\jdk8u291\1294\hotspot\src\share\vm\classfile\systemDictionary.cpp, line 2
Event: 38.744 Thread 0x0000013bf395e800 Exception <a 'java/lang/ClassNotFoundException': com/example/KinoCMS/domain/CurrentFilmsCustomizer> (0x00000000f979fe18) thrown at [C:\jenkins\workspace\8-2-build-windows-amd64-cygwin\jdk8u291\1294\hotspot\src\share\vm\classfile\systemDictionary.cpp, line

Events (10 events):
Event: 719.859 Executing VM operation: ParallelGCFailedAllocation done
Event: 752.885 Executing VM operation: ParallelGCFailedAllocation
Event: 752.892 Executing VM operation: ParallelGCFailedAllocation done
Event: 783.933 Thread 0x0000013bf1e47000 flushing nmethod 0x0000013bdec07650
Event: 783.933 Thread 0x0000013bf1e47000 flushing nmethod 0x0000013bdec08e50
Event: 786.660 Executing VM operation: ParallelGCFailedAllocation
Event: 786.670 Executing VM operation: ParallelGCFailedAllocation done
Event: 816.323 Executing VM operation: ParallelGCFailedAllocation
Event: 816.329 Executing VM operation: ParallelGCFailedAllocation done
Event: 844.225 Executing VM operation: ParallelGCFailedAllocation


Dynamic libraries:
0x00007ff75d350000 - 0x00007ff75d397000 	C:\Program Files\Java\jdk1.8.0_291\bin\java.exe
0x00007fffcd280000 - 0x00007fffcd470000 	C:\WINDOWS\SYSTEM32\ntdll.dll
0x00007fffcd180000 - 0x00007fffcd232000 	C:\WINDOWS\System32\KERNEL32.DLL
0x00007fffca390000 - 0x00007fffca635000 	C:\WINDOWS\System32\KERNELBASE.dll
0x00007fffcc420000 - 0x00007fffcc4c3000 	C:\WINDOWS\System32\ADVAPI32.dll
0x00007fffcc0b0000 - 0x00007fffcc14e000 	C:\WINDOWS\System32\msvcrt.dll
0x00007fffcb990000 - 0x00007fffcba27000 	C:\WINDOWS\System32\sechost.dll
0x00007fffcba90000 - 0x00007fffcbbaf000 	C:\WINDOWS\System32\RPCRT4.dll
0x00007fffcc5a0000 - 0x00007fffcc734000 	C:\WINDOWS\System32\USER32.dll
0x00007fffcb000000 - 0x00007fffcb021000 	C:\WINDOWS\System32\win32u.dll
0x00007fffcc150000 - 0x00007fffcc176000 	C:\WINDOWS\System32\GDI32.dll
0x00007fffca1f0000 - 0x00007fffca388000 	C:\WINDOWS\System32\gdi32full.dll
0x00007fffcb290000 - 0x00007fffcb32e000 	C:\WINDOWS\System32\msvcp_win.dll
0x00007fffcadc0000 - 0x00007fffcaeba000 	C:\WINDOWS\System32\ucrtbase.dll
0x00007fffbb730000 - 0x00007fffbb9b4000 	C:\WINDOWS\WinSxS\amd64_microsoft.windows.common-controls_6595b64144ccf1df_6.0.18362.1556_none_9e7e372fe45e41d5\COMCTL32.dll
0x00007fffcbd60000 - 0x00007fffcc096000 	C:\WINDOWS\System32\combase.dll
0x00007fffcb030000 - 0x00007fffcb0b1000 	C:\WINDOWS\System32\bcryptPrimitives.dll
0x00007fffcc3e0000 - 0x00007fffcc40e000 	C:\WINDOWS\System32\IMM32.DLL
0x00007fffc5530000 - 0x00007fffc5545000 	C:\Program Files\Java\jdk1.8.0_291\jre\bin\vcruntime140.dll
0x00007fffbd7c0000 - 0x00007fffbd85b000 	C:\Program Files\Java\jdk1.8.0_291\jre\bin\msvcp140.dll
0x0000000072730000 - 0x0000000072f90000 	C:\Program Files\Java\jdk1.8.0_291\jre\bin\server\jvm.dll
0x00007fffcc410000 - 0x00007fffcc418000 	C:\WINDOWS\System32\PSAPI.DLL
0x00007fffc5600000 - 0x00007fffc5609000 	C:\WINDOWS\SYSTEM32\WSOCK32.dll
0x00007fffcbcf0000 - 0x00007fffcbd5f000 	C:\WINDOWS\System32\WS2_32.dll
0x00007fffc6dc0000 - 0x00007fffc6de4000 	C:\WINDOWS\SYSTEM32\WINMM.dll
0x00007fffc2350000 - 0x00007fffc235a000 	C:\WINDOWS\SYSTEM32\VERSION.dll
0x00007fffc6d90000 - 0x00007fffc6dbd000 	C:\WINDOWS\SYSTEM32\WINMMBASE.dll
0x00007fffcb0e0000 - 0x00007fffcb12a000 	C:\WINDOWS\System32\cfgmgr32.dll
0x00007fffca1d0000 - 0x00007fffca1e1000 	C:\WINDOWS\System32\kernel.appcore.dll
0x00007fffc34d0000 - 0x00007fffc34e0000 	C:\Program Files\Java\jdk1.8.0_291\jre\bin\verify.dll
0x00007fffc06b0000 - 0x00007fffc06db000 	C:\Program Files\Java\jdk1.8.0_291\jre\bin\java.dll
0x00007fffbd780000 - 0x00007fffbd7b6000 	C:\Program Files\Java\jdk1.8.0_291\jre\bin\jdwp.dll
0x00007fffc1020000 - 0x00007fffc1029000 	C:\Program Files\Java\jdk1.8.0_291\jre\bin\npt.dll
0x00007fffc0540000 - 0x00007fffc0570000 	C:\Program Files\Java\jdk1.8.0_291\jre\bin\instrument.dll
0x00007fffc0570000 - 0x00007fffc0588000 	C:\Program Files\Java\jdk1.8.0_291\jre\bin\zip.dll
0x00007fffcca90000 - 0x00007fffcd177000 	C:\WINDOWS\System32\SHELL32.dll
0x00007fffcc820000 - 0x00007fffcc8c8000 	C:\WINDOWS\System32\shcore.dll
0x00007fffca640000 - 0x00007fffcadbb000 	C:\WINDOWS\System32\windows.storage.dll
0x00007fffca140000 - 0x00007fffca15e000 	C:\WINDOWS\System32\profapi.dll
0x00007fffca160000 - 0x00007fffca1aa000 	C:\WINDOWS\System32\powrprof.dll
0x00007fffca130000 - 0x00007fffca140000 	C:\WINDOWS\System32\UMPDC.dll
0x00007fffcc740000 - 0x00007fffcc792000 	C:\WINDOWS\System32\shlwapi.dll
0x00007fffcb0c0000 - 0x00007fffcb0d7000 	C:\WINDOWS\System32\cryptsp.dll
0x00007fffbfab0000 - 0x00007fffbfaba000 	C:\Program Files\Java\jdk1.8.0_291\jre\bin\dt_socket.dll
0x00007fffc9970000 - 0x00007fffc99d7000 	C:\WINDOWS\system32\mswsock.dll
0x00007fffbfac0000 - 0x00007fffbfadc000 	C:\Program Files\Java\jdk1.8.0_291\jre\bin\net.dll
0x00007fffc96c0000 - 0x00007fffc978b000 	C:\WINDOWS\SYSTEM32\DNSAPI.dll
0x00007fffcc0a0000 - 0x00007fffcc0a8000 	C:\WINDOWS\System32\NSI.dll
0x00007fffc9680000 - 0x00007fffc96ba000 	C:\WINDOWS\SYSTEM32\IPHLPAPI.DLL
0x00007fffbfb20000 - 0x00007fffbfb2a000 	C:\Windows\System32\rasadhlp.dll
0x00007fffc0fa0000 - 0x00007fffc1017000 	C:\WINDOWS\System32\fwpuclnt.dll
0x00007fffcaec0000 - 0x00007fffcaee6000 	C:\WINDOWS\System32\bcrypt.dll
0x00007fffbf9b0000 - 0x00007fffbf9bd000 	C:\Program Files\Java\jdk1.8.0_291\jre\bin\management.dll
0x00007fffbf9c0000 - 0x00007fffbf9d3000 	C:\Program Files\Java\jdk1.8.0_291\jre\bin\nio.dll
0x00007fffc94f0000 - 0x00007fffc9523000 	C:\WINDOWS\system32\rsaenh.dll
0x00007fffca050000 - 0x00007fffca075000 	C:\WINDOWS\SYSTEM32\USERENV.dll
0x00007fffc9b40000 - 0x00007fffc9b4c000 	C:\WINDOWS\SYSTEM32\CRYPTBASE.dll
0x00007fffc2100000 - 0x00007fffc2116000 	C:\WINDOWS\SYSTEM32\dhcpcsvc6.DLL
0x00007fffc22c0000 - 0x00007fffc22dc000 	C:\WINDOWS\SYSTEM32\dhcpcsvc.DLL
0x00007fffbcd30000 - 0x00007fffbcd46000 	C:\WINDOWS\system32\napinsp.dll
0x00007fffbcd10000 - 0x00007fffbcd2a000 	C:\WINDOWS\system32\pnrpnsp.dll
0x00007fffbccc0000 - 0x00007fffbccce000 	C:\WINDOWS\System32\winrnr.dll
0x00007fffc6a70000 - 0x00007fffc6a8c000 	C:\WINDOWS\system32\NLAapi.dll
0x00007fffbcca0000 - 0x00007fffbccb5000 	C:\WINDOWS\system32\wshbth.dll
0x00007fffbd750000 - 0x00007fffbd774000 	C:\Program Files\Java\jdk1.8.0_291\jre\bin\sunec.dll
0x00007fffbf700000 - 0x00007fffbf70d000 	C:\Program Files\Java\jdk1.8.0_291\jre\bin\sunmscapi.dll
0x00007fffcb130000 - 0x00007fffcb281000 	C:\WINDOWS\System32\CRYPT32.dll
0x00007fffca1b0000 - 0x00007fffca1c2000 	C:\WINDOWS\System32\MSASN1.dll
0x00007fffc9c50000 - 0x00007fffc9c76000 	C:\WINDOWS\SYSTEM32\ncrypt.dll
0x00007fffc9c10000 - 0x00007fffc9c4b000 	C:\WINDOWS\SYSTEM32\NTASN1.dll
0x00007fffbde00000 - 0x00007fffbdff4000 	C:\WINDOWS\SYSTEM32\dbghelp.dll

VM Arguments:
jvm_args: -agentlib:jdwp=transport=dt_socket,address=127.0.0.1:52559,suspend=y,server=n -XX:TieredStopAtLevel=1 -Xverify:none -Dspring.output.ansi.enabled=always -javaagent:C:\Users\38096\AppData\Local\JetBrains\IntelliJIdea2021.2\captureAgent\debugger-agent.jar -Dcom.sun.management.jmxremote -Dspring.jmx.enabled=true -Dspring.liveBeansView.mbeanDomain -Dspring.application.admin.enabled=true -Dfile.encoding=UTF-8 
java_command: com.example.KinoCMS.Application
java_class_path (initial): C:\Program Files\Java\jdk1.8.0_291\jre\lib\charsets.jar;C:\Program Files\Java\jdk1.8.0_291\jre\lib\deploy.jar;C:\Program Files\Java\jdk1.8.0_291\jre\lib\ext\access-bridge-64.jar;C:\Program Files\Java\jdk1.8.0_291\jre\lib\ext\cldrdata.jar;C:\Program Files\Java\jdk1.8.0_291\jre\lib\ext\dnsns.jar;C:\Program Files\Java\jdk1.8.0_291\jre\lib\ext\jaccess.jar;C:\Program Files\Java\jdk1.8.0_291\jre\lib\ext\jfxrt.jar;C:\Program Files\Java\jdk1.8.0_291\jre\lib\ext\localedata.jar;C:\Program Files\Java\jdk1.8.0_291\jre\lib\ext\nashorn.jar;C:\Program Files\Java\jdk1.8.0_291\jre\lib\ext\sunec.jar;C:\Program Files\Java\jdk1.8.0_291\jre\lib\ext\sunjce_provider.jar;C:\Program Files\Java\jdk1.8.0_291\jre\lib\ext\sunmscapi.jar;C:\Program Files\Java\jdk1.8.0_291\jre\lib\ext\sunpkcs11.jar;C:\Program Files\Java\jdk1.8.0_291\jre\lib\ext\zipfs.jar;C:\Program Files\Java\jdk1.8.0_291\jre\lib\javaws.jar;C:\Program Files\Java\jdk1.8.0_291\jre\lib\jce.jar;C:\Program Files\Java\jdk1.8.0_291\jre\lib\jfr.jar;C:\Program Files\Java\jdk1.8.0_291\jre\lib\jfxswt.jar;C:\Program Files\Java\jdk1.8.0_291\jre\lib\jsse.jar;C:\Program Files\Java\jdk1.8.0_291\jre\lib\management-agent.jar;C:\Program Files\Java\jdk1.8.0_291\jre\lib\plugin.jar;C:\Program Files\Java\jdk1.8.0_291\jre\lib\resources.jar;C:\Program Files\Java\jdk1.8.0_291\jre\lib\rt.jar;C:\Users\38096\IdeaProjects\KinoCMS\target\classes;C:\Users\38096\AppData\Roaming\JetBrains\IntelliJIdea2021.2\javascript\extLibs\http_cdn.jsdelivr.net_npm_bootstrap@4.6.1_dist_css_bootstrap.css;C:\Users\38096\AppData\Roaming\JetBrains\IntelliJIdea2021.2\javascript\extLibs\http_cdn.jsdelivr.net_npm_bootstrap@4.6.1_dist_js_bootstrap.bundle.js;C:\Users\38096\AppData\Roaming\JetBrains\IntelliJIdea2021.2\javascript\extLibs\http_cdn.jsdelivr.net_npm_bootstrap@5.0.2_dist_css_bootstrap.css;C:\Users\38096\AppData\Roaming\JetBrains\IntelliJIdea2021.2\javascript\extLibs\http_cdn.jsdelivr.net_npm_bootstrap@5.0.2_dist_js_bootstrap.bundle.js;C:\Users\380
Launcher Type: SUN_STANDARD

Environment Variables:
PATH=C:\Program Files (x86)\Common Files\Oracle\Java\javapath;C:\Python27\;C:\Python27\Scripts;C:\WINDOWS\system32;C:\WINDOWS;C:\WINDOWS\System32\Wbem;C:\WINDOWS\System32\WindowsPowerShell\v1.0\;C:\WINDOWS\System32\OpenSSH\;C:\Program Files (x86)\ATI Technologies\ATI.ACE\Core-Static;C:\Program Files\dotnet\;C:\Program Files (x86)\dotnet\;C:\Users\38096\;C:\ProgramData\chocolatey\bin;C:\PHP;D:\Git\cmd;C:\Program Files\MySQL\MySQL Shell 8.0\bin\;C:\Users\38096\AppData\Local\Microsoft\WindowsApps;C:\Users\38096\AppData\Roaming\npm;C:\Users\38096\AppData\Local\Programs\Microsoft VS Code\bin;
USERNAME=38096
OS=Windows_NT
PROCESSOR_IDENTIFIER=AMD64 Family 18 Model 1 Stepping 0, AuthenticAMD



---------------  S Y S T E M  ---------------

OS: Windows 10.0 , 64 bit Build 18362 (10.0.18362.1500)

CPU:total 4 (initial active 4) (4 cores per cpu, 1 threads per core) family 18 model 1 stepping 0, cmov, cx8, fxsr, mmx, sse, sse2, sse3, popcnt, mmxext, 3dnowpref, lzcnt, sse4a, tsc, tscinvbit, tscinv

Memory: 4k page, physical 3648412k(1093672k free), swap 7318428k(1314932k free)

vm_info: Java HotSpot(TM) 64-Bit Server VM (25.291-b10) for windows-amd64 JRE (1.8.0_291-b10), built on Apr  9 2021 00:02:00 by "java_re" with MS VC++ 15.9 (VS2017)

time: Wed Dec 22 09:48:55 2021
timezone: Oeieyiaey (ceia)
elapsed time: 844.289689 seconds (0d 0h 14m 4s)

