#
# A fatal error has been detected by the Java Runtime Environment:
#
#  EXCEPTION_ACCESS_VIOLATION (0xc0000005) at pc=0x000000006538f97f, pid=4644, tid=0x00000000000023cc
#
# JRE version: Java(TM) SE Runtime Environment (8.0_291-b10) (build 1.8.0_291-b10)
# Java VM: Java HotSpot(TM) 64-Bit Server VM (25.291-b10 mixed mode windows-amd64 compressed oops)
# Problematic frame:
# V  [jvm.dll+0x12f97f]
#
# Failed to write core dump. Minidumps are not enabled by default on client versions of Windows
#
# If you would like to submit a bug report, please visit:
#   http://bugreport.java.com/bugreport/crash.jsp
#

---------------  T H R E A D  ---------------

Current thread (0x000002777f34d000):  JavaThread "restartedMain" [_thread_in_vm, id=9164, stack(0x000000d90b000000,0x000000d90b100000)]

siginfo: ExceptionCode=0xc0000005, reading address 0x0000037701160140

Registers:
RAX=0x0000000000000037, RBX=0x000000d90b0f92e8, RCX=0x000000000000001a, RDX=0x0000000000000000
RSP=0x000000d90b0f9230, RBP=0x000002777f47b320, RSI=0x00000277011611e0, RDI=0x000000d90b0f9440
R8 =0x000002777ef5af40, R9 =0x0000000000000000, R10=0x000003770115ff38, R11=0x000000000000001a
R12=0x000000000000000b, R13=0x0000000100000f28, R14=0x0000027701161210, R15=0x00000277011602d8
RIP=0x000000006538f97f, EFLAGS=0x0000000000010202

Top of Stack: (sp=0x000000d90b0f9230)
0x000000d90b0f9230:   000000d90b0f92e8 000002777f47b320
0x000000d90b0f9240:   0000027701161520 000000d90b0f9440
0x000000d90b0f9250:   0000000000000003 0000027701c47f00
0x000000d90b0f9260:   0000000000000001 0000000100273538
0x000000d90b0f9270:   000000d90b0f94c8 000000d90b0f9440
0x000000d90b0f9280:   0000000000000005 0000000000200601
0x000000d90b0f9290:   0000000100000f28 000000006538f613
0x000000d90b0f92a0:   000000d90b0f9318 0000027701c47e30
0x000000d90b0f92b0:   0000000000000000 0000027701c47e30
0x000000d90b0f92c0:   0000000000000000 0000027701c47de8
0x000000d90b0f92d0:   0000027701c487c8 0000027701c487c8
0x000000d90b0f92e0:   000002777f34d000 000000280000001a
0x000000d90b0f92f0:   0000000000000000 0000027700000007
0x000000d90b0f9300:   000002777ef5af40 000000d90b0f9728
0x000000d90b0f9310:   0000000000000024 000002777f1f6cd0
0x000000d90b0f9320:   000002777f1f6cd8 000002777f34d000 

Instructions: (pc=0x000000006538f97f)
0x000000006538f95f:   90 48 63 0b 33 d2 4d 8b 37 85 c9 7e 5e 49 8b 76
0x000000006538f96f:   08 4c 8b d9 4c 8b 43 18 4c 8b 56 08 0f b7 46 22
0x000000006538f97f:   49 8b 6c c2 50 0f 1f 40 00 0f 1f 84 00 00 00 00
0x000000006538f98f:   00 49 8b 00 48 8b 48 08 4c 8b 49 08 0f b7 41 22 


Register to memory mapping:

RAX=0x0000000000000037 is an unknown value
RBX=0x000000d90b0f92e8 is pointing into the stack for thread: 0x000002777f34d000
RCX=0x000000000000001a is an unknown value
RDX=0x0000000000000000 is an unknown value
RSP=0x000000d90b0f9230 is pointing into the stack for thread: 0x000002777f34d000
RBP=0x000002777f47b320 is an unknown value
RSI=0x00000277011611e0 is pointing into metadata
RDI=0x000000d90b0f9440 is pointing into the stack for thread: 0x000002777f34d000
R8 =0x000002777ef5af40 is an unknown value
R9 =0x0000000000000000 is an unknown value
R10=0x000003770115ff38 is an unknown value
R11=0x000000000000001a is an unknown value
R12=0x000000000000000b is an unknown value
R13=0x0000000100000f28 is pointing into metadata
R14={method} {0x0000027701161218} 
[error occurred during error reporting (printing register info), id 0xc0000005]

Stack: [0x000000d90b000000,0x000000d90b100000],  sp=0x000000d90b0f9230,  free space=996k
Native frames: (J=compiled Java code, j=interpreted, Vv=VM code, C=native code)
V  [jvm.dll+0x12f97f]
V  [jvm.dll+0x12f613]
V  [jvm.dll+0x59c71]
V  [jvm.dll+0x847f2]
V  [jvm.dll+0x18039c]
V  [jvm.dll+0x18769e]
C  [java.dll+0x1a34]
C  0x000002776bb990fc

Java frames: (J=compiled Java code, j=interpreted, Vv=VM code)
J 945  java.lang.ClassLoader.defineClass1(Ljava/lang/String;[BIILjava/security/ProtectionDomain;Ljava/lang/String;)Ljava/lang/Class; (0 bytes) @ 0x000002776bb9905f [0x000002776bb98fc0+0x9f]
J 794 C1 java.lang.ClassLoader.defineClass(Ljava/lang/String;[BIILjava/security/ProtectionDomain;)Ljava/lang/Class; (43 bytes) @ 0x000002776bb5e37c [0x000002776bb5e260+0x11c]
J 799 C1 java.net.URLClassLoader.defineClass(Ljava/lang/String;Lsun/misc/Resource;)Ljava/lang/Class; (142 bytes) @ 0x000002776bb6127c [0x000002776bb60860+0xa1c]
J 729 C1 java.net.URLClassLoader$1.run()Ljava/lang/Class; (63 bytes) @ 0x000002776bb3f04c [0x000002776bb3ef80+0xcc]
J 728 C1 java.net.URLClassLoader$1.run()Ljava/lang/Object; (5 bytes) @ 0x000002776bb3ec5c [0x000002776bb3ec20+0x3c]
v  ~StubRoutines::call_stub
J 223  java.security.AccessController.doPrivileged(Ljava/security/PrivilegedExceptionAction;Ljava/security/AccessControlContext;)Ljava/lang/Object; (0 bytes) @ 0x000002776ba58a66 [0x000002776ba58a00+0x66]
J 635 C1 java.net.URLClassLoader.findClass(Ljava/lang/String;)Ljava/lang/Class; (47 bytes) @ 0x000002776bb16f9c [0x000002776bb16ee0+0xbc]
j  java.lang.ClassLoader.loadClass(Ljava/lang/String;Z)Ljava/lang/Class;+70
J 613 C1 sun.misc.Launcher$AppClassLoader.loadClass(Ljava/lang/String;Z)Ljava/lang/Class; (85 bytes) @ 0x000002776bb034b4 [0x000002776bb031c0+0x2f4]
J 609 C1 java.lang.ClassLoader.loadClass(Ljava/lang/String;)Ljava/lang/Class; (7 bytes) @ 0x000002776bb0217c [0x000002776bb02120+0x5c]
v  ~StubRoutines::call_stub
J 2406  java.lang.Class.getDeclaredMethods0(Z)[Ljava/lang/reflect/Method; (0 bytes) @ 0x000002776be0af7b [0x000002776be0af40+0x3b]
J 857 C1 java.lang.Class.privateGetDeclaredMethods(Z)[Ljava/lang/reflect/Method; (67 bytes) @ 0x000002776bb7a004 [0x000002776bb79f00+0x104]
J 2930 C1 org.springframework.util.ReflectionUtils.getDeclaredMethods(Ljava/lang/Class;Z)[Ljava/lang/reflect/Method; (209 bytes) @ 0x000002776ba604ec [0x000002776ba60420+0xcc]
J 3079 C1 org.springframework.util.ReflectionUtils.doWithLocalMethods(Ljava/lang/Class;Lorg/springframework/util/ReflectionUtils$MethodCallback;)V (89 bytes) @ 0x000002776bf5142c [0x000002776bf51400+0x2c]
j  org.springframework.orm.jpa.support.PersistenceAnnotationBeanPostProcessor.buildPersistenceMetadata(Ljava/lang/Class;)Lorg/springframework/beans/factory/annotation/InjectionMetadata;+69
j  org.springframework.orm.jpa.support.PersistenceAnnotationBeanPostProcessor.findPersistenceMetadata(Ljava/lang/String;Ljava/lang/Class;Lorg/springframework/beans/PropertyValues;)Lorg/springframework/beans/factory/annotation/InjectionMetadata;+88
j  org.springframework.orm.jpa.support.PersistenceAnnotationBeanPostProcessor.postProcessMergedBeanDefinition(Lorg/springframework/beans/factory/support/RootBeanDefinition;Ljava/lang/Class;Ljava/lang/String;)V+4
j  org.springframework.beans.factory.support.AbstractAutowireCapableBeanFactory.applyMergedBeanDefinitionPostProcessors(Lorg/springframework/beans/factory/support/RootBeanDefinition;Ljava/lang/Class;Ljava/lang/String;)V+41
j  org.springframework.beans.factory.support.AbstractAutowireCapableBeanFactory.doCreateBean(Ljava/lang/String;Lorg/springframework/beans/factory/support/RootBeanDefinition;[Ljava/lang/Object;)Ljava/lang/Object;+90
j  org.springframework.beans.factory.support.AbstractAutowireCapableBeanFactory.createBean(Ljava/lang/String;Lorg/springframework/beans/factory/support/RootBeanDefinition;[Ljava/lang/Object;)Ljava/lang/Object;+169
j  org.springframework.beans.factory.support.AbstractBeanFactory.lambda$doGetBean$0(Ljava/lang/String;Lorg/springframework/beans/factory/support/RootBeanDefinition;[Ljava/lang/Object;)Ljava/lang/Object;+4
j  org.springframework.beans.factory.support.AbstractBeanFactory$$Lambda$204.getObject()Ljava/lang/Object;+16
j  org.springframework.beans.factory.support.DefaultSingletonBeanRegistry.getSingleton(Ljava/lang/String;Lorg/springframework/beans/factory/ObjectFactory;)Ljava/lang/Object;+132
J 2583 C1 org.springframework.beans.factory.support.AbstractBeanFactory.doGetBean(Ljava/lang/String;Ljava/lang/Class;[Ljava/lang/Object;Z)Ljava/lang/Object; (832 bytes) @ 0x000002776be4d7bc [0x000002776be4d1e0+0x5dc]
j  org.springframework.beans.factory.support.AbstractBeanFactory.getBean(Ljava/lang/String;)Ljava/lang/Object;+5
j  org.springframework.beans.factory.config.DependencyDescriptor.resolveCandidate(Ljava/lang/String;Ljava/lang/Class;Lorg/springframework/beans/factory/BeanFactory;)Ljava/lang/Object;+2
j  org.springframework.beans.factory.support.DefaultListableBeanFactory.doResolveDependency(Lorg/springframework/beans/factory/config/DependencyDescriptor;Ljava/lang/String;Ljava/util/Set;Lorg/springframework/beans/TypeConverter;)Ljava/lang/Object;+440
j  org.springframework.beans.factory.support.DefaultListableBeanFactory.resolveDependency(Lorg/springframework/beans/factory/config/DependencyDescriptor;Ljava/lang/String;Ljava/util/Set;Lorg/springframework/beans/TypeConverter;)Ljava/lang/Object;+108
j  org.springframework.beans.factory.support.ConstructorResolver.resolveAutowiredArgument(Lorg/springframework/core/MethodParameter;Ljava/lang/String;Ljava/util/Set;Lorg/springframework/beans/TypeConverter;Z)Ljava/lang/Object;+79
j  org.springframework.beans.factory.support.ConstructorResolver.createArgumentArray(Ljava/lang/String;Lorg/springframework/beans/factory/support/RootBeanDefinition;Lorg/springframework/beans/factory/config/ConstructorArgumentValues;Lorg/springframework/beans/BeanWrapper;[Ljava/lang/Class;[Ljava/lang/String;Ljava/lang/reflect/Executable;ZZ)Lorg/springframework/beans/factory/support/ConstructorResolver$ArgumentsHolder;+434
j  org.springframework.beans.factory.support.ConstructorResolver.instantiateUsingFactoryMethod(Ljava/lang/String;Lorg/springframework/beans/factory/support/RootBeanDefinition;[Ljava/lang/Object;)Lorg/springframework/beans/BeanWrapper;+736
j  org.springframework.beans.factory.support.AbstractAutowireCapableBeanFactory.instantiateUsingFactoryMethod(Ljava/lang/String;Lorg/springframework/beans/factory/support/RootBeanDefinition;[Ljava/lang/Object;)Lorg/springframework/beans/BeanWrapper;+11
j  org.springframework.beans.factory.support.AbstractAutowireCapableBeanFactory.createBeanInstance(Ljava/lang/String;Lorg/springframework/beans/factory/support/RootBeanDefinition;[Ljava/lang/Object;)Lorg/springframework/beans/BeanWrapper;+102
j  org.springframework.beans.factory.support.AbstractAutowireCapableBeanFactory.doCreateBean(Ljava/lang/String;Lorg/springframework/beans/factory/support/RootBeanDefinition;[Ljava/lang/Object;)Ljava/lang/Object;+34
j  org.springframework.beans.factory.support.AbstractAutowireCapableBeanFactory.createBean(Ljava/lang/String;Lorg/springframework/beans/factory/support/RootBeanDefinition;[Ljava/lang/Object;)Ljava/lang/Object;+169
j  org.springframework.beans.factory.support.AbstractBeanFactory.lambda$doGetBean$0(Ljava/lang/String;Lorg/springframework/beans/factory/support/RootBeanDefinition;[Ljava/lang/Object;)Ljava/lang/Object;+4
j  org.springframework.beans.factory.support.AbstractBeanFactory$$Lambda$204.getObject()Ljava/lang/Object;+16
j  org.springframework.beans.factory.support.DefaultSingletonBeanRegistry.getSingleton(Ljava/lang/String;Lorg/springframework/beans/factory/ObjectFactory;)Ljava/lang/Object;+132
J 2583 C1 org.springframework.beans.factory.support.AbstractBeanFactory.doGetBean(Ljava/lang/String;Ljava/lang/Class;[Ljava/lang/Object;Z)Ljava/lang/Object; (832 bytes) @ 0x000002776be4d7bc [0x000002776be4d1e0+0x5dc]
j  org.springframework.beans.factory.support.AbstractBeanFactory.getBean(Ljava/lang/String;)Ljava/lang/Object;+5
j  org.springframework.beans.factory.config.DependencyDescriptor.resolveCandidate(Ljava/lang/String;Ljava/lang/Class;Lorg/springframework/beans/factory/BeanFactory;)Ljava/lang/Object;+2
j  org.springframework.beans.factory.support.DefaultListableBeanFactory.doResolveDependency(Lorg/springframework/beans/factory/config/DependencyDescriptor;Ljava/lang/String;Ljava/util/Set;Lorg/springframework/beans/TypeConverter;)Ljava/lang/Object;+440
j  org.springframework.beans.factory.support.DefaultListableBeanFactory.resolveDependency(Lorg/springframework/beans/factory/config/DependencyDescriptor;Ljava/lang/String;Ljava/util/Set;Lorg/springframework/beans/TypeConverter;)Ljava/lang/Object;+108
j  org.springframework.beans.factory.support.ConstructorResolver.resolveAutowiredArgument(Lorg/springframework/core/MethodParameter;Ljava/lang/String;Ljava/util/Set;Lorg/springframework/beans/TypeConverter;Z)Ljava/lang/Object;+79
j  org.springframework.beans.factory.support.ConstructorResolver.createArgumentArray(Ljava/lang/String;Lorg/springframework/beans/factory/support/RootBeanDefinition;Lorg/springframework/beans/factory/config/ConstructorArgumentValues;Lorg/springframework/beans/BeanWrapper;[Ljava/lang/Class;[Ljava/lang/String;Ljava/lang/reflect/Executable;ZZ)Lorg/springframework/beans/factory/support/ConstructorResolver$ArgumentsHolder;+434
j  org.springframework.beans.factory.support.ConstructorResolver.instantiateUsingFactoryMethod(Ljava/lang/String;Lorg/springframework/beans/factory/support/RootBeanDefinition;[Ljava/lang/Object;)Lorg/springframework/beans/BeanWrapper;+736
j  org.springframework.beans.factory.support.AbstractAutowireCapableBeanFactory.instantiateUsingFactoryMethod(Ljava/lang/String;Lorg/springframework/beans/factory/support/RootBeanDefinition;[Ljava/lang/Object;)Lorg/springframework/beans/BeanWrapper;+11
j  org.springframework.beans.factory.support.AbstractAutowireCapableBeanFactory.createBeanInstance(Ljava/lang/String;Lorg/springframework/beans/factory/support/RootBeanDefinition;[Ljava/lang/Object;)Lorg/springframework/beans/BeanWrapper;+102
j  org.springframework.beans.factory.support.AbstractAutowireCapableBeanFactory.doCreateBean(Ljava/lang/String;Lorg/springframework/beans/factory/support/RootBeanDefinition;[Ljava/lang/Object;)Ljava/lang/Object;+34
j  org.springframework.beans.factory.support.AbstractAutowireCapableBeanFactory.createBean(Ljava/lang/String;Lorg/springframework/beans/factory/support/RootBeanDefinition;[Ljava/lang/Object;)Ljava/lang/Object;+169
j  org.springframework.beans.factory.support.AbstractBeanFactory.lambda$doGetBean$0(Ljava/lang/String;Lorg/springframework/beans/factory/support/RootBeanDefinition;[Ljava/lang/Object;)Ljava/lang/Object;+4
j  org.springframework.beans.factory.support.AbstractBeanFactory$$Lambda$204.getObject()Ljava/lang/Object;+16
j  org.springframework.beans.factory.support.DefaultSingletonBeanRegistry.getSingleton(Ljava/lang/String;Lorg/springframework/beans/factory/ObjectFactory;)Ljava/lang/Object;+132
J 2583 C1 org.springframework.beans.factory.support.AbstractBeanFactory.doGetBean(Ljava/lang/String;Ljava/lang/Class;[Ljava/lang/Object;Z)Ljava/lang/Object; (832 bytes) @ 0x000002776be4d7bc [0x000002776be4d1e0+0x5dc]
j  org.springframework.beans.factory.support.AbstractBeanFactory.getBean(Ljava/lang/String;)Ljava/lang/Object;+5
j  org.springframework.beans.factory.support.DefaultListableBeanFactory.getBeansOfType(Ljava/lang/Class;ZZ)Ljava/util/Map;+46
j  org.springframework.boot.web.server.ErrorPageRegistrarBeanPostProcessor.getRegistrars()Ljava/util/Collection;+20
j  org.springframework.boot.web.server.ErrorPageRegistrarBeanPostProcessor.postProcessBeforeInitialization(Lorg/springframework/boot/web/server/ErrorPageRegistry;)V+1
j  org.springframework.boot.web.server.ErrorPageRegistrarBeanPostProcessor.postProcessBeforeInitialization(Ljava/lang/Object;Ljava/lang/String;)Ljava/lang/Object;+12
j  org.springframework.beans.factory.support.AbstractAutowireCapableBeanFactory.applyBeanPostProcessorsBeforeInitialization(Ljava/lang/Object;Ljava/lang/String;)Ljava/lang/Object;+39
j  org.springframework.beans.factory.support.AbstractAutowireCapableBeanFactory.initializeBean(Ljava/lang/String;Ljava/lang/Object;Lorg/springframework/beans/factory/support/RootBeanDefinition;)Ljava/lang/Object;+49
j  org.springframework.beans.factory.support.AbstractAutowireCapableBeanFactory.doCreateBean(Ljava/lang/String;Lorg/springframework/beans/factory/support/RootBeanDefinition;[Ljava/lang/Object;)Ljava/lang/Object;+245
j  org.springframework.beans.factory.support.AbstractAutowireCapableBeanFactory.createBean(Ljava/lang/String;Lorg/springframework/beans/factory/support/RootBeanDefinition;[Ljava/lang/Object;)Ljava/lang/Object;+169
j  org.springframework.beans.factory.support.AbstractBeanFactory.lambda$doGetBean$0(Ljava/lang/String;Lorg/springframework/beans/factory/support/RootBeanDefinition;[Ljava/lang/Object;)Ljava/lang/Object;+4
j  org.springframework.beans.factory.support.AbstractBeanFactory$$Lambda$204.getObject()Ljava/lang/Object;+16
j  org.springframework.beans.factory.support.DefaultSingletonBeanRegistry.getSingleton(Ljava/lang/String;Lorg/springframework/beans/factory/ObjectFactory;)Ljava/lang/Object;+132
J 2583 C1 org.springframework.beans.factory.support.AbstractBeanFactory.doGetBean(Ljava/lang/String;Ljava/lang/Class;[Ljava/lang/Object;Z)Ljava/lang/Object; (832 bytes) @ 0x000002776be4d7bc [0x000002776be4d1e0+0x5dc]
J 2250 C1 org.springframework.beans.factory.support.AbstractBeanFactory.getBean(Ljava/lang/String;Ljava/lang/Class;)Ljava/lang/Object; (9 bytes) @ 0x000002776bdc5d04 [0x000002776bdc5ca0+0x64]
j  org.springframework.boot.web.servlet.context.ServletWebServerApplicationContext.getWebServerFactory()Lorg/springframework/boot/web/servlet/server/ServletWebServerFactory;+72
j  org.springframework.boot.web.servlet.context.ServletWebServerApplicationContext.createWebServer()V+31
j  org.springframework.boot.web.servlet.context.ServletWebServerApplicationContext.onRefresh()V+5
j  org.springframework.context.support.AbstractApplicationContext.refresh()V+77
j  org.springframework.boot.web.servlet.context.ServletWebServerApplicationContext.refresh()V+1
j  org.springframework.boot.SpringApplication.refresh(Lorg/springframework/context/ConfigurableApplicationContext;)V+1
j  org.springframework.boot.SpringApplication.refreshContext(Lorg/springframework/context/ConfigurableApplicationContext;)V+16
j  org.springframework.boot.SpringApplication.run([Ljava/lang/String;)Lorg/springframework/context/ConfigurableApplicationContext;+111
j  org.springframework.boot.SpringApplication.run([Ljava/lang/Class;[Ljava/lang/String;)Lorg/springframework/context/ConfigurableApplicationContext;+9
j  org.springframework.boot.SpringApplication.run(Ljava/lang/Class;[Ljava/lang/String;)Lorg/springframework/context/ConfigurableApplicationContext;+9
j  com.example.KinoCMS.Application.main([Ljava/lang/String;)V+3
v  ~StubRoutines::call_stub
j  sun.reflect.NativeMethodAccessorImpl.invoke0(Ljava/lang/reflect/Method;Ljava/lang/Object;[Ljava/lang/Object;)Ljava/lang/Object;+0
j  sun.reflect.NativeMethodAccessorImpl.invoke(Ljava/lang/Object;[Ljava/lang/Object;)Ljava/lang/Object;+100
j  sun.reflect.DelegatingMethodAccessorImpl.invoke(Ljava/lang/Object;[Ljava/lang/Object;)Ljava/lang/Object;+6
j  java.lang.reflect.Method.invoke(Ljava/lang/Object;[Ljava/lang/Object;)Ljava/lang/Object;+56
j  org.springframework.boot.devtools.restart.RestartLauncher.run()V+42
v  ~StubRoutines::call_stub

---------------  P R O C E S S  ---------------

Java Threads: ( => current thread )
  0x0000027700c07800 JavaThread "JMX server connection timeout 38" daemon [_thread_blocked, id=9092, stack(0x000000d90b100000,0x000000d90b200000)]
=>0x000002777f34d000 JavaThread "restartedMain" [_thread_in_vm, id=9164, stack(0x000000d90b000000,0x000000d90b100000)]
  0x000002777d81a800 JavaThread "Thread-2" [_thread_blocked, id=3456, stack(0x000000d90af00000,0x000000d90b000000)]
  0x000002777ea7d800 JavaThread "RMI Scheduler(0)" daemon [_thread_blocked, id=8532, stack(0x000000d90ae00000,0x000000d90af00000)]
  0x000002777f2fe000 JavaThread "RMI TCP Connection(1)-192.168.1.53" daemon [_thread_in_native, id=8664, stack(0x000000d90ad00000,0x000000d90ae00000)]
  0x000002777f03e000 JavaThread "RMI TCP Accept-0" daemon [_thread_in_native, id=8720, stack(0x000000d90ab00000,0x000000d90ac00000)]
  0x000002777ed8f000 JavaThread "Service Thread" daemon [_thread_blocked, id=7376, stack(0x000000d90aa00000,0x000000d90ab00000)]
  0x000002777ed37000 JavaThread "C1 CompilerThread2" daemon [_thread_blocked, id=6508, stack(0x000000d90a900000,0x000000d90aa00000)]
  0x000002777ecaf000 JavaThread "C2 CompilerThread1" daemon [_thread_blocked, id=5196, stack(0x000000d90a800000,0x000000d90a900000)]
  0x000002777ecbf000 JavaThread "C2 CompilerThread0" daemon [_thread_blocked, id=2200, stack(0x000000d90a700000,0x000000d90a800000)]
  0x000002777d776800 JavaThread "JDWP Command Reader" daemon [_thread_in_native, id=9140, stack(0x000000d90a600000,0x000000d90a700000)]
  0x000002777d774800 JavaThread "JDWP Event Helper Thread" daemon [_thread_blocked, id=6672, stack(0x000000d90a500000,0x000000d90a600000)]
  0x000002777d76d800 JavaThread "JDWP Transport Listener: dt_socket" daemon [_thread_blocked, id=6852, stack(0x000000d90a400000,0x000000d90a500000)]
  0x000002777d755800 JavaThread "Attach Listener" daemon [_thread_blocked, id=4204, stack(0x000000d90a300000,0x000000d90a400000)]
  0x000002777d75d000 JavaThread "Signal Dispatcher" daemon [_thread_blocked, id=3248, stack(0x000000d90a200000,0x000000d90a300000)]
  0x000002777d729800 JavaThread "Finalizer" daemon [_thread_blocked, id=7568, stack(0x000000d90a100000,0x000000d90a200000)]
  0x000002777d728800 JavaThread "Reference Handler" daemon [_thread_blocked, id=6228, stack(0x000000d90a000000,0x000000d90a100000)]
  0x000002776a005800 JavaThread "main" [_thread_blocked, id=2952, stack(0x000000d909a00000,0x000000d909b00000)]

Other Threads:
  0x000002777d6fb000 VMThread [stack: 0x000000d909f00000,0x000000d90a000000] [id=7344]
  0x000002777f048800 WatcherThread [stack: 0x000000d90ac00000,0x000000d90ad00000] [id=8712]

VM state:synchronizing (normal execution)

VM Mutex/Monitor currently owned by a thread:  ([mutex/lock_event])
[0x000002776a004420] Threads_lock - owner thread: 0x000002777d6fb000

heap address: 0x00000000c8400000, size: 892 MB, Compressed Oops mode: 32-bit
Narrow klass base: 0x0000000000000000, Narrow klass shift: 3
Compressed class space size: 1073741824 Address: 0x0000000100000000

Heap:
 PSYoungGen      total 124416K, used 103324K [0x00000000ed700000, 0x00000000f9400000, 0x0000000100000000)
  eden space 116736K, 81% used [0x00000000ed700000,0x00000000f346d0b8,0x00000000f4900000)
  from space 7680K, 99% used [0x00000000f4900000,0x00000000f507a2a0,0x00000000f5080000)
  to   space 8704K, 0% used [0x00000000f8b80000,0x00000000f8b80000,0x00000000f9400000)
 ParOldGen       total 27136K, used 7208K [0x00000000c8400000, 0x00000000c9e80000, 0x00000000ed700000)
  object space 27136K, 26% used [0x00000000c8400000,0x00000000c8b0a348,0x00000000c9e80000)
 Metaspace       used 29664K, capacity 31792K, committed 32000K, reserved 1077248K
  class space    used 4166K, capacity 4596K, committed 4608K, reserved 1048576K

Card table byte_map: [0x000002777acc0000,0x000002777ae80000] byte_map_base: 0x000002777a67e000

Marking Bits: (ParMarkBitMap*) 0x0000000065a47fe0
 Begin Bits: [0x000002777afb0000, 0x000002777bda0000)
 End Bits:   [0x000002777bda0000, 0x000002777cb90000)

Polling page: 0x000002776a0f0000

CodeCache: size=245760Kb used=6577Kb max_used=6577Kb free=239182Kb
 bounds [0x000002776b900000, 0x000002776bf70000, 0x000002777a900000]
 total_blobs=3518 nmethods=3112 adapters=327
 compilation: enabled

Compilation events (10 events):
Event: 14.155 Thread 0x000002777ed37000 3123       1       org.springframework.core.MethodClassKey::hashCode (30 bytes)
Event: 14.156 Thread 0x000002777ed37000 nmethod 3123 0x000002776bf67cd0 code [0x000002776bf67e60, 0x000002776bf680a0]
Event: 14.156 Thread 0x000002777ed37000 3121       1       org.springframework.core.ResolvableType::getNested (121 bytes)
Event: 14.157 Thread 0x000002777ed37000 nmethod 3121 0x000002776bf68290 code [0x000002776bf68480, 0x000002776bf68a30]
Event: 14.157 Thread 0x000002777ed37000 3120       1       org.springframework.core.SerializableTypeWrapper$MethodParameterTypeProvider::<init> (59 bytes)
Event: 14.158 Thread 0x000002777ed37000 nmethod 3120 0x000002776bf69010 code [0x000002776bf691a0, 0x000002776bf694c0]
Event: 14.158 Thread 0x000002777ed37000 3118       1       org.springframework.core.MethodParameter::<init> (8 bytes)
Event: 14.158 Thread 0x000002777ed37000 nmethod 3118 0x000002776bf69650 code [0x000002776bf697e0, 0x000002776bf69b70]
Event: 14.159 Thread 0x000002777ed37000 3122       1       org.springframework.boot.origin.OriginLookup::isImmutable (2 bytes)
Event: 14.159 Thread 0x000002777ed37000 nmethod 3122 0x000002776bf6a0d0 code [0x000002776bf6a220, 0x000002776bf6a338]

GC Heap History (10 events):
Event: 8.060 GC heap before
{Heap before GC invocations=6 (full 0):
 PSYoungGen      total 31744K, used 31720K [0x00000000ed700000, 0x00000000f1a00000, 0x0000000100000000)
  eden space 29696K, 100% used [0x00000000ed700000,0x00000000ef400000,0x00000000ef400000)
  from space 2048K, 98% used [0x00000000ef400000,0x00000000ef5fa120,0x00000000ef600000)
  to   space 4608K, 0% used [0x00000000f1580000,0x00000000f1580000,0x00000000f1a00000)
 ParOldGen       total 38400K, used 4689K [0x00000000c8400000, 0x00000000ca980000, 0x00000000ed700000)
  object space 38400K, 12% used [0x00000000c8400000,0x00000000c88944d0,0x00000000ca980000)
 Metaspace       used 15288K, capacity 15970K, committed 16000K, reserved 1062912K
  class space    used 1991K, capacity 2158K, committed 2176K, reserved 1048576K
Event: 8.074 GC heap after
Heap after GC invocations=6 (full 0):
 PSYoungGen      total 62976K, used 4605K [0x00000000ed700000, 0x00000000f1c00000, 0x0000000100000000)
  eden space 58368K, 0% used [0x00000000ed700000,0x00000000ed700000,0x00000000f1000000)
  from space 4608K, 99% used [0x00000000f1580000,0x00000000f19ff798,0x00000000f1a00000)
  to   space 5632K, 0% used [0x00000000f1000000,0x00000000f1000000,0x00000000f1580000)
 ParOldGen       total 38400K, used 5400K [0x00000000c8400000, 0x00000000ca980000, 0x00000000ed700000)
  object space 38400K, 14% used [0x00000000c8400000,0x00000000c8946338,0x00000000ca980000)
 Metaspace       used 15288K, capacity 15970K, committed 16000K, reserved 1062912K
  class space    used 1991K, capacity 2158K, committed 2176K, reserved 1048576K
}
Event: 9.053 GC heap before
{Heap before GC invocations=7 (full 0):
 PSYoungGen      total 62976K, used 62973K [0x00000000ed700000, 0x00000000f1c00000, 0x0000000100000000)
  eden space 58368K, 100% used [0x00000000ed700000,0x00000000f1000000,0x00000000f1000000)
  from space 4608K, 99% used [0x00000000f1580000,0x00000000f19ff798,0x00000000f1a00000)
  to   space 5632K, 0% used [0x00000000f1000000,0x00000000f1000000,0x00000000f1580000)
 ParOldGen       total 38400K, used 5400K [0x00000000c8400000, 0x00000000ca980000, 0x00000000ed700000)
  object space 38400K, 14% used [0x00000000c8400000,0x00000000c8946338,0x00000000ca980000)
 Metaspace       used 19350K, capacity 20258K, committed 20608K, reserved 1067008K
  class space    used 2627K, capacity 2864K, committed 2944K, reserved 1048576K
Event: 9.074 GC heap after
Heap after GC invocations=7 (full 0):
 PSYoungGen      total 64000K, used 5626K [0x00000000ed700000, 0x00000000f5800000, 0x0000000100000000)
  eden space 58368K, 0% used [0x00000000ed700000,0x00000000ed700000,0x00000000f1000000)
  from space 5632K, 99% used [0x00000000f1000000,0x00000000f157e980,0x00000000f1580000)
  to   space 7680K, 0% used [0x00000000f5080000,0x00000000f5080000,0x00000000f5800000)
 ParOldGen       total 38400K, used 7514K [0x00000000c8400000, 0x00000000ca980000, 0x00000000ed700000)
  object space 38400K, 19% used [0x00000000c8400000,0x00000000c8b56a10,0x00000000ca980000)
 Metaspace       used 19350K, capacity 20258K, committed 20608K, reserved 1067008K
  class space    used 2627K, capacity 2864K, committed 2944K, reserved 1048576K
}
Event: 9.396 GC heap before
{Heap before GC invocations=8 (full 0):
 PSYoungGen      total 64000K, used 24378K [0x00000000ed700000, 0x00000000f5800000, 0x0000000100000000)
  eden space 58368K, 32% used [0x00000000ed700000,0x00000000ee94fff8,0x00000000f1000000)
  from space 5632K, 99% used [0x00000000f1000000,0x00000000f157e980,0x00000000f1580000)
  to   space 7680K, 0% used [0x00000000f5080000,0x00000000f5080000,0x00000000f5800000)
 ParOldGen       total 38400K, used 7514K [0x00000000c8400000, 0x00000000ca980000, 0x00000000ed700000)
  object space 38400K, 19% used [0x00000000c8400000,0x00000000c8b56a10,0x00000000ca980000)
 Metaspace       used 20225K, capacity 21164K, committed 21248K, reserved 1067008K
  class space    used 2755K, capacity 3007K, committed 3072K, reserved 1048576K
Event: 9.407 GC heap after
Heap after GC invocations=8 (full 0):
 PSYoungGen      total 124416K, used 4189K [0x00000000ed700000, 0x00000000f5800000, 0x0000000100000000)
  eden space 116736K, 0% used [0x00000000ed700000,0x00000000ed700000,0x00000000f4900000)
  from space 7680K, 54% used [0x00000000f5080000,0x00000000f54975d0,0x00000000f5800000)
  to   space 7680K, 0% used [0x00000000f4900000,0x00000000f4900000,0x00000000f5080000)
 ParOldGen       total 38400K, used 7770K [0x00000000c8400000, 0x00000000ca980000, 0x00000000ed700000)
  object space 38400K, 20% used [0x00000000c8400000,0x00000000c8b96a30,0x00000000ca980000)
 Metaspace       used 20225K, capacity 21164K, committed 21248K, reserved 1067008K
  class space    used 2755K, capacity 3007K, committed 3072K, reserved 1048576K
}
Event: 9.407 GC heap before
{Heap before GC invocations=9 (full 1):
 PSYoungGen      total 124416K, used 4189K [0x00000000ed700000, 0x00000000f5800000, 0x0000000100000000)
  eden space 116736K, 0% used [0x00000000ed700000,0x00000000ed700000,0x00000000f4900000)
  from space 7680K, 54% used [0x00000000f5080000,0x00000000f54975d0,0x00000000f5800000)
  to   space 7680K, 0% used [0x00000000f4900000,0x00000000f4900000,0x00000000f5080000)
 ParOldGen       total 38400K, used 7770K [0x00000000c8400000, 0x00000000ca980000, 0x00000000ed700000)
  object space 38400K, 20% used [0x00000000c8400000,0x00000000c8b96a30,0x00000000ca980000)
 Metaspace       used 20225K, capacity 21164K, committed 21248K, reserved 1067008K
  class space    used 2755K, capacity 3007K, committed 3072K, reserved 1048576K
Event: 9.483 GC heap after
Heap after GC invocations=9 (full 1):
 PSYoungGen      total 124416K, used 0K [0x00000000ed700000, 0x00000000f5800000, 0x0000000100000000)
  eden space 116736K, 0% used [0x00000000ed700000,0x00000000ed700000,0x00000000f4900000)
  from space 7680K, 0% used [0x00000000f5080000,0x00000000f5080000,0x00000000f5800000)
  to   space 7680K, 0% used [0x00000000f4900000,0x00000000f4900000,0x00000000f5080000)
 ParOldGen       total 27136K, used 7094K [0x00000000c8400000, 0x00000000c9e80000, 0x00000000ed700000)
  object space 27136K, 26% used [0x00000000c8400000,0x00000000c8aedb40,0x00000000c9e80000)
 Metaspace       used 20225K, capacity 21164K, committed 21248K, reserved 1067008K
  class space    used 2755K, capacity 3007K, committed 3072K, reserved 1048576K
}
Event: 11.330 GC heap before
{Heap before GC invocations=10 (full 1):
 PSYoungGen      total 124416K, used 116736K [0x00000000ed700000, 0x00000000f5800000, 0x0000000100000000)
  eden space 116736K, 100% used [0x00000000ed700000,0x00000000f4900000,0x00000000f4900000)
  from space 7680K, 0% used [0x00000000f5080000,0x00000000f5080000,0x00000000f5800000)
  to   space 7680K, 0% used [0x00000000f4900000,0x00000000f4900000,0x00000000f5080000)
 ParOldGen       total 27136K, used 7094K [0x00000000c8400000, 0x00000000c9e80000, 0x00000000ed700000)
  object space 27136K, 26% used [0x00000000c8400000,0x00000000c8aedb40,0x00000000c9e80000)
 Metaspace       used 24512K, capacity 25758K, committed 25984K, reserved 1071104K
  class space    used 3325K, capacity 3615K, committed 3712K, reserved 1048576K
Event: 11.349 GC heap after
Heap after GC invocations=10 (full 1):
 PSYoungGen      total 124416K, used 7656K [0x00000000ed700000, 0x00000000f9400000, 0x0000000100000000)
  eden space 116736K, 0% used [0x00000000ed700000,0x00000000ed700000,0x00000000f4900000)
  from space 7680K, 99% used [0x00000000f4900000,0x00000000f507a2a0,0x00000000f5080000)
  to   space 8704K, 0% used [0x00000000f8b80000,0x00000000f8b80000,0x00000000f9400000)
 ParOldGen       total 27136K, used 7208K [0x00000000c8400000, 0x00000000c9e80000, 0x00000000ed700000)
  object space 27136K, 26% used [0x00000000c8400000,0x00000000c8b0a348,0x00000000c9e80000)
 Metaspace       used 24512K, capacity 25758K, committed 25984K, reserved 1071104K
  class space    used 3325K, capacity 3615K, committed 3712K, reserved 1048576K
}

Deoptimization events (0 events):
No events

Classes redefined (0 events):
No events

Internal exceptions (10 events):
Event: 14.019 Thread 0x000002777f34d000 Exception <a 'java/lang/ArrayIndexOutOfBoundsException'> (0x00000000f2ed9480) thrown at [C:\jenkins\workspace\8-2-build-windows-amd64-cygwin\jdk8u291\1294\hotspot\src\share\vm\runtime\sharedRuntime.cpp, line 609]
Event: 14.023 Thread 0x000002777f34d000 Exception <a 'java/lang/ArrayIndexOutOfBoundsException'> (0x00000000f2ef7f10) thrown at [C:\jenkins\workspace\8-2-build-windows-amd64-cygwin\jdk8u291\1294\hotspot\src\share\vm\runtime\sharedRuntime.cpp, line 609]
Event: 14.029 Thread 0x000002777f34d000 Exception <a 'java/lang/ArrayIndexOutOfBoundsException'> (0x00000000f2f2e410) thrown at [C:\jenkins\workspace\8-2-build-windows-amd64-cygwin\jdk8u291\1294\hotspot\src\share\vm\runtime\sharedRuntime.cpp, line 609]
Event: 14.061 Thread 0x000002777f34d000 Exception <a 'java/lang/ArrayIndexOutOfBoundsException'> (0x00000000f2ff81b0) thrown at [C:\jenkins\workspace\8-2-build-windows-amd64-cygwin\jdk8u291\1294\hotspot\src\share\vm\runtime\sharedRuntime.cpp, line 609]
Event: 14.061 Thread 0x000002777f34d000 Exception <a 'java/lang/ArrayIndexOutOfBoundsException'> (0x00000000f2ff94f8) thrown at [C:\jenkins\workspace\8-2-build-windows-amd64-cygwin\jdk8u291\1294\hotspot\src\share\vm\runtime\sharedRuntime.cpp, line 609]
Event: 14.063 Thread 0x000002777f34d000 Exception <a 'java/lang/ArrayIndexOutOfBoundsException'> (0x00000000f3007c30) thrown at [C:\jenkins\workspace\8-2-build-windows-amd64-cygwin\jdk8u291\1294\hotspot\src\share\vm\runtime\sharedRuntime.cpp, line 609]
Event: 14.086 Thread 0x000002777f34d000 Exception <a 'java/lang/IncompatibleClassChangeError': Found class java.lang.Object, but interface was expected> (0x00000000f30b7a18) thrown at [C:\jenkins\workspace\8-2-build-windows-amd64-cygwin\jdk8u291\1294\hotspot\src\share\vm\interpreter\linkResolve
Event: 14.087 Thread 0x000002777f34d000 Exception <a 'java/lang/ArrayIndexOutOfBoundsException'> (0x00000000f30bd520) thrown at [C:\jenkins\workspace\8-2-build-windows-amd64-cygwin\jdk8u291\1294\hotspot\src\share\vm\runtime\sharedRuntime.cpp, line 609]
Event: 14.089 Thread 0x000002777f34d000 Exception <a 'java/lang/ArrayIndexOutOfBoundsException'> (0x00000000f30ca000) thrown at [C:\jenkins\workspace\8-2-build-windows-amd64-cygwin\jdk8u291\1294\hotspot\src\share\vm\runtime\sharedRuntime.cpp, line 609]
Event: 14.129 Thread 0x000002777f34d000 Exception <a 'java/lang/ArrayIndexOutOfBoundsException'> (0x00000000f31e0208) thrown at [C:\jenkins\workspace\8-2-build-windows-amd64-cygwin\jdk8u291\1294\hotspot\src\share\vm\runtime\sharedRuntime.cpp, line 609]

Events (10 events):
Event: 14.162 Thread 0x000002777f34d000 DEOPT PACKING pc=0x000002776bad2744 sp=0x000000d90b0f2850
Event: 14.162 Thread 0x000002777f34d000 DEOPT UNPACKING pc=0x000002776b947498 sp=0x000000d90b0f2670 mode 1
Event: 14.165 loading class javax/servlet/http/HttpServletRequest
Event: 14.165 loading class javax/servlet/http/HttpServletRequest done
Event: 14.165 Thread 0x000002777f34d000 DEOPT PACKING pc=0x000002776bb17049 sp=0x000000d90b0fadf0
Event: 14.165 Thread 0x000002777f34d000 DEOPT UNPACKING pc=0x000002776b947498 sp=0x000000d90b0fab40 mode 1
Event: 14.165 Thread 0x000002777f34d000 DEOPT PACKING pc=0x000002776bad2804 sp=0x000000d90b0fae70
Event: 14.165 Thread 0x000002777f34d000 DEOPT UNPACKING pc=0x000002776b947498 sp=0x000000d90b0fac90 mode 1
Event: 14.165 Thread 0x000002777f34d000 DEOPT PACKING pc=0x000002776bad2744 sp=0x000000d90b0fb000
Event: 14.165 Thread 0x000002777f34d000 DEOPT UNPACKING pc=0x000002776b947498 sp=0x000000d90b0fae20 mode 1


Dynamic libraries:
0x00007ff7f86f0000 - 0x00007ff7f8737000 	C:\Program Files\Java\jdk1.8.0_291\bin\java.exe
0x00007ffe649e0000 - 0x00007ffe64bd0000 	C:\WINDOWS\SYSTEM32\ntdll.dll
0x00007ffe62a90000 - 0x00007ffe62b42000 	C:\WINDOWS\System32\KERNEL32.DLL
0x00007ffe62490000 - 0x00007ffe62735000 	C:\WINDOWS\System32\KERNELBASE.dll
0x00007ffe62e60000 - 0x00007ffe62f03000 	C:\WINDOWS\System32\ADVAPI32.dll
0x00007ffe63940000 - 0x00007ffe639de000 	C:\WINDOWS\System32\msvcrt.dll
0x00007ffe646d0000 - 0x00007ffe64767000 	C:\WINDOWS\System32\sechost.dll
0x00007ffe63460000 - 0x00007ffe6357f000 	C:\WINDOWS\System32\RPCRT4.dll
0x00007ffe62b50000 - 0x00007ffe62ce4000 	C:\WINDOWS\System32\USER32.dll
0x00007ffe61c90000 - 0x00007ffe61cb1000 	C:\WINDOWS\System32\win32u.dll
0x00007ffe641c0000 - 0x00007ffe641e6000 	C:\WINDOWS\System32\GDI32.dll
0x00007ffe61950000 - 0x00007ffe61ae8000 	C:\WINDOWS\System32\gdi32full.dll
0x00007ffe61bf0000 - 0x00007ffe61c8e000 	C:\WINDOWS\System32\msvcp_win.dll
0x00007ffe61af0000 - 0x00007ffe61bea000 	C:\WINDOWS\System32\ucrtbase.dll
0x00007ffe52f50000 - 0x00007ffe531d4000 	C:\WINDOWS\WinSxS\amd64_microsoft.windows.common-controls_6595b64144ccf1df_6.0.18362.1556_none_9e7e372fe45e41d5\COMCTL32.dll
0x00007ffe63580000 - 0x00007ffe638b6000 	C:\WINDOWS\System32\combase.dll
0x00007ffe62740000 - 0x00007ffe627c1000 	C:\WINDOWS\System32\bcryptPrimitives.dll
0x00007ffe62cf0000 - 0x00007ffe62d1e000 	C:\WINDOWS\System32\IMM32.DLL
0x00007ffe53bb0000 - 0x00007ffe53bc5000 	C:\Program Files\Java\jdk1.8.0_291\jre\bin\vcruntime140.dll
0x00007ffe3e690000 - 0x00007ffe3e72b000 	C:\Program Files\Java\jdk1.8.0_291\jre\bin\msvcp140.dll
0x0000000065260000 - 0x0000000065ac0000 	C:\Program Files\Java\jdk1.8.0_291\jre\bin\server\jvm.dll
0x00007ffe62f10000 - 0x00007ffe62f18000 	C:\WINDOWS\System32\PSAPI.DLL
0x00007ffe34990000 - 0x00007ffe34999000 	C:\WINDOWS\SYSTEM32\WSOCK32.dll
0x00007ffe64930000 - 0x00007ffe6499f000 	C:\WINDOWS\System32\WS2_32.dll
0x00007ffe5e520000 - 0x00007ffe5e544000 	C:\WINDOWS\SYSTEM32\WINMM.dll
0x00007ffe5a990000 - 0x00007ffe5a99a000 	C:\WINDOWS\SYSTEM32\VERSION.dll
0x00007ffe5e4f0000 - 0x00007ffe5e51d000 	C:\WINDOWS\SYSTEM32\WINMMBASE.dll
0x00007ffe61cc0000 - 0x00007ffe61d0a000 	C:\WINDOWS\System32\cfgmgr32.dll
0x00007ffe618a0000 - 0x00007ffe618b1000 	C:\WINDOWS\System32\kernel.appcore.dll
0x00007ffe50d90000 - 0x00007ffe50da0000 	C:\Program Files\Java\jdk1.8.0_291\jre\bin\verify.dll
0x00007ffe4b900000 - 0x00007ffe4b92b000 	C:\Program Files\Java\jdk1.8.0_291\jre\bin\java.dll
0x00007ffe3f480000 - 0x00007ffe3f4b6000 	C:\Program Files\Java\jdk1.8.0_291\jre\bin\jdwp.dll
0x00007ffe50d80000 - 0x00007ffe50d89000 	C:\Program Files\Java\jdk1.8.0_291\jre\bin\npt.dll
0x00007ffe39b90000 - 0x00007ffe39bc0000 	C:\Program Files\Java\jdk1.8.0_291\jre\bin\instrument.dll
0x00007ffe4b9a0000 - 0x00007ffe4b9b8000 	C:\Program Files\Java\jdk1.8.0_291\jre\bin\zip.dll
0x00007ffe639e0000 - 0x00007ffe640c7000 	C:\WINDOWS\System32\SHELL32.dll
0x00007ffe64620000 - 0x00007ffe646c8000 	C:\WINDOWS\System32\shcore.dll
0x00007ffe61d10000 - 0x00007ffe6248b000 	C:\WINDOWS\System32\windows.storage.dll
0x00007ffe61930000 - 0x00007ffe6194e000 	C:\WINDOWS\System32\profapi.dll
0x00007ffe618e0000 - 0x00007ffe6192a000 	C:\WINDOWS\System32\powrprof.dll
0x00007ffe61890000 - 0x00007ffe618a0000 	C:\WINDOWS\System32\UMPDC.dll
0x00007ffe64460000 - 0x00007ffe644b2000 	C:\WINDOWS\System32\shlwapi.dll
0x00007ffe62a40000 - 0x00007ffe62a57000 	C:\WINDOWS\System32\cryptsp.dll
0x00007ffe4b8f0000 - 0x00007ffe4b8fa000 	C:\Program Files\Java\jdk1.8.0_291\jre\bin\dt_socket.dll
0x00007ffe610d0000 - 0x00007ffe61137000 	C:\WINDOWS\system32\mswsock.dll
0x00007ffe4b710000 - 0x00007ffe4b72c000 	C:\Program Files\Java\jdk1.8.0_291\jre\bin\net.dll
0x00007ffe60e20000 - 0x00007ffe60eeb000 	C:\WINDOWS\SYSTEM32\DNSAPI.dll
0x00007ffe64920000 - 0x00007ffe64928000 	C:\WINDOWS\System32\NSI.dll
0x00007ffe60de0000 - 0x00007ffe60e1a000 	C:\WINDOWS\SYSTEM32\IPHLPAPI.DLL
0x00007ffe572e0000 - 0x00007ffe572ea000 	C:\Windows\System32\rasadhlp.dll
0x00007ffe58780000 - 0x00007ffe587f7000 	C:\WINDOWS\System32\fwpuclnt.dll
0x00007ffe62a60000 - 0x00007ffe62a86000 	C:\WINDOWS\System32\bcrypt.dll
0x00007ffe3e680000 - 0x00007ffe3e68d000 	C:\Program Files\Java\jdk1.8.0_291\jre\bin\management.dll
0x00007ffe41040000 - 0x00007ffe41053000 	C:\Program Files\Java\jdk1.8.0_291\jre\bin\nio.dll
0x00007ffe60c50000 - 0x00007ffe60c83000 	C:\WINDOWS\system32\rsaenh.dll
0x00007ffe61780000 - 0x00007ffe617a5000 	C:\WINDOWS\SYSTEM32\USERENV.dll
0x00007ffe612a0000 - 0x00007ffe612ac000 	C:\WINDOWS\SYSTEM32\CRYPTBASE.dll
0x00007ffe58860000 - 0x00007ffe58876000 	C:\WINDOWS\SYSTEM32\dhcpcsvc6.DLL
0x00007ffe597a0000 - 0x00007ffe597bc000 	C:\WINDOWS\SYSTEM32\dhcpcsvc.DLL
0x00007ffe54340000 - 0x00007ffe54356000 	C:\WINDOWS\system32\napinsp.dll
0x00007ffe542f0000 - 0x00007ffe5430a000 	C:\WINDOWS\system32\pnrpnsp.dll
0x00007ffe542e0000 - 0x00007ffe542ee000 	C:\WINDOWS\System32\winrnr.dll
0x00007ffe5e220000 - 0x00007ffe5e23c000 	C:\WINDOWS\system32\NLAapi.dll
0x00007ffe542c0000 - 0x00007ffe542d5000 	C:\WINDOWS\system32\wshbth.dll
0x00007ffe53d50000 - 0x00007ffe53f44000 	C:\WINDOWS\SYSTEM32\dbghelp.dll

VM Arguments:
jvm_args: -agentlib:jdwp=transport=dt_socket,address=127.0.0.1:50037,suspend=y,server=n -XX:TieredStopAtLevel=1 -Xverify:none -Dspring.output.ansi.enabled=always -javaagent:C:\Users\38096\AppData\Local\JetBrains\IntelliJIdea2021.2\captureAgent\debugger-agent.jar -Dcom.sun.management.jmxremote -Dspring.jmx.enabled=true -Dspring.liveBeansView.mbeanDomain -Dspring.application.admin.enabled=true -Dfile.encoding=UTF-8 
java_command: com.example.KinoCMS.Application
java_class_path (initial): C:\Program Files\Java\jdk1.8.0_291\jre\lib\charsets.jar;C:\Program Files\Java\jdk1.8.0_291\jre\lib\deploy.jar;C:\Program Files\Java\jdk1.8.0_291\jre\lib\ext\access-bridge-64.jar;C:\Program Files\Java\jdk1.8.0_291\jre\lib\ext\cldrdata.jar;C:\Program Files\Java\jdk1.8.0_291\jre\lib\ext\dnsns.jar;C:\Program Files\Java\jdk1.8.0_291\jre\lib\ext\jaccess.jar;C:\Program Files\Java\jdk1.8.0_291\jre\lib\ext\jfxrt.jar;C:\Program Files\Java\jdk1.8.0_291\jre\lib\ext\localedata.jar;C:\Program Files\Java\jdk1.8.0_291\jre\lib\ext\nashorn.jar;C:\Program Files\Java\jdk1.8.0_291\jre\lib\ext\sunec.jar;C:\Program Files\Java\jdk1.8.0_291\jre\lib\ext\sunjce_provider.jar;C:\Program Files\Java\jdk1.8.0_291\jre\lib\ext\sunmscapi.jar;C:\Program Files\Java\jdk1.8.0_291\jre\lib\ext\sunpkcs11.jar;C:\Program Files\Java\jdk1.8.0_291\jre\lib\ext\zipfs.jar;C:\Program Files\Java\jdk1.8.0_291\jre\lib\javaws.jar;C:\Program Files\Java\jdk1.8.0_291\jre\lib\jce.jar;C:\Program Files\Java\jdk1.8.0_291\jre\lib\jfr.jar;C:\Program Files\Java\jdk1.8.0_291\jre\lib\jfxswt.jar;C:\Program Files\Java\jdk1.8.0_291\jre\lib\jsse.jar;C:\Program Files\Java\jdk1.8.0_291\jre\lib\management-agent.jar;C:\Program Files\Java\jdk1.8.0_291\jre\lib\plugin.jar;C:\Program Files\Java\jdk1.8.0_291\jre\lib\resources.jar;C:\Program Files\Java\jdk1.8.0_291\jre\lib\rt.jar;C:\Users\38096\IdeaProjects\KinoCMS\target\classes;C:\Users\38096\AppData\Roaming\JetBrains\IntelliJIdea2021.2\javascript\extLibs\http_cdn.jsdelivr.net_npm_bootstrap@4.6.1_dist_css_bootstrap.css;C:\Users\38096\AppData\Roaming\JetBrains\IntelliJIdea2021.2\javascript\extLibs\http_cdn.jsdelivr.net_npm_bootstrap@4.6.1_dist_js_bootstrap.bundle.js;C:\Users\38096\AppData\Roaming\JetBrains\IntelliJIdea2021.2\javascript\extLibs\http_cdn.jsdelivr.net_npm_bootstrap@5.0.2_dist_css_bootstrap.css;C:\Users\38096\AppData\Roaming\JetBrains\IntelliJIdea2021.2\javascript\extLibs\http_cdn.jsdelivr.net_npm_bootstrap@5.0.2_dist_js_bootstrap.bundle.js;C:\Users\380
Launcher Type: SUN_STANDARD

Environment Variables:
PATH=C:\Program Files (x86)\Common Files\Oracle\Java\javapath;C:\Python27\;C:\Python27\Scripts;C:\WINDOWS\system32;C:\WINDOWS;C:\WINDOWS\System32\Wbem;C:\WINDOWS\System32\WindowsPowerShell\v1.0\;C:\WINDOWS\System32\OpenSSH\;C:\Program Files (x86)\ATI Technologies\ATI.ACE\Core-Static;C:\Program Files\dotnet\;C:\Program Files (x86)\dotnet\;C:\Users\38096\;C:\ProgramData\chocolatey\bin;C:\PHP;D:\Git\cmd;C:\Program Files\MySQL\MySQL Shell 8.0\bin\;C:\Users\38096\AppData\Local\Microsoft\WindowsApps;C:\Users\38096\AppData\Roaming\npm;C:\Users\38096\AppData\Local\Programs\Microsoft VS Code\bin;
USERNAME=38096
OS=Windows_NT
PROCESSOR_IDENTIFIER=AMD64 Family 18 Model 1 Stepping 0, AuthenticAMD



---------------  S Y S T E M  ---------------

OS: Windows 10.0 , 64 bit Build 18362 (10.0.18362.1500)

CPU:total 4 (initial active 4) (4 cores per cpu, 1 threads per core) family 18 model 1 stepping 0, cmov, cx8, fxsr, mmx, sse, sse2, sse3, popcnt, mmxext, 3dnowpref, lzcnt, sse4a, tsc, tscinvbit, tscinv

Memory: 4k page, physical 3648412k(444792k free), swap 7449500k(2834080k free)

vm_info: Java HotSpot(TM) 64-Bit Server VM (25.291-b10) for windows-amd64 JRE (1.8.0_291-b10), built on Apr  9 2021 00:02:00 by "java_re" with MS VC++ 15.9 (VS2017)

time: Sat Jan 29 10:27:53 2022
timezone: Oeieyiaey (ceia)
elapsed time: 14.238615 seconds (0d 0h 0m 14s)

