#
# A fatal error has been detected by the Java Runtime Environment:
#
#  EXCEPTION_ACCESS_VIOLATION (0xc0000005) at pc=0x000001c5e2e43fd2, pid=1328, tid=0x0000000000000c34
#
# JRE version: Java(TM) SE Runtime Environment (8.0_291-b10) (build 1.8.0_291-b10)
# Java VM: Java HotSpot(TM) 64-Bit Server VM (25.291-b10 mixed mode windows-amd64 compressed oops)
# Problematic frame:
# J 28 C1 java.util.HashMap.getNode(ILjava/lang/Object;)Ljava/util/HashMap$Node; (148 bytes) @ 0x000001c5e2e43fd2 [0x000001c5e2e43ea0+0x132]
#
# Failed to write core dump. Minidumps are not enabled by default on client versions of Windows
#
# If you would like to submit a bug report, please visit:
#   http://bugreport.java.com/bugreport/crash.jsp
#

---------------  T H R E A D  ---------------

Current thread (0x000001c5f82e5800):  JavaThread "File Watcher" daemon [_thread_in_Java, id=3124, stack(0x000000a97d000000,0x000000a97d100000)]

siginfo: ExceptionCode=0xc0000005, reading address 0x000000000061006e

Registers:
RAX=0x0000000100037ad8, RBX=0x00000000fdcc8d88, RCX=0x0000000000000020, RDX=0x0000000003780368
RSP=0x000000a97d0fec60, RBP=0x000000a97d0fee60, RSI=0x0000000000610062, RDI=0x0000000000008000
R8 =0x00000000c5390477, R9 =0x00000000fe046f68, R10=0x00000000edfefc48, R11=0x0000000000000054
R12=0x0000000000000000, R13=0x00000000edfefb78, R14=0x0000000000000000, R15=0x000001c5f82e5800
RIP=0x000001c5e2e43fd2, EFLAGS=0x0000000000010246

Top of Stack: (sp=0x000000a97d0fec60)
0x000000a97d0fec60:   000001c5f4264ec0 0000000061073e96
0x000000a97d0fec70:   0000000000000001 000000a97d0fed70
0x000000a97d0fec80:   00000000fdcc8d88 00008000c5390477
0x000000a97d0fec90:   00000000fe046f68 00000000fd709770
0x000000a97d0feca0:   00000000fd710000 00000000fdcc8df0
0x000000a97d0fecb0:   00000000fe046f68 00000000fe046f90
0x000000a97d0fecc0:   000001c5f427e358 0000000061073e96
0x000000a97d0fecd0:   000000a97d0fee60 000001c5e2e6e20c
0x000000a97d0fece0:   000000a97d0fee60 00000000edeaf630
0x000000a97d0fecf0:   00000000fe046f40 000001c5f82e5800
0x000000a97d0fed00:   0000000100000001 0000000000000000
0x000000a97d0fed10:   000000a97d0fee60 000001c5e2ff0b1c
0x000000a97d0fed20:   00000000fe046f68 00000000fd709770
0x000000a97d0fed30:   000001c5f46071a0 000001c5f46071a0
0x000000a97d0fed40:   000000a97d0fee60 000001c5e30ceab4
0x000000a97d0fed50:   000000a97d0fee60 000001c5e2ede06c 

Instructions: (pc=0x000001c5e2e43fd2)
0x000001c5e2e43fb2:   00 00 00 00 00 41 83 f8 00 0f 85 9e 00 00 00 0f
0x000001c5e2e43fc2:   1f 80 00 00 00 00 4c 8b 4c 24 30 44 8b 44 24 28
0x000001c5e2e43fd2:   8b 56 0c 41 3b d0 0f 85 44 00 00 00 8b 7e 10 49
0x000001c5e2e43fe2:   3b f9 0f 84 50 00 00 00 49 83 f9 00 0f 84 2e 00 


Register to memory mapping:

RAX=0x0000000100037ad8 is pointing into metadata
RBX=0x00000000fdcc8d88 is an oop

[error occurred during error reporting (printing register info), id 0xc0000005]

Stack: [0x000000a97d000000,0x000000a97d100000],  sp=0x000000a97d0fec60,  free space=1019k
Native frames: (J=compiled Java code, j=interpreted, Vv=VM code, C=native code)
C  0x000001c5e2e43fd2


---------------  P R O C E S S  ---------------

Java Threads: ( => current thread )
  0x000001c5fa55b800 JavaThread "DestroyJavaVM" [_thread_blocked, id=4904, stack(0x000000a97af00000,0x000000a97b000000)]
  0x000001c5fa561800 JavaThread "http-nio-8080-Acceptor" daemon [_thread_in_native, id=3424, stack(0x000000a97dd00000,0x000000a97de00000)]
  0x000001c5fa55d800 JavaThread "http-nio-8080-Poller" daemon [_thread_in_native, id=7904, stack(0x000000a97dc00000,0x000000a97dd00000)]
  0x000001c5fa560000 JavaThread "http-nio-8080-exec-10" daemon [_thread_blocked, id=412, stack(0x000000a97db00000,0x000000a97dc00000)]
  0x000001c5fa560800 JavaThread "http-nio-8080-exec-9" daemon [_thread_blocked, id=768, stack(0x000000a97da00000,0x000000a97db00000)]
  0x000001c5fa55c000 JavaThread "http-nio-8080-exec-8" daemon [_thread_blocked, id=384, stack(0x000000a97d900000,0x000000a97da00000)]
  0x000001c5fa55d000 JavaThread "http-nio-8080-exec-7" daemon [_thread_blocked, id=1064, stack(0x000000a97d800000,0x000000a97d900000)]
  0x000001c5f82e4800 JavaThread "http-nio-8080-exec-6" daemon [_thread_blocked, id=7600, stack(0x000000a97d700000,0x000000a97d800000)]
  0x000001c5f82e4000 JavaThread "http-nio-8080-exec-5" daemon [_thread_blocked, id=6584, stack(0x000000a97d600000,0x000000a97d700000)]
  0x000001c5f82e3000 JavaThread "http-nio-8080-exec-4" daemon [_thread_blocked, id=4420, stack(0x000000a97d500000,0x000000a97d600000)]
  0x000001c5f82ea000 JavaThread "http-nio-8080-exec-3" daemon [_thread_blocked, id=444, stack(0x000000a97d400000,0x000000a97d500000)]
  0x000001c5f82e7800 JavaThread "http-nio-8080-exec-2" daemon [_thread_blocked, id=2128, stack(0x000000a97d300000,0x000000a97d400000)]
  0x000001c5f82e9000 JavaThread "http-nio-8080-exec-1" daemon [_thread_blocked, id=2676, stack(0x000000a97d100000,0x000000a97d200000)]
  0x000001c5f82e6000 JavaThread "Live Reload Server" daemon [_thread_in_native, id=2848, stack(0x000000a97d200000,0x000000a97d300000)]
=>0x000001c5f82e5800 JavaThread "File Watcher" daemon [_thread_in_Java, id=3124, stack(0x000000a97d000000,0x000000a97d100000)]
  0x000001c5f82e7000 JavaThread "HikariPool-1 housekeeper" daemon [_thread_blocked, id=6244, stack(0x000000a97cc00000,0x000000a97cd00000)]
  0x000001c5f652f800 JavaThread "mysql-cj-abandoned-connection-cleanup" daemon [_thread_blocked, id=2652, stack(0x000000a97c900000,0x000000a97ca00000)]
  0x000001c5f625a000 JavaThread "container-0" [_thread_blocked, id=4268, stack(0x000000a97c800000,0x000000a97c900000)]
  0x000001c5f8042000 JavaThread "Catalina-utility-2" [_thread_blocked, id=6896, stack(0x000000a97c700000,0x000000a97c800000)]
  0x000001c5f7ff1000 JavaThread "Catalina-utility-1" [_thread_blocked, id=6968, stack(0x000000a97c600000,0x000000a97c700000)]
  0x000001c5f5efc000 JavaThread "RMI Scheduler(0)" daemon [_thread_blocked, id=6940, stack(0x000000a97c300000,0x000000a97c400000)]
  0x000001c5f6413800 JavaThread "RMI TCP Accept-0" daemon [_thread_in_native, id=6364, stack(0x000000a97c000000,0x000000a97c100000)]
  0x000001c5f6143800 JavaThread "Service Thread" daemon [_thread_blocked, id=1652, stack(0x000000a97bf00000,0x000000a97c000000)]
  0x000001c5f60d4800 JavaThread "C1 CompilerThread2" daemon [_thread_blocked, id=4936, stack(0x000000a97be00000,0x000000a97bf00000)]
  0x000001c5f60be000 JavaThread "C2 CompilerThread1" daemon [_thread_blocked, id=808, stack(0x000000a97bd00000,0x000000a97be00000)]
  0x000001c5f60bc800 JavaThread "C2 CompilerThread0" daemon [_thread_blocked, id=4652, stack(0x000000a97bc00000,0x000000a97bd00000)]
  0x000001c5f4bc0800 JavaThread "JDWP Command Reader" daemon [_thread_in_native, id=5752, stack(0x000000a97bb00000,0x000000a97bc00000)]
  0x000001c5f4bba800 JavaThread "JDWP Event Helper Thread" daemon [_thread_blocked, id=640, stack(0x000000a97ba00000,0x000000a97bb00000)]
  0x000001c5f4bb8000 JavaThread "JDWP Transport Listener: dt_socket" daemon [_thread_blocked, id=5928, stack(0x000000a97b900000,0x000000a97ba00000)]
  0x000001c5f4ba3000 JavaThread "Attach Listener" daemon [_thread_blocked, id=1356, stack(0x000000a97b800000,0x000000a97b900000)]
  0x000001c5f4ba2000 JavaThread "Signal Dispatcher" daemon [_thread_blocked, id=532, stack(0x000000a97b700000,0x000000a97b800000)]
  0x000001c5f4b7a000 JavaThread "Finalizer" daemon [_thread_blocked, id=6012, stack(0x000000a97b600000,0x000000a97b700000)]
  0x000001c5f4b71800 JavaThread "Reference Handler" daemon [_thread_blocked, id=7568, stack(0x000000a97b500000,0x000000a97b600000)]

Other Threads:
  0x000001c5f4b44800 VMThread [stack: 0x000000a97b400000,0x000000a97b500000] [id=1188]
  0x000001c5f642c000 WatcherThread [stack: 0x000000a97c100000,0x000000a97c200000] [id=1212]

VM state:not at safepoint (normal execution)

VM Mutex/Monitor currently owned by a thread: None

heap address: 0x00000000c8400000, size: 892 MB, Compressed Oops mode: 32-bit
Narrow klass base: 0x0000000000000000, Narrow klass shift: 3
Compressed class space size: 1073741824 Address: 0x0000000100000000

Heap:
 PSYoungGen      total 283136K, used 23872K [0x00000000ed700000, 0x00000000fff80000, 0x0000000100000000)
  eden space 262144K, 5% used [0x00000000ed700000,0x00000000ee3d4070,0x00000000fd700000)
  from space 20992K, 51% used [0x00000000fd700000,0x00000000fe17c100,0x00000000feb80000)
  to   space 20480K, 0% used [0x00000000feb80000,0x00000000feb80000,0x00000000fff80000)
 ParOldGen       total 68608K, used 30689K [0x00000000c8400000, 0x00000000cc700000, 0x00000000ed700000)
  object space 68608K, 44% used [0x00000000c8400000,0x00000000ca1f8470,0x00000000cc700000)
 Metaspace       used 62409K, capacity 66449K, committed 66776K, reserved 1105920K
  class space    used 8742K, capacity 9396K, committed 9472K, reserved 1048576K

Card table byte_map: [0x000001c5f20f0000,0x000001c5f22b0000] byte_map_base: 0x000001c5f1aae000

Marking Bits: (ParMarkBitMap*) 0x0000000061797fe0
 Begin Bits: [0x000001c5f23e0000, 0x000001c5f31d0000)
 End Bits:   [0x000001c5f31d0000, 0x000001c5f3fc0000)

Polling page: 0x000001c5e16d0000

CodeCache: size=245760Kb used=12325Kb max_used=12325Kb free=233434Kb
 bounds [0x000001c5e2d30000, 0x000001c5e3940000, 0x000001c5f1d30000]
 total_blobs=6989 nmethods=6388 adapters=520
 compilation: enabled

Compilation events (10 events):
Event: 325.308 Thread 0x000001c5f60d4800 6503   !   1       java.util.concurrent.FutureTask::runAndReset$$$capture (128 bytes)
Event: 325.309 Thread 0x000001c5f60d4800 nmethod 6503 0x000001c5e393a510 code [0x000001c5e393a6a0, 0x000001c5e393aa80]
Event: 325.309 Thread 0x000001c5f60d4800 6504       1       java.util.concurrent.Executors$RunnableAdapter::call (14 bytes)
Event: 325.310 Thread 0x000001c5f60d4800 nmethod 6504 0x000001c5e393ac90 code [0x000001c5e393ade0, 0x000001c5e393af30]
Event: 325.310 Thread 0x000001c5f60d4800 6505       1       java.util.concurrent.ScheduledThreadPoolExecutor$ScheduledFutureTask::setNextRunTime (38 bytes)
Event: 325.310 Thread 0x000001c5f60d4800 nmethod 6505 0x000001c5e393af90 code [0x000001c5e393b100, 0x000001c5e393b310]
Event: 325.310 Thread 0x000001c5f60d4800 6506       1       java.util.concurrent.ScheduledThreadPoolExecutor::reExecutePeriodic (51 bytes)
Event: 325.311 Thread 0x000001c5f60d4800 nmethod 6506 0x000001c5e393b410 code [0x000001c5e393b5a0, 0x000001c5e393b890]
Event: 334.795 Thread 0x000001c5f60d4800 6507       1       org.apache.catalina.core.StandardContext::getThreadBindingListener (5 bytes)
Event: 334.796 Thread 0x000001c5f60d4800 nmethod 6507 0x000001c5e393ba90 code [0x000001c5e393bbe0, 0x000001c5e393bcf8]

GC Heap History (10 events):
Event: 24.527 GC heap before
{Heap before GC invocations=16 (full 3):
 PSYoungGen      total 252416K, used 13820K [0x00000000ed700000, 0x0000000100000000, 0x0000000100000000)
  eden space 238592K, 0% used [0x00000000ed700000,0x00000000ed700000,0x00000000fc000000)
  from space 13824K, 99% used [0x00000000fc000000,0x00000000fcd7f1b0,0x00000000fcd80000)
  to   space 17920K, 0% used [0x00000000fee80000,0x00000000fee80000,0x0000000100000000)
 ParOldGen       total 44544K, used 25115K [0x00000000c8400000, 0x00000000caf80000, 0x00000000ed700000)
  object space 44544K, 56% used [0x00000000c8400000,0x00000000c9c86d70,0x00000000caf80000)
 Metaspace       used 55412K, capacity 58970K, committed 59096K, reserved 1099776K
  class space    used 7739K, capacity 8335K, committed 8448K, reserved 1048576K
Event: 24.885 GC heap after
Heap after GC invocations=16 (full 3):
 PSYoungGen      total 252416K, used 0K [0x00000000ed700000, 0x0000000100000000, 0x0000000100000000)
  eden space 238592K, 0% used [0x00000000ed700000,0x00000000ed700000,0x00000000fc000000)
  from space 13824K, 0% used [0x00000000fc000000,0x00000000fc000000,0x00000000fcd80000)
  to   space 17920K, 0% used [0x00000000fee80000,0x00000000fee80000,0x0000000100000000)
 ParOldGen       total 68608K, used 30649K [0x00000000c8400000, 0x00000000cc700000, 0x00000000ed700000)
  object space 68608K, 44% used [0x00000000c8400000,0x00000000ca1ee470,0x00000000cc700000)
 Metaspace       used 55408K, capacity 58964K, committed 59096K, reserved 1099776K
  class space    used 7738K, capacity 8334K, committed 8448K, reserved 1048576K
}
Event: 76.191 GC heap before
{Heap before GC invocations=17 (full 3):
 PSYoungGen      total 252416K, used 238592K [0x00000000ed700000, 0x0000000100000000, 0x0000000100000000)
  eden space 238592K, 100% used [0x00000000ed700000,0x00000000fc000000,0x00000000fc000000)
  from space 13824K, 0% used [0x00000000fc000000,0x00000000fc000000,0x00000000fcd80000)
  to   space 17920K, 0% used [0x00000000fee80000,0x00000000fee80000,0x0000000100000000)
 ParOldGen       total 68608K, used 30649K [0x00000000c8400000, 0x00000000cc700000, 0x00000000ed700000)
  object space 68608K, 44% used [0x00000000c8400000,0x00000000ca1ee470,0x00000000cc700000)
 Metaspace       used 61758K, capacity 65683K, committed 65880K, reserved 1105920K
  class space    used 8625K, capacity 9281K, committed 9344K, reserved 1048576K
Event: 76.244 GC heap after
Heap after GC invocations=17 (full 3):
 PSYoungGen      total 281088K, used 17146K [0x00000000ed700000, 0x0000000100000000, 0x0000000100000000)
  eden space 263168K, 0% used [0x00000000ed700000,0x00000000ed700000,0x00000000fd800000)
  from space 17920K, 95% used [0x00000000fee80000,0x00000000fff3ebd8,0x0000000100000000)
  to   space 20480K, 0% used [0x00000000fd800000,0x00000000fd800000,0x00000000fec00000)
 ParOldGen       total 68608K, used 30657K [0x00000000c8400000, 0x00000000cc700000, 0x00000000ed700000)
  object space 68608K, 44% used [0x00000000c8400000,0x00000000ca1f0470,0x00000000cc700000)
 Metaspace       used 61758K, capacity 65683K, committed 65880K, reserved 1105920K
  class space    used 8625K, capacity 9281K, committed 9344K, reserved 1048576K
}
Event: 161.629 GC heap before
{Heap before GC invocations=18 (full 3):
 PSYoungGen      total 281088K, used 280314K [0x00000000ed700000, 0x0000000100000000, 0x0000000100000000)
  eden space 263168K, 100% used [0x00000000ed700000,0x00000000fd800000,0x00000000fd800000)
  from space 17920K, 95% used [0x00000000fee80000,0x00000000fff3ebd8,0x0000000100000000)
  to   space 20480K, 0% used [0x00000000fd800000,0x00000000fd800000,0x00000000fec00000)
 ParOldGen       total 68608K, used 30657K [0x00000000c8400000, 0x00000000cc700000, 0x00000000ed700000)
  object space 68608K, 44% used [0x00000000c8400000,0x00000000ca1f0470,0x00000000cc700000)
 Metaspace       used 62409K, capacity 66449K, committed 66776K, reserved 1105920K
  class space    used 8742K, capacity 9396K, committed 9472K, reserved 1048576K
Event: 161.671 GC heap after
Heap after GC invocations=18 (full 3):
 PSYoungGen      total 283648K, used 11977K [0x00000000ed700000, 0x0000000100000000, 0x0000000100000000)
  eden space 263168K, 0% used [0x00000000ed700000,0x00000000ed700000,0x00000000fd800000)
  from space 20480K, 58% used [0x00000000fd800000,0x00000000fe3b2770,0x00000000fec00000)
  to   space 20480K, 0% used [0x00000000fec00000,0x00000000fec00000,0x0000000100000000)
 ParOldGen       total 68608K, used 30673K [0x00000000c8400000, 0x00000000cc700000, 0x00000000ed700000)
  object space 68608K, 44% used [0x00000000c8400000,0x00000000ca1f4470,0x00000000cc700000)
 Metaspace       used 62409K, capacity 66449K, committed 66776K, reserved 1105920K
  class space    used 8742K, capacity 9396K, committed 9472K, reserved 1048576K
}
Event: 256.025 GC heap before
{Heap before GC invocations=19 (full 3):
 PSYoungGen      total 283648K, used 275145K [0x00000000ed700000, 0x0000000100000000, 0x0000000100000000)
  eden space 263168K, 100% used [0x00000000ed700000,0x00000000fd800000,0x00000000fd800000)
  from space 20480K, 58% used [0x00000000fd800000,0x00000000fe3b2770,0x00000000fec00000)
  to   space 20480K, 0% used [0x00000000fec00000,0x00000000fec00000,0x0000000100000000)
 ParOldGen       total 68608K, used 30673K [0x00000000c8400000, 0x00000000cc700000, 0x00000000ed700000)
  object space 68608K, 44% used [0x00000000c8400000,0x00000000ca1f4470,0x00000000cc700000)
 Metaspace       used 62409K, capacity 66449K, committed 66776K, reserved 1105920K
  class space    used 8742K, capacity 9396K, committed 9472K, reserved 1048576K
Event: 256.051 GC heap after
Heap after GC invocations=19 (full 3):
 PSYoungGen      total 282624K, used 12848K [0x00000000ed700000, 0x0000000100000000, 0x0000000100000000)
  eden space 262144K, 0% used [0x00000000ed700000,0x00000000ed700000,0x00000000fd700000)
  from space 20480K, 62% used [0x00000000fec00000,0x00000000ff88c100,0x0000000100000000)
  to   space 20992K, 0% used [0x00000000fd700000,0x00000000fd700000,0x00000000feb80000)
 ParOldGen       total 68608K, used 30681K [0x00000000c8400000, 0x00000000cc700000, 0x00000000ed700000)
  object space 68608K, 44% used [0x00000000c8400000,0x00000000ca1f6470,0x00000000cc700000)
 Metaspace       used 62409K, capacity 66449K, committed 66776K, reserved 1105920K
  class space    used 8742K, capacity 9396K, committed 9472K, reserved 1048576K
}
Event: 333.664 GC heap before
{Heap before GC invocations=20 (full 3):
 PSYoungGen      total 282624K, used 274992K [0x00000000ed700000, 0x0000000100000000, 0x0000000100000000)
  eden space 262144K, 100% used [0x00000000ed700000,0x00000000fd700000,0x00000000fd700000)
  from space 20480K, 62% used [0x00000000fec00000,0x00000000ff88c100,0x0000000100000000)
  to   space 20992K, 0% used [0x00000000fd700000,0x00000000fd700000,0x00000000feb80000)
 ParOldGen       total 68608K, used 30681K [0x00000000c8400000, 0x00000000cc700000, 0x00000000ed700000)
  object space 68608K, 44% used [0x00000000c8400000,0x00000000ca1f6470,0x00000000cc700000)
 Metaspace       used 62409K, capacity 66449K, committed 66776K, reserved 1105920K
  class space    used 8742K, capacity 9396K, committed 9472K, reserved 1048576K
Event: 333.687 GC heap after
Heap after GC invocations=20 (full 3):
 PSYoungGen      total 283136K, used 10736K [0x00000000ed700000, 0x00000000fff80000, 0x0000000100000000)
  eden space 262144K, 0% used [0x00000000ed700000,0x00000000ed700000,0x00000000fd700000)
  from space 20992K, 51% used [0x00000000fd700000,0x00000000fe17c100,0x00000000feb80000)
  to   space 20480K, 0% used [0x00000000feb80000,0x00000000feb80000,0x00000000fff80000)
 ParOldGen       total 68608K, used 30689K [0x00000000c8400000, 0x00000000cc700000, 0x00000000ed700000)
  object space 68608K, 44% used [0x00000000c8400000,0x00000000ca1f8470,0x00000000cc700000)
 Metaspace       used 62409K, capacity 66449K, committed 66776K, reserved 1105920K
  class space    used 8742K, capacity 9396K, committed 9472K, reserved 1048576K
}

Deoptimization events (0 events):
No events

Classes redefined (0 events):
No events

Internal exceptions (10 events):
Event: 39.189 Thread 0x000001c5f82e7800 Exception <a 'java/lang/ClassNotFoundException': org/springframework/security/web/csrf/DefaultCsrfTokenBeanInfo> (0x00000000f5205980) thrown at [C:\jenkins\workspace\8-2-build-windows-amd64-cygwin\jdk8u291\1294\hotspot\src\share\vm\classfile\systemDiction
Event: 39.193 Thread 0x000001c5f82e7800 Exception <a 'java/lang/ClassNotFoundException': org/springframework/security/web/csrf/DefaultCsrfTokenCustomizer> (0x00000000f52234a8) thrown at [C:\jenkins\workspace\8-2-build-windows-amd64-cygwin\jdk8u291\1294\hotspot\src\share\vm\classfile\systemDicti
Event: 39.206 Thread 0x000001c5f82e7800 Exception <a 'java/lang/ClassNotFoundException': com/example/KinoCMS/domain/CurrentFilmsBeanInfo> (0x00000000f527a7f0) thrown at [C:\jenkins\workspace\8-2-build-windows-amd64-cygwin\jdk8u291\1294\hotspot\src\share\vm\classfile\systemDictionary.cpp, line 2
Event: 39.210 Thread 0x000001c5f82e7800 Exception <a 'java/lang/ClassNotFoundException': com/example/KinoCMS/domain/CurrentFilmsCustomizer> (0x00000000f52952d8) thrown at [C:\jenkins\workspace\8-2-build-windows-amd64-cygwin\jdk8u291\1294\hotspot\src\share\vm\classfile\systemDictionary.cpp, line
Event: 39.390 Thread 0x000001c5f82e7800 Exception <a 'java/lang/ArrayIndexOutOfBoundsException'> (0x00000000f5b2dca0) thrown at [C:\jenkins\workspace\8-2-build-windows-amd64-cygwin\jdk8u291\1294\hotspot\src\share\vm\runtime\sharedRuntime.cpp, line 609]
Event: 105.200 Thread 0x000001c5f82e4800 Exception <a 'java/lang/ArrayIndexOutOfBoundsException'> (0x00000000f3e03ba8) thrown at [C:\jenkins\workspace\8-2-build-windows-amd64-cygwin\jdk8u291\1294\hotspot\src\share\vm\runtime\sharedRuntime.cpp, line 609]
Event: 105.229 Thread 0x000001c5f82e4800 Exception <a 'java/lang/ClassNotFoundException': java/lang/ObjectCustomizer> (0x00000000f3e61710) thrown at [C:\jenkins\workspace\8-2-build-windows-amd64-cygwin\jdk8u291\1294\hotspot\src\share\vm\classfile\systemDictionary.cpp, line 212]
Event: 105.230 Thread 0x000001c5f82e4800 Exception <a 'java/lang/ArrayIndexOutOfBoundsException'> (0x00000000f3e64e28) thrown at [C:\jenkins\workspace\8-2-build-windows-amd64-cygwin\jdk8u291\1294\hotspot\src\share\vm\runtime\sharedRuntime.cpp, line 609]
Event: 105.234 Thread 0x000001c5f82e4800 Exception <a 'java/lang/ClassNotFoundException': com/example/KinoCMS/domain/SoonFilmsCustomizer> (0x00000000f400dbe0) thrown at [C:\jenkins\workspace\8-2-build-windows-amd64-cygwin\jdk8u291\1294\hotspot\src\share\vm\classfile\systemDictionary.cpp, line 21
Event: 105.502 Thread 0x000001c5f82e4800 Exception <a 'java/lang/reflect/InvocationTargetException'> (0x00000000f44ff360) thrown at [C:\jenkins\workspace\8-2-build-windows-amd64-cygwin\jdk8u291\1294\hotspot\src\share\vm\runtime\reflection.cpp, line 1092]

Events (10 events):
Event: 108.813 Thread 0x000001c5f6695000 Thread exited: 0x000001c5f6695000
Event: 109.690 Thread 0x000001c5fa560800 DEOPT PACKING pc=0x000001c5e38bc364 sp=0x000000a97daff1e0
Event: 109.690 Thread 0x000001c5fa560800 DEOPT UNPACKING pc=0x000001c5e2d77498 sp=0x000000a97daff0d0 mode 1
Event: 111.806 Thread 0x000001c5f82e8800 Thread exited: 0x000001c5f82e8800
Event: 161.628 Executing VM operation: ParallelGCFailedAllocation
Event: 161.671 Executing VM operation: ParallelGCFailedAllocation done
Event: 256.025 Executing VM operation: ParallelGCFailedAllocation
Event: 256.051 Executing VM operation: ParallelGCFailedAllocation done
Event: 333.664 Executing VM operation: ParallelGCFailedAllocation
Event: 333.687 Executing VM operation: ParallelGCFailedAllocation done


Dynamic libraries:
0x00007ff71e460000 - 0x00007ff71e4a7000 	C:\Program Files\Java\jdk1.8.0_291\bin\java.exe
0x00007ffcab380000 - 0x00007ffcab570000 	C:\WINDOWS\SYSTEM32\ntdll.dll
0x00007ffca9cc0000 - 0x00007ffca9d72000 	C:\WINDOWS\System32\KERNEL32.DLL
0x00007ffca9020000 - 0x00007ffca92c5000 	C:\WINDOWS\System32\KERNELBASE.dll
0x00007ffca9d90000 - 0x00007ffca9e33000 	C:\WINDOWS\System32\ADVAPI32.dll
0x00007ffcaa2d0000 - 0x00007ffcaa36e000 	C:\WINDOWS\System32\msvcrt.dll
0x00007ffcaa230000 - 0x00007ffcaa2c7000 	C:\WINDOWS\System32\sechost.dll
0x00007ffca9460000 - 0x00007ffca957f000 	C:\WINDOWS\System32\RPCRT4.dll
0x00007ffcaa370000 - 0x00007ffcaa504000 	C:\WINDOWS\System32\USER32.dll
0x00007ffca8e30000 - 0x00007ffca8e51000 	C:\WINDOWS\System32\win32u.dll
0x00007ffca9430000 - 0x00007ffca9456000 	C:\WINDOWS\System32\GDI32.dll
0x00007ffca8c30000 - 0x00007ffca8dc8000 	C:\WINDOWS\System32\gdi32full.dll
0x00007ffca8e60000 - 0x00007ffca8efe000 	C:\WINDOWS\System32\msvcp_win.dll
0x00007ffca8f20000 - 0x00007ffca901a000 	C:\WINDOWS\System32\ucrtbase.dll
0x00007ffc9a050000 - 0x00007ffc9a2d4000 	C:\WINDOWS\WinSxS\amd64_microsoft.windows.common-controls_6595b64144ccf1df_6.0.18362.1556_none_9e7e372fe45e41d5\COMCTL32.dll
0x00007ffca98b0000 - 0x00007ffca9be6000 	C:\WINDOWS\System32\combase.dll
0x00007ffca8af0000 - 0x00007ffca8b71000 	C:\WINDOWS\System32\bcryptPrimitives.dll
0x00007ffca9e40000 - 0x00007ffca9e6e000 	C:\WINDOWS\System32\IMM32.DLL
0x00007ffc9e6b0000 - 0x00007ffc9e6c5000 	C:\Program Files\Java\jdk1.8.0_291\jre\bin\vcruntime140.dll
0x00007ffc8b1b0000 - 0x00007ffc8b24b000 	C:\Program Files\Java\jdk1.8.0_291\jre\bin\msvcp140.dll
0x0000000060fb0000 - 0x0000000061810000 	C:\Program Files\Java\jdk1.8.0_291\jre\bin\server\jvm.dll
0x00007ffca98a0000 - 0x00007ffca98a8000 	C:\WINDOWS\System32\PSAPI.DLL
0x00007ffca4d90000 - 0x00007ffca4d99000 	C:\WINDOWS\SYSTEM32\WSOCK32.dll
0x00007ffcaa660000 - 0x00007ffcaa6cf000 	C:\WINDOWS\System32\WS2_32.dll
0x00007ffca4d60000 - 0x00007ffca4d84000 	C:\WINDOWS\SYSTEM32\WINMM.dll
0x00007ffca02f0000 - 0x00007ffca02fa000 	C:\WINDOWS\SYSTEM32\VERSION.dll
0x00007ffca4d20000 - 0x00007ffca4d4d000 	C:\WINDOWS\SYSTEM32\WINMMBASE.dll
0x00007ffca8aa0000 - 0x00007ffca8aea000 	C:\WINDOWS\System32\cfgmgr32.dll
0x00007ffca8260000 - 0x00007ffca8271000 	C:\WINDOWS\System32\kernel.appcore.dll
0x00007ffca2910000 - 0x00007ffca2920000 	C:\Program Files\Java\jdk1.8.0_291\jre\bin\verify.dll
0x00007ffc9bb00000 - 0x00007ffc9bb2b000 	C:\Program Files\Java\jdk1.8.0_291\jre\bin\java.dll
0x00007ffc9b670000 - 0x00007ffc9b6a6000 	C:\Program Files\Java\jdk1.8.0_291\jre\bin\jdwp.dll
0x00007ffc9e460000 - 0x00007ffc9e469000 	C:\Program Files\Java\jdk1.8.0_291\jre\bin\npt.dll
0x00007ffc9b7f0000 - 0x00007ffc9b820000 	C:\Program Files\Java\jdk1.8.0_291\jre\bin\instrument.dll
0x00007ffc9e660000 - 0x00007ffc9e678000 	C:\Program Files\Java\jdk1.8.0_291\jre\bin\zip.dll
0x00007ffcaac50000 - 0x00007ffcab337000 	C:\WINDOWS\System32\SHELL32.dll
0x00007ffcaa5b0000 - 0x00007ffcaa658000 	C:\WINDOWS\System32\shcore.dll
0x00007ffca82f0000 - 0x00007ffca8a6b000 	C:\WINDOWS\System32\windows.storage.dll
0x00007ffca8280000 - 0x00007ffca829e000 	C:\WINDOWS\System32\profapi.dll
0x00007ffca82a0000 - 0x00007ffca82ea000 	C:\WINDOWS\System32\powrprof.dll
0x00007ffca8230000 - 0x00007ffca8240000 	C:\WINDOWS\System32\UMPDC.dll
0x00007ffca9c60000 - 0x00007ffca9cb2000 	C:\WINDOWS\System32\shlwapi.dll
0x00007ffca8f00000 - 0x00007ffca8f17000 	C:\WINDOWS\System32\cryptsp.dll
0x00007ffc9e3b0000 - 0x00007ffc9e3ba000 	C:\Program Files\Java\jdk1.8.0_291\jre\bin\dt_socket.dll
0x00007ffca7a70000 - 0x00007ffca7ad7000 	C:\WINDOWS\system32\mswsock.dll
0x00007ffc9bae0000 - 0x00007ffc9bafc000 	C:\Program Files\Java\jdk1.8.0_291\jre\bin\net.dll
0x00007ffca77c0000 - 0x00007ffca788b000 	C:\WINDOWS\SYSTEM32\DNSAPI.dll
0x00007ffca9fa0000 - 0x00007ffca9fa8000 	C:\WINDOWS\System32\NSI.dll
0x00007ffca7780000 - 0x00007ffca77ba000 	C:\WINDOWS\SYSTEM32\IPHLPAPI.DLL
0x00007ffc9e330000 - 0x00007ffc9e33a000 	C:\Windows\System32\rasadhlp.dll
0x00007ffc9f1b0000 - 0x00007ffc9f227000 	C:\WINDOWS\System32\fwpuclnt.dll
0x00007ffca8a70000 - 0x00007ffca8a96000 	C:\WINDOWS\System32\bcrypt.dll
0x00007ffc9bbd0000 - 0x00007ffc9bbdd000 	C:\Program Files\Java\jdk1.8.0_291\jre\bin\management.dll
0x00007ffc9ba50000 - 0x00007ffc9ba63000 	C:\Program Files\Java\jdk1.8.0_291\jre\bin\nio.dll
0x00007ffca75f0000 - 0x00007ffca7623000 	C:\WINDOWS\system32\rsaenh.dll
0x00007ffca8120000 - 0x00007ffca8145000 	C:\WINDOWS\SYSTEM32\USERENV.dll
0x00007ffca7c40000 - 0x00007ffca7c4c000 	C:\WINDOWS\SYSTEM32\CRYPTBASE.dll
0x00007ffca02a0000 - 0x00007ffca02b6000 	C:\WINDOWS\SYSTEM32\dhcpcsvc6.DLL
0x00007ffca0420000 - 0x00007ffca043c000 	C:\WINDOWS\SYSTEM32\dhcpcsvc.DLL
0x00007ffc9cc10000 - 0x00007ffc9cc26000 	C:\WINDOWS\system32\napinsp.dll
0x00007ffc9c6e0000 - 0x00007ffc9c6fa000 	C:\WINDOWS\system32\pnrpnsp.dll
0x00007ffc9bf60000 - 0x00007ffc9bf6e000 	C:\WINDOWS\System32\winrnr.dll
0x00007ffca4e60000 - 0x00007ffca4e7c000 	C:\WINDOWS\system32\NLAapi.dll
0x00007ffc9bf40000 - 0x00007ffc9bf55000 	C:\WINDOWS\system32\wshbth.dll
0x00007ffc9a460000 - 0x00007ffc9a484000 	C:\Program Files\Java\jdk1.8.0_291\jre\bin\sunec.dll
0x00007ffc9b650000 - 0x00007ffc9b65d000 	C:\Program Files\Java\jdk1.8.0_291\jre\bin\sunmscapi.dll
0x00007ffca92d0000 - 0x00007ffca9421000 	C:\WINDOWS\System32\CRYPT32.dll
0x00007ffca8240000 - 0x00007ffca8252000 	C:\WINDOWS\System32\MSASN1.dll
0x00007ffca7d50000 - 0x00007ffca7d76000 	C:\WINDOWS\SYSTEM32\ncrypt.dll
0x00007ffca7d10000 - 0x00007ffca7d4b000 	C:\WINDOWS\SYSTEM32\NTASN1.dll
0x00007ffc9a6f0000 - 0x00007ffc9a8e4000 	C:\WINDOWS\SYSTEM32\dbghelp.dll

VM Arguments:
jvm_args: -agentlib:jdwp=transport=dt_socket,address=127.0.0.1:53258,suspend=y,server=n -XX:TieredStopAtLevel=1 -Xverify:none -Dspring.output.ansi.enabled=always -javaagent:C:\Users\38096\AppData\Local\JetBrains\IntelliJIdea2021.2\captureAgent\debugger-agent.jar -Dcom.sun.management.jmxremote -Dspring.jmx.enabled=true -Dspring.liveBeansView.mbeanDomain -Dspring.application.admin.enabled=true -Dfile.encoding=UTF-8 
java_command: com.example.KinoCMS.Application
java_class_path (initial): C:\Program Files\Java\jdk1.8.0_291\jre\lib\charsets.jar;C:\Program Files\Java\jdk1.8.0_291\jre\lib\deploy.jar;C:\Program Files\Java\jdk1.8.0_291\jre\lib\ext\access-bridge-64.jar;C:\Program Files\Java\jdk1.8.0_291\jre\lib\ext\cldrdata.jar;C:\Program Files\Java\jdk1.8.0_291\jre\lib\ext\dnsns.jar;C:\Program Files\Java\jdk1.8.0_291\jre\lib\ext\jaccess.jar;C:\Program Files\Java\jdk1.8.0_291\jre\lib\ext\jfxrt.jar;C:\Program Files\Java\jdk1.8.0_291\jre\lib\ext\localedata.jar;C:\Program Files\Java\jdk1.8.0_291\jre\lib\ext\nashorn.jar;C:\Program Files\Java\jdk1.8.0_291\jre\lib\ext\sunec.jar;C:\Program Files\Java\jdk1.8.0_291\jre\lib\ext\sunjce_provider.jar;C:\Program Files\Java\jdk1.8.0_291\jre\lib\ext\sunmscapi.jar;C:\Program Files\Java\jdk1.8.0_291\jre\lib\ext\sunpkcs11.jar;C:\Program Files\Java\jdk1.8.0_291\jre\lib\ext\zipfs.jar;C:\Program Files\Java\jdk1.8.0_291\jre\lib\javaws.jar;C:\Program Files\Java\jdk1.8.0_291\jre\lib\jce.jar;C:\Program Files\Java\jdk1.8.0_291\jre\lib\jfr.jar;C:\Program Files\Java\jdk1.8.0_291\jre\lib\jfxswt.jar;C:\Program Files\Java\jdk1.8.0_291\jre\lib\jsse.jar;C:\Program Files\Java\jdk1.8.0_291\jre\lib\management-agent.jar;C:\Program Files\Java\jdk1.8.0_291\jre\lib\plugin.jar;C:\Program Files\Java\jdk1.8.0_291\jre\lib\resources.jar;C:\Program Files\Java\jdk1.8.0_291\jre\lib\rt.jar;C:\Users\38096\IdeaProjects\KinoCMS\target\classes;C:\Users\38096\.m2\repository\org\springframework\boot\spring-boot-starter-web\2.5.2\spring-boot-starter-web-2.5.2.jar;C:\Users\38096\.m2\repository\org\springframework\boot\spring-boot-starter\2.5.2\spring-boot-starter-2.5.2.jar;C:\Users\38096\.m2\repository\org\springframework\boot\spring-boot-starter-logging\2.5.2\spring-boot-starter-logging-2.5.2.jar;C:\Users\38096\.m2\repository\ch\qos\logback\logback-classic\1.2.3\logback-classic-1.2.3.jar;C:\Users\38096\.m2\repository\ch\qos\logback\logback-core\1.2.3\logback-core-1.2.3.jar;C:\Users\38096\.m2\repository\org\apache\logging\log4j\log4j-
Launcher Type: SUN_STANDARD

Environment Variables:
PATH=C:\Program Files (x86)\Common Files\Oracle\Java\javapath;C:\Python27\;C:\Python27\Scripts;C:\WINDOWS\system32;C:\WINDOWS;C:\WINDOWS\System32\Wbem;C:\WINDOWS\System32\WindowsPowerShell\v1.0\;C:\WINDOWS\System32\OpenSSH\;C:\Program Files (x86)\ATI Technologies\ATI.ACE\Core-Static;C:\Program Files\dotnet\;C:\Program Files (x86)\dotnet\;C:\Users\38096\;C:\ProgramData\chocolatey\bin;C:\PHP;D:\Git\cmd;C:\Program Files\MySQL\MySQL Shell 8.0\bin\;C:\Users\38096\AppData\Local\Microsoft\WindowsApps;C:\Users\38096\AppData\Roaming\npm;C:\Users\38096\AppData\Local\Programs\Microsoft VS Code\bin;
USERNAME=38096
OS=Windows_NT
PROCESSOR_IDENTIFIER=AMD64 Family 18 Model 1 Stepping 0, AuthenticAMD



---------------  S Y S T E M  ---------------

OS: Windows 10.0 , 64 bit Build 18362 (10.0.18362.1500)

CPU:total 4 (initial active 4) (4 cores per cpu, 1 threads per core) family 18 model 1 stepping 0, cmov, cx8, fxsr, mmx, sse, sse2, sse3, popcnt, mmxext, 3dnowpref, lzcnt, sse4a, tsc, tscinvbit, tscinv

Memory: 4k page, physical 3648412k(526012k free), swap 7842716k(2043476k free)

vm_info: Java HotSpot(TM) 64-Bit Server VM (25.291-b10) for windows-amd64 JRE (1.8.0_291-b10), built on Apr  9 2021 00:02:00 by "java_re" with MS VC++ 15.9 (VS2017)

time: Wed Oct 20 13:59:06 2021
timezone: RTZ 2 (ceia)
elapsed time: 337.267804 seconds (0d 0h 5m 37s)

