#
# A fatal error has been detected by the Java Runtime Environment:
#
#  EXCEPTION_ACCESS_VIOLATION (0xc0000005) at pc=0x0000000061934589, pid=8336, tid=0x0000000000001b24
#
# JRE version: Java(TM) SE Runtime Environment (8.0_291-b10) (build 1.8.0_291-b10)
# Java VM: Java HotSpot(TM) 64-Bit Server VM (25.291-b10 mixed mode windows-amd64 compressed oops)
# Problematic frame:
# V  [jvm.dll+0x3d4589]
#
# Failed to write core dump. Minidumps are not enabled by default on client versions of Windows
#
# If you would like to submit a bug report, please visit:
#   http://bugreport.java.com/bugreport/crash.jsp
#

---------------  T H R E A D  ---------------

Current thread (0x000001e91304e000):  VMThread [stack: 0x0000000de6b00000,0x0000000de6c00000] [id=6948]

siginfo: ExceptionCode=0xc0000005, reading address 0x00000003000000e9

Registers:
RAX=0x0000000061b7bcb0, RBX=0x000001e9164632a8, RCX=0x0000000061cf3220, RDX=0x00000003000000e9
RSP=0x0000000de6bfee28, RBP=0x0000000061cf3220, RSI=0x0000000de6bfeec0, RDI=0x000001e915f70cf0
R8 =0x00000000ed700000, R9 =0x000000000000ea6d, R10=0x0000000000000000, R11=0x0000000000000246
R12=0x0000000000054c58, R13=0x0000000000054c58, R14=0x0000000de6bfef68, R15=0x0000000000000000
RIP=0x0000000061934589, EFLAGS=0x0000000000010202

Top of Stack: (sp=0x0000000de6bfee28)
0x0000000de6bfee28:   00000000615de17d 000001e97f8b5cd0
0x0000000de6bfee38:   00000000617f0498 0000000de6bfeec0
0x0000000de6bfee48:   0000000000000000 00000000000040e2
0x0000000de6bfee58:   00000000617f0498 0000000000000000
0x0000000de6bfee68:   000001e97f8c1bb0 000001e97f8b2f30
0x0000000de6bfee78:   0000000061cf3230 0000000de6bfeff0
0x0000000de6bfee88:   00000000615df86c 0000000de6bfef48
0x0000000de6bfee98:   0000000061b7be38 0000000de6bfef80
0x0000000de6bfeea8:   000001e97f8b5cd0 0000000de6bfeec0
0x0000000de6bfeeb8:   00000000617e318c 0000000000005141
0x0000000de6bfeec8:   0000000000000000 0000000000000000
0x0000000de6bfeed8:   00000000c84024c4 000001e97f8b5cd0
0x0000000de6bfeee8:   000000006193568c 000001e91304c5c0
0x0000000de6bfeef8:   0000000061b7be38 0000000061b7be38
0x0000000de6bfef08:   000001e91304c5c0 0000000061cf3230
0x0000000de6bfef18:   000000000000001a 0000000061cf3230 

Instructions: (pc=0x0000000061934589)
0x0000000061934569:   10 48 8b 44 24 10 48 89 02 c3 cc cc cc cc cc cc
0x0000000061934579:   cc cc cc cc cc cc cc 48 3b 15 69 3b 41 00 72 0c
0x0000000061934589:   48 8b 02 24 03 3c 03 74 03 32 c0 c3 b0 01 c3 cc
0x0000000061934599:   cc cc cc cc cc cc cc 8b 02 48 3b 05 4f 3b 41 00 


Register to memory mapping:

RAX=0x0000000061b7bcb0 is an unknown value
RBX=0x000001e9164632a8 is an unknown value
RCX=0x0000000061cf3220 is an unknown value
RDX=0x00000003000000e9 is an unknown value
RSP=0x0000000de6bfee28 is an unknown value
RBP=0x0000000061cf3220 is an unknown value
RSI=0x0000000de6bfeec0 is an unknown value
RDI=0x000001e915f70cf0 is an unknown value
R8 =0x00000000ed700000 is an oop
[C 
 - klass: {type array char}
 - length: 89
R9 =0x000000000000ea6d is an unknown value
R10=0x0000000000000000 is an unknown value
R11=0x0000000000000246 is an unknown value
R12=0x0000000000054c58 is an unknown value
R13=0x0000000000054c58 is an unknown value
R14=0x0000000de6bfef68 is an unknown value
R15=0x0000000000000000 is an unknown value


Stack: [0x0000000de6b00000,0x0000000de6c00000],  sp=0x0000000de6bfee28,  free space=1019k
Native frames: (J=compiled Java code, j=interpreted, Vv=VM code, C=native code)
V  [jvm.dll+0x3d4589]

VM_Operation (0x0000000de86fe690): ParallelGCFailedAllocation, mode: safepoint, requested by thread 0x000001e916875000


---------------  P R O C E S S  ---------------

Java Threads: ( => current thread )
  0x000001e918b1b000 JavaThread "DestroyJavaVM" [_thread_blocked, id=2268, stack(0x0000000de6600000,0x0000000de6700000)]
  0x000001e918b1a000 JavaThread "http-nio-8080-Acceptor" daemon [_thread_in_native, id=9184, stack(0x0000000de9300000,0x0000000de9400000)]
  0x000001e918b19800 JavaThread "http-nio-8080-Poller" daemon [_thread_blocked, id=7592, stack(0x0000000de9200000,0x0000000de9300000)]
  0x000001e918b18800 JavaThread "http-nio-8080-exec-10" daemon [_thread_blocked, id=9056, stack(0x0000000de9100000,0x0000000de9200000)]
  0x000001e918b18000 JavaThread "http-nio-8080-exec-9" daemon [_thread_blocked, id=8756, stack(0x0000000de9000000,0x0000000de9100000)]
  0x000001e918b17000 JavaThread "http-nio-8080-exec-8" daemon [_thread_blocked, id=8104, stack(0x0000000de8f00000,0x0000000de9000000)]
  0x000001e918b15800 JavaThread "http-nio-8080-exec-7" daemon [_thread_blocked, id=1608, stack(0x0000000de8e00000,0x0000000de8f00000)]
  0x000001e918b16800 JavaThread "http-nio-8080-exec-6" daemon [_thread_blocked, id=3296, stack(0x0000000de8d00000,0x0000000de8e00000)]
  0x000001e918b15000 JavaThread "http-nio-8080-exec-5" daemon [_thread_blocked, id=4344, stack(0x0000000de8c00000,0x0000000de8d00000)]
  0x000001e916879000 JavaThread "http-nio-8080-exec-4" daemon [_thread_blocked, id=3992, stack(0x0000000de8b00000,0x0000000de8c00000)]
  0x000001e916879800 JavaThread "http-nio-8080-exec-3" daemon [_thread_blocked, id=4400, stack(0x0000000de8a00000,0x0000000de8b00000)]
  0x000001e916878000 JavaThread "http-nio-8080-exec-2" daemon [_thread_blocked, id=8608, stack(0x0000000de8900000,0x0000000de8a00000)]
  0x000001e916877800 JavaThread "http-nio-8080-exec-1" daemon [_thread_blocked, id=7580, stack(0x0000000de8700000,0x0000000de8800000)]
  0x000001e916876800 JavaThread "Live Reload Server" daemon [_thread_in_native, id=4368, stack(0x0000000de8800000,0x0000000de8900000)]
  0x000001e916875000 JavaThread "File Watcher" daemon [_thread_blocked, id=3540, stack(0x0000000de8600000,0x0000000de8700000)]
  0x000001e91687a800 JavaThread "HikariPool-1 housekeeper" daemon [_thread_blocked, id=6116, stack(0x0000000de8300000,0x0000000de8400000)]
  0x000001e9142e3000 JavaThread "mysql-cj-abandoned-connection-cleanup" daemon [_thread_blocked, id=9104, stack(0x0000000de8000000,0x0000000de8100000)]
  0x000001e9142e2000 JavaThread "container-0" [_thread_blocked, id=404, stack(0x0000000de7f00000,0x0000000de8000000)]
  0x000001e91664e000 JavaThread "Catalina-utility-2" [_thread_blocked, id=4232, stack(0x0000000de7e00000,0x0000000de7f00000)]
  0x000001e91664d800 JavaThread "Catalina-utility-1" [_thread_blocked, id=2104, stack(0x0000000de7d00000,0x0000000de7e00000)]
  0x000001e9130f3800 JavaThread "RMI Scheduler(0)" daemon [_thread_blocked, id=7868, stack(0x0000000de7a00000,0x0000000de7b00000)]
  0x000001e9149ec000 JavaThread "RMI TCP Accept-0" daemon [_thread_in_native, id=6532, stack(0x0000000de7700000,0x0000000de7800000)]
  0x000001e91473e000 JavaThread "Service Thread" daemon [_thread_blocked, id=840, stack(0x0000000de7600000,0x0000000de7700000)]
  0x000001e9146e0800 JavaThread "C1 CompilerThread2" daemon [_thread_blocked, id=2252, stack(0x0000000de7500000,0x0000000de7600000)]
  0x000001e914696000 JavaThread "C2 CompilerThread1" daemon [_thread_blocked, id=7752, stack(0x0000000de7400000,0x0000000de7500000)]
  0x000001e914693800 JavaThread "C2 CompilerThread0" daemon [_thread_blocked, id=8448, stack(0x0000000de7300000,0x0000000de7400000)]
  0x000001e9130c3800 JavaThread "JDWP Command Reader" daemon [_thread_in_native, id=1748, stack(0x0000000de7200000,0x0000000de7300000)]
  0x000001e9130bd000 JavaThread "JDWP Event Helper Thread" daemon [_thread_blocked, id=8932, stack(0x0000000de7100000,0x0000000de7200000)]
  0x000001e9130ae000 JavaThread "JDWP Transport Listener: dt_socket" daemon [_thread_blocked, id=8300, stack(0x0000000de7000000,0x0000000de7100000)]
  0x000001e9130a6800 JavaThread "Attach Listener" daemon [_thread_blocked, id=1676, stack(0x0000000de6f00000,0x0000000de7000000)]
  0x000001e9130a5800 JavaThread "Signal Dispatcher" daemon [_thread_blocked, id=444, stack(0x0000000de6e00000,0x0000000de6f00000)]
  0x000001e91307a000 JavaThread "Finalizer" daemon [_thread_blocked, id=2944, stack(0x0000000de6d00000,0x0000000de6e00000)]
  0x000001e913079000 JavaThread "Reference Handler" daemon [_thread_blocked, id=1496, stack(0x0000000de6c00000,0x0000000de6d00000)]

Other Threads:
=>0x000001e91304e000 VMThread [stack: 0x0000000de6b00000,0x0000000de6c00000] [id=6948]
  0x000001e9149fa000 WatcherThread [stack: 0x0000000de7800000,0x0000000de7900000] [id=5540]

VM state:at safepoint (normal execution)

VM Mutex/Monitor currently owned by a thread:  ([mutex/lock_event])
[0x000001e97f8b3630] Threads_lock - owner thread: 0x000001e91304e000
[0x000001e97f8b2630] Heap_lock - owner thread: 0x000001e916875000

heap address: 0x00000000c8400000, size: 892 MB, Compressed Oops mode: 32-bit
Narrow klass base: 0x0000000000000000, Narrow klass shift: 3
Compressed class space size: 1073741824 Address: 0x0000000100000000

Heap:
 PSYoungGen      total 217600K, used 217575K [0x00000000ed700000, 0x00000000fd180000, 0x0000000100000000)
  eden space 211968K, 100% used [0x00000000ed700000,0x00000000fa600000,0x00000000fa600000)
  from space 5632K, 99% used [0x00000000fb980000,0x00000000fbef9c80,0x00000000fbf00000)
  to   space 13824K, 35% used [0x00000000fc400000,0x00000000fc8c9c80,0x00000000fd180000)
 ParOldGen       total 68096K, used 44531K [0x00000000c8400000, 0x00000000cc680000, 0x00000000ed700000)
  object space 68096K, 65% used [0x00000000c8400000,0x00000000caf7cce0,0x00000000cc680000)
 Metaspace       used 65670K, capacity 69775K, committed 69888K, reserved 1110016K
  class space    used 9221K, capacity 9947K, committed 9984K, reserved 1048576K

Card table byte_map: [0x000001e97fdf0000,0x000001e97ffb0000] byte_map_base: 0x000001e97f7ae000

Marking Bits: (ParMarkBitMap*) 0x0000000061d47fe0
 Begin Bits: [0x000001e910900000, 0x000001e9116f0000)
 End Bits:   [0x000001e9116f0000, 0x000001e9124e0000)

Polling page: 0x000001e97f9c0000

CodeCache: size=245760Kb used=14195Kb max_used=14195Kb free=231564Kb
 bounds [0x000001e901410000, 0x000001e9021f0000, 0x000001e910410000]
 total_blobs=8176 nmethods=7568 adapters=528
 compilation: enabled

Compilation events (10 events):
Event: 651.586 Thread 0x000001e9146e0800 7716       1       java.util.concurrent.atomic.AtomicIntegerFieldUpdater$AtomicIntegerFieldUpdaterImpl::get (17 bytes)
Event: 651.587 Thread 0x000001e9146e0800 nmethod 7716 0x000001e9021eb610 code [0x000001e9021eb780, 0x000001e9021eb8f0]
Event: 652.473 Thread 0x000001e9146e0800 7717   !   1       org.apache.catalina.core.ContainerBase::getRealmInternal (38 bytes)
Event: 652.487 Thread 0x000001e9146e0800 nmethod 7717 0x000001e9021eb9d0 code [0x000001e9021ebb80, 0x000001e9021ebea0]
Event: 662.473 Thread 0x000001e9146e0800 7718   !   1       org.apache.catalina.core.ContainerBase::getClusterInternal (38 bytes)
Event: 662.476 Thread 0x000001e9146e0800 nmethod 7718 0x000001e9021ec210 code [0x000001e9021ec3c0, 0x000001e9021ec6e0]
Event: 662.476 Thread 0x000001e9146e0800 7720   !   1       org.apache.catalina.core.ContainerBase::backgroundProcess (168 bytes)
Event: 662.507 Thread 0x000001e9146e0800 nmethod 7720 0x000001e9021eca50 code [0x000001e9021ecc80, 0x000001e9021ed530]
Event: 662.507 Thread 0x000001e9146e0800 7719   !   1       org.apache.catalina.core.ContainerBase$ContainerBackgroundProcessor::processChildren (202 bytes)
Event: 662.518 Thread 0x000001e9146e0800 nmethod 7719 0x000001e9021edc50 code [0x000001e9021edee0, 0x000001e9021eebd0]

GC Heap History (10 events):
Event: 436.287 GC heap after
Heap after GC invocations=22 (full 3):
 PSYoungGen      total 256000K, used 1977K [0x00000000ed700000, 0x00000000ff100000, 0x0000000100000000)
  eden space 253952K, 0% used [0x00000000ed700000,0x00000000ed700000,0x00000000fcf00000)
  from space 2048K, 96% used [0x00000000fda80000,0x00000000fdc6e4a8,0x00000000fdc80000)
  to   space 17408K, 0% used [0x00000000fe000000,0x00000000fe000000,0x00000000ff100000)
 ParOldGen       total 68096K, used 44515K [0x00000000c8400000, 0x00000000cc680000, 0x00000000ed700000)
  object space 68096K, 65% used [0x00000000c8400000,0x00000000caf78ce0,0x00000000cc680000)
 Metaspace       used 65664K, capacity 69769K, committed 69888K, reserved 1110016K
  class space    used 9220K, capacity 9946K, committed 9984K, reserved 1048576K
}
Event: 520.401 GC heap before
{Heap before GC invocations=23 (full 3):
 PSYoungGen      total 256000K, used 255929K [0x00000000ed700000, 0x00000000ff100000, 0x0000000100000000)
  eden space 253952K, 100% used [0x00000000ed700000,0x00000000fcf00000,0x00000000fcf00000)
  from space 2048K, 96% used [0x00000000fda80000,0x00000000fdc6e4a8,0x00000000fdc80000)
  to   space 17408K, 0% used [0x00000000fe000000,0x00000000fe000000,0x00000000ff100000)
 ParOldGen       total 68096K, used 44515K [0x00000000c8400000, 0x00000000cc680000, 0x00000000ed700000)
  object space 68096K, 65% used [0x00000000c8400000,0x00000000caf78ce0,0x00000000cc680000)
 Metaspace       used 65670K, capacity 69775K, committed 69888K, reserved 1110016K
  class space    used 9221K, capacity 9947K, committed 9984K, reserved 1048576K
Event: 520.469 GC heap after
Heap after GC invocations=23 (full 3):
 PSYoungGen      total 248320K, used 5575K [0x00000000ed700000, 0x00000000fe580000, 0x0000000100000000)
  eden space 242688K, 0% used [0x00000000ed700000,0x00000000ed700000,0x00000000fc400000)
  from space 5632K, 98% used [0x00000000fe000000,0x00000000fe571c80,0x00000000fe580000)
  to   space 16384K, 0% used [0x00000000fc580000,0x00000000fc580000,0x00000000fd580000)
 ParOldGen       total 68096K, used 44523K [0x00000000c8400000, 0x00000000cc680000, 0x00000000ed700000)
  object space 68096K, 65% used [0x00000000c8400000,0x00000000caf7ace0,0x00000000cc680000)
 Metaspace       used 65670K, capacity 69775K, committed 69888K, reserved 1110016K
  class space    used 9221K, capacity 9947K, committed 9984K, reserved 1048576K
}
Event: 604.194 GC heap before
{Heap before GC invocations=24 (full 3):
 PSYoungGen      total 248320K, used 248263K [0x00000000ed700000, 0x00000000fe580000, 0x0000000100000000)
  eden space 242688K, 100% used [0x00000000ed700000,0x00000000fc400000,0x00000000fc400000)
  from space 5632K, 98% used [0x00000000fe000000,0x00000000fe571c80,0x00000000fe580000)
  to   space 16384K, 0% used [0x00000000fc580000,0x00000000fc580000,0x00000000fd580000)
 ParOldGen       total 68096K, used 44523K [0x00000000c8400000, 0x00000000cc680000, 0x00000000ed700000)
  object space 68096K, 65% used [0x00000000c8400000,0x00000000caf7ace0,0x00000000cc680000)
 Metaspace       used 65670K, capacity 69775K, committed 69888K, reserved 1110016K
  class space    used 9221K, capacity 9947K, committed 9984K, reserved 1048576K
Event: 604.209 GC heap after
Heap after GC invocations=24 (full 3):
 PSYoungGen      total 237056K, used 4999K [0x00000000ed700000, 0x00000000fe080000, 0x0000000100000000)
  eden space 231936K, 0% used [0x00000000ed700000,0x00000000ed700000,0x00000000fb980000)
  from space 5120K, 97% used [0x00000000fc580000,0x00000000fca61c80,0x00000000fca80000)
  to   space 15872K, 0% used [0x00000000fd100000,0x00000000fd100000,0x00000000fe080000)
 ParOldGen       total 68096K, used 44523K [0x00000000c8400000, 0x00000000cc680000, 0x00000000ed700000)
  object space 68096K, 65% used [0x00000000c8400000,0x00000000caf7ace0,0x00000000cc680000)
 Metaspace       used 65670K, capacity 69775K, committed 69888K, reserved 1110016K
  class space    used 9221K, capacity 9947K, committed 9984K, reserved 1048576K
}
Event: 664.979 GC heap before
{Heap before GC invocations=25 (full 3):
 PSYoungGen      total 237056K, used 236935K [0x00000000ed700000, 0x00000000fe080000, 0x0000000100000000)
  eden space 231936K, 100% used [0x00000000ed700000,0x00000000fb980000,0x00000000fb980000)
  from space 5120K, 97% used [0x00000000fc580000,0x00000000fca61c80,0x00000000fca80000)
  to   space 15872K, 0% used [0x00000000fd100000,0x00000000fd100000,0x00000000fe080000)
 ParOldGen       total 68096K, used 44523K [0x00000000c8400000, 0x00000000cc680000, 0x00000000ed700000)
  object space 68096K, 65% used [0x00000000c8400000,0x00000000caf7ace0,0x00000000cc680000)
 Metaspace       used 65670K, capacity 69775K, committed 69888K, reserved 1110016K
  class space    used 9221K, capacity 9947K, committed 9984K, reserved 1048576K
Event: 665.012 GC heap after
Heap after GC invocations=25 (full 3):
 PSYoungGen      total 227328K, used 5607K [0x00000000ed700000, 0x00000000fd680000, 0x0000000100000000)
  eden space 221696K, 0% used [0x00000000ed700000,0x00000000ed700000,0x00000000faf80000)
  from space 5632K, 99% used [0x00000000fd100000,0x00000000fd679c80,0x00000000fd680000)
  to   space 14848K, 0% used [0x00000000fb980000,0x00000000fb980000,0x00000000fc800000)
 ParOldGen       total 68096K, used 44531K [0x00000000c8400000, 0x00000000cc680000, 0x00000000ed700000)
  object space 68096K, 65% used [0x00000000c8400000,0x00000000caf7cce0,0x00000000cc680000)
 Metaspace       used 65670K, capacity 69775K, committed 69888K, reserved 1110016K
  class space    used 9221K, capacity 9947K, committed 9984K, reserved 1048576K
}
Event: 730.507 GC heap before
{Heap before GC invocations=26 (full 3):
 PSYoungGen      total 227328K, used 227303K [0x00000000ed700000, 0x00000000fd680000, 0x0000000100000000)
  eden space 221696K, 100% used [0x00000000ed700000,0x00000000faf80000,0x00000000faf80000)
  from space 5632K, 99% used [0x00000000fd100000,0x00000000fd679c80,0x00000000fd680000)
  to   space 14848K, 0% used [0x00000000fb980000,0x00000000fb980000,0x00000000fc800000)
 ParOldGen       total 68096K, used 44531K [0x00000000c8400000, 0x00000000cc680000, 0x00000000ed700000)
  object space 68096K, 65% used [0x00000000c8400000,0x00000000caf7cce0,0x00000000cc680000)
 Metaspace       used 65670K, capacity 69775K, committed 69888K, reserved 1110016K
  class space    used 9221K, capacity 9947K, committed 9984K, reserved 1048576K
Event: 731.391 GC heap after
Heap after GC invocations=26 (full 3):
 PSYoungGen      total 217600K, used 5607K [0x00000000ed700000, 0x00000000fd180000, 0x0000000100000000)
  eden space 211968K, 0% used [0x00000000ed700000,0x00000000ed700000,0x00000000fa600000)
  from space 5632K, 99% used [0x00000000fb980000,0x00000000fbef9c80,0x00000000fbf00000)
  to   space 13824K, 0% used [0x00000000fc400000,0x00000000fc400000,0x00000000fd180000)
 ParOldGen       total 68096K, used 44531K [0x00000000c8400000, 0x00000000cc680000, 0x00000000ed700000)
  object space 68096K, 65% used [0x00000000c8400000,0x00000000caf7cce0,0x00000000cc680000)
 Metaspace       used 65670K, capacity 69775K, committed 69888K, reserved 1110016K
  class space    used 9221K, capacity 9947K, committed 9984K, reserved 1048576K
}
Event: 794.363 GC heap before
{Heap before GC invocations=27 (full 3):
 PSYoungGen      total 217600K, used 217575K [0x00000000ed700000, 0x00000000fd180000, 0x0000000100000000)
  eden space 211968K, 100% used [0x00000000ed700000,0x00000000fa600000,0x00000000fa600000)
  from space 5632K, 99% used [0x00000000fb980000,0x00000000fbef9c80,0x00000000fbf00000)
  to   space 13824K, 0% used [0x00000000fc400000,0x00000000fc400000,0x00000000fd180000)
 ParOldGen       total 68096K, used 44531K [0x00000000c8400000, 0x00000000cc680000, 0x00000000ed700000)
  object space 68096K, 65% used [0x00000000c8400000,0x00000000caf7cce0,0x00000000cc680000)
 Metaspace       used 65670K, capacity 69775K, committed 69888K, reserved 1110016K
  class space    used 9221K, capacity 9947K, committed 9984K, reserved 1048576K

Deoptimization events (0 events):
No events

Classes redefined (0 events):
No events

Internal exceptions (10 events):
Event: 53.222 Thread 0x000001e918b16800 Exception <a 'java/lang/ArrayIndexOutOfBoundsException'> (0x00000000f8db3970) thrown at [C:\jenkins\workspace\8-2-build-windows-amd64-cygwin\jdk8u291\1294\hotspot\src\share\vm\runtime\sharedRuntime.cpp, line 609]
Event: 53.357 Thread 0x000001e918b16800 Exception <a 'java/lang/ArrayIndexOutOfBoundsException'> (0x00000000f8fb8338) thrown at [C:\jenkins\workspace\8-2-build-windows-amd64-cygwin\jdk8u291\1294\hotspot\src\share\vm\runtime\sharedRuntime.cpp, line 609]
Event: 366.080 Thread 0x000001e918b18000 Exception <a 'java/lang/ClassNotFoundException': org/springframework/security/web/csrf/DefaultCsrfTokenBeanInfo> (0x00000000fa972160) thrown at [C:\jenkins\workspace\8-2-build-windows-amd64-cygwin\jdk8u291\1294\hotspot\src\share\vm\classfile\systemDiction
Event: 366.099 Thread 0x000001e918b18000 Exception <a 'java/lang/ClassNotFoundException': org/springframework/security/web/csrf/DefaultCsrfTokenCustomizer> (0x00000000fa992988) thrown at [C:\jenkins\workspace\8-2-build-windows-amd64-cygwin\jdk8u291\1294\hotspot\src\share\vm\classfile\systemDicti
Event: 371.423 Thread 0x000001e916879000 Exception <a 'java/lang/ArrayIndexOutOfBoundsException'> (0x00000000fbd58450) thrown at [C:\jenkins\workspace\8-2-build-windows-amd64-cygwin\jdk8u291\1294\hotspot\src\share\vm\runtime\sharedRuntime.cpp, line 609]
Event: 371.894 Thread 0x000001e916879000 Exception <a 'java/lang/ClassNotFoundException': com/example/KinoCMS/domain/CinemasBeanInfo> (0x00000000fc4301d8) thrown at [C:\jenkins\workspace\8-2-build-windows-amd64-cygwin\jdk8u291\1294\hotspot\src\share\vm\classfile\systemDictionary.cpp, line 212]
Event: 371.897 Thread 0x000001e916879000 Exception <a 'java/lang/ClassNotFoundException': com/example/KinoCMS/domain/CinemasCustomizer> (0x00000000fc44bae8) thrown at [C:\jenkins\workspace\8-2-build-windows-amd64-cygwin\jdk8u291\1294\hotspot\src\share\vm\classfile\systemDictionary.cpp, line 212]
Event: 386.869 Thread 0x000001e916879800 Exception <a 'java/lang/ClassNotFoundException': java/lang/ObjectCustomizer> (0x00000000f0d12cd8) thrown at [C:\jenkins\workspace\8-2-build-windows-amd64-cygwin\jdk8u291\1294\hotspot\src\share\vm\classfile\systemDictionary.cpp, line 212]
Event: 386.870 Thread 0x000001e916879800 Exception <a 'java/lang/ArrayIndexOutOfBoundsException'> (0x00000000f0d16208) thrown at [C:\jenkins\workspace\8-2-build-windows-amd64-cygwin\jdk8u291\1294\hotspot\src\share\vm\runtime\sharedRuntime.cpp, line 609]
Event: 386.872 Thread 0x000001e916879800 Exception <a 'java/lang/ClassNotFoundException': com/example/KinoCMS/domain/CinemasCustomizer> (0x00000000f0d32468) thrown at [C:\jenkins\workspace\8-2-build-windows-amd64-cygwin\jdk8u291\1294\hotspot\src\share\vm\classfile\systemDictionary.cpp, line 212]

Events (10 events):
Event: 500.757 Thread 0x000001e918b15800 DEOPT UNPACKING pc=0x000001e901457498 sp=0x0000000de8efee80 mode 1
Event: 520.400 Executing VM operation: ParallelGCFailedAllocation
Event: 520.470 Executing VM operation: ParallelGCFailedAllocation done
Event: 604.192 Executing VM operation: ParallelGCFailedAllocation
Event: 604.209 Executing VM operation: ParallelGCFailedAllocation done
Event: 664.978 Executing VM operation: ParallelGCFailedAllocation
Event: 665.012 Executing VM operation: ParallelGCFailedAllocation done
Event: 730.460 Executing VM operation: ParallelGCFailedAllocation
Event: 731.392 Executing VM operation: ParallelGCFailedAllocation done
Event: 794.362 Executing VM operation: ParallelGCFailedAllocation


Dynamic libraries:
0x00007ff72ed90000 - 0x00007ff72edd7000 	C:\Program Files\Java\jdk1.8.0_291\bin\java.exe
0x00007ffdd5ee0000 - 0x00007ffdd60d0000 	C:\WINDOWS\SYSTEM32\ntdll.dll
0x00007ffdd5430000 - 0x00007ffdd54e2000 	C:\WINDOWS\System32\KERNEL32.DLL
0x00007ffdd31a0000 - 0x00007ffdd3445000 	C:\WINDOWS\System32\KERNELBASE.dll
0x00007ffdd4320000 - 0x00007ffdd43c3000 	C:\WINDOWS\System32\ADVAPI32.dll
0x00007ffdd4ee0000 - 0x00007ffdd4f7e000 	C:\WINDOWS\System32\msvcrt.dll
0x00007ffdd5030000 - 0x00007ffdd50c7000 	C:\WINDOWS\System32\sechost.dll
0x00007ffdd4200000 - 0x00007ffdd431f000 	C:\WINDOWS\System32\RPCRT4.dll
0x00007ffdd46c0000 - 0x00007ffdd4854000 	C:\WINDOWS\System32\USER32.dll
0x00007ffdd3060000 - 0x00007ffdd3081000 	C:\WINDOWS\System32\win32u.dll
0x00007ffdd4f80000 - 0x00007ffdd4fa6000 	C:\WINDOWS\System32\GDI32.dll
0x00007ffdd3df0000 - 0x00007ffdd3f88000 	C:\WINDOWS\System32\gdi32full.dll
0x00007ffdd35d0000 - 0x00007ffdd366e000 	C:\WINDOWS\System32\msvcp_win.dll
0x00007ffdd3480000 - 0x00007ffdd357a000 	C:\WINDOWS\System32\ucrtbase.dll
0x00007ffdc4300000 - 0x00007ffdc4584000 	C:\WINDOWS\WinSxS\amd64_microsoft.windows.common-controls_6595b64144ccf1df_6.0.18362.1556_none_9e7e372fe45e41d5\COMCTL32.dll
0x00007ffdd50d0000 - 0x00007ffdd5406000 	C:\WINDOWS\System32\combase.dll
0x00007ffdd3090000 - 0x00007ffdd3111000 	C:\WINDOWS\System32\bcryptPrimitives.dll
0x00007ffdd5e70000 - 0x00007ffdd5e9e000 	C:\WINDOWS\System32\IMM32.DLL
0x00007ffdcad40000 - 0x00007ffdcad55000 	C:\Program Files\Java\jdk1.8.0_291\jre\bin\vcruntime140.dll
0x00007ffdc5060000 - 0x00007ffdc50fb000 	C:\Program Files\Java\jdk1.8.0_291\jre\bin\msvcp140.dll
0x0000000061560000 - 0x0000000061dc0000 	C:\Program Files\Java\jdk1.8.0_291\jre\bin\server\jvm.dll
0x00007ffdd54f0000 - 0x00007ffdd54f8000 	C:\WINDOWS\System32\PSAPI.DLL
0x00007ffdcfa50000 - 0x00007ffdcfa59000 	C:\WINDOWS\SYSTEM32\WSOCK32.dll
0x00007ffdd5bf0000 - 0x00007ffdd5c5f000 	C:\WINDOWS\System32\WS2_32.dll
0x00007ffdcfa20000 - 0x00007ffdcfa44000 	C:\WINDOWS\SYSTEM32\WINMM.dll
0x00007ffdcad90000 - 0x00007ffdcad9a000 	C:\WINDOWS\SYSTEM32\VERSION.dll
0x00007ffdcf9f0000 - 0x00007ffdcfa1d000 	C:\WINDOWS\SYSTEM32\WINMMBASE.dll
0x00007ffdd3580000 - 0x00007ffdd35ca000 	C:\WINDOWS\System32\cfgmgr32.dll
0x00007ffdd2e30000 - 0x00007ffdd2e41000 	C:\WINDOWS\System32\kernel.appcore.dll
0x00007ffdca0c0000 - 0x00007ffdca0d0000 	C:\Program Files\Java\jdk1.8.0_291\jre\bin\verify.dll
0x00007ffdca090000 - 0x00007ffdca0bb000 	C:\Program Files\Java\jdk1.8.0_291\jre\bin\java.dll
0x00007ffdc2ea0000 - 0x00007ffdc2ed6000 	C:\Program Files\Java\jdk1.8.0_291\jre\bin\jdwp.dll
0x00007ffdca060000 - 0x00007ffdca069000 	C:\Program Files\Java\jdk1.8.0_291\jre\bin\npt.dll
0x00007ffdc4fb0000 - 0x00007ffdc4fe0000 	C:\Program Files\Java\jdk1.8.0_291\jre\bin\instrument.dll
0x00007ffdca070000 - 0x00007ffdca088000 	C:\Program Files\Java\jdk1.8.0_291\jre\bin\zip.dll
0x00007ffdd5500000 - 0x00007ffdd5be7000 	C:\WINDOWS\System32\SHELL32.dll
0x00007ffdd4e30000 - 0x00007ffdd4ed8000 	C:\WINDOWS\System32\shcore.dll
0x00007ffdd3670000 - 0x00007ffdd3deb000 	C:\WINDOWS\System32\windows.storage.dll
0x00007ffdd2e10000 - 0x00007ffdd2e2e000 	C:\WINDOWS\System32\profapi.dll
0x00007ffdd2dc0000 - 0x00007ffdd2e0a000 	C:\WINDOWS\System32\powrprof.dll
0x00007ffdd2d90000 - 0x00007ffdd2da0000 	C:\WINDOWS\System32\UMPDC.dll
0x00007ffdd5e10000 - 0x00007ffdd5e62000 	C:\WINDOWS\System32\shlwapi.dll
0x00007ffdd3120000 - 0x00007ffdd3137000 	C:\WINDOWS\System32\cryptsp.dll
0x00007ffdca050000 - 0x00007ffdca05a000 	C:\Program Files\Java\jdk1.8.0_291\jre\bin\dt_socket.dll
0x00007ffdd25d0000 - 0x00007ffdd2637000 	C:\WINDOWS\system32\mswsock.dll
0x00007ffdc8690000 - 0x00007ffdc86ac000 	C:\Program Files\Java\jdk1.8.0_291\jre\bin\net.dll
0x00007ffdd2320000 - 0x00007ffdd23eb000 	C:\WINDOWS\SYSTEM32\DNSAPI.dll
0x00007ffdd5d30000 - 0x00007ffdd5d38000 	C:\WINDOWS\System32\NSI.dll
0x00007ffdd22e0000 - 0x00007ffdd231a000 	C:\WINDOWS\SYSTEM32\IPHLPAPI.DLL
0x00007ffdca100000 - 0x00007ffdca10a000 	C:\Windows\System32\rasadhlp.dll
0x00007ffdca8b0000 - 0x00007ffdca927000 	C:\WINDOWS\System32\fwpuclnt.dll
0x00007ffdd3450000 - 0x00007ffdd3476000 	C:\WINDOWS\System32\bcrypt.dll
0x00007ffdc4b20000 - 0x00007ffdc4b2d000 	C:\Program Files\Java\jdk1.8.0_291\jre\bin\management.dll
0x00007ffdc2e80000 - 0x00007ffdc2e93000 	C:\Program Files\Java\jdk1.8.0_291\jre\bin\nio.dll
0x00007ffdd2150000 - 0x00007ffdd2183000 	C:\WINDOWS\system32\rsaenh.dll
0x00007ffdd2c80000 - 0x00007ffdd2ca5000 	C:\WINDOWS\SYSTEM32\USERENV.dll
0x00007ffdd27a0000 - 0x00007ffdd27ac000 	C:\WINDOWS\SYSTEM32\CRYPTBASE.dll
0x00007ffdcaa90000 - 0x00007ffdcaaa6000 	C:\WINDOWS\SYSTEM32\dhcpcsvc6.DLL
0x00007ffdcb100000 - 0x00007ffdcb11c000 	C:\WINDOWS\SYSTEM32\dhcpcsvc.DLL
0x00007ffdc6bb0000 - 0x00007ffdc6bc6000 	C:\WINDOWS\system32\napinsp.dll
0x00007ffdc6200000 - 0x00007ffdc621a000 	C:\WINDOWS\system32\pnrpnsp.dll
0x00007ffdc60d0000 - 0x00007ffdc60de000 	C:\WINDOWS\System32\winrnr.dll
0x00007ffdcf720000 - 0x00007ffdcf73c000 	C:\WINDOWS\system32\NLAapi.dll
0x00007ffdc60b0000 - 0x00007ffdc60c5000 	C:\WINDOWS\system32\wshbth.dll
0x00007ffdb5660000 - 0x00007ffdb5684000 	C:\Program Files\Java\jdk1.8.0_291\jre\bin\sunec.dll
0x00007ffdc2e70000 - 0x00007ffdc2e7d000 	C:\Program Files\Java\jdk1.8.0_291\jre\bin\sunmscapi.dll
0x00007ffdd2f00000 - 0x00007ffdd3051000 	C:\WINDOWS\System32\CRYPT32.dll
0x00007ffdd2da0000 - 0x00007ffdd2db2000 	C:\WINDOWS\System32\MSASN1.dll
0x00007ffdd28b0000 - 0x00007ffdd28d6000 	C:\WINDOWS\SYSTEM32\ncrypt.dll
0x00007ffdd2870000 - 0x00007ffdd28ab000 	C:\WINDOWS\SYSTEM32\NTASN1.dll
0x00007ffdc5110000 - 0x00007ffdc5304000 	C:\WINDOWS\SYSTEM32\dbghelp.dll

VM Arguments:
jvm_args: -agentlib:jdwp=transport=dt_socket,address=127.0.0.1:52418,suspend=y,server=n -XX:TieredStopAtLevel=1 -Xverify:none -Dspring.output.ansi.enabled=always -javaagent:C:\Users\38096\AppData\Local\JetBrains\IntelliJIdea2021.2\captureAgent\debugger-agent.jar -Dcom.sun.management.jmxremote -Dspring.jmx.enabled=true -Dspring.liveBeansView.mbeanDomain -Dspring.application.admin.enabled=true -Dfile.encoding=UTF-8 
java_command: com.example.KinoCMS.Application
java_class_path (initial): C:\Program Files\Java\jdk1.8.0_291\jre\lib\charsets.jar;C:\Program Files\Java\jdk1.8.0_291\jre\lib\deploy.jar;C:\Program Files\Java\jdk1.8.0_291\jre\lib\ext\access-bridge-64.jar;C:\Program Files\Java\jdk1.8.0_291\jre\lib\ext\cldrdata.jar;C:\Program Files\Java\jdk1.8.0_291\jre\lib\ext\dnsns.jar;C:\Program Files\Java\jdk1.8.0_291\jre\lib\ext\jaccess.jar;C:\Program Files\Java\jdk1.8.0_291\jre\lib\ext\jfxrt.jar;C:\Program Files\Java\jdk1.8.0_291\jre\lib\ext\localedata.jar;C:\Program Files\Java\jdk1.8.0_291\jre\lib\ext\nashorn.jar;C:\Program Files\Java\jdk1.8.0_291\jre\lib\ext\sunec.jar;C:\Program Files\Java\jdk1.8.0_291\jre\lib\ext\sunjce_provider.jar;C:\Program Files\Java\jdk1.8.0_291\jre\lib\ext\sunmscapi.jar;C:\Program Files\Java\jdk1.8.0_291\jre\lib\ext\sunpkcs11.jar;C:\Program Files\Java\jdk1.8.0_291\jre\lib\ext\zipfs.jar;C:\Program Files\Java\jdk1.8.0_291\jre\lib\javaws.jar;C:\Program Files\Java\jdk1.8.0_291\jre\lib\jce.jar;C:\Program Files\Java\jdk1.8.0_291\jre\lib\jfr.jar;C:\Program Files\Java\jdk1.8.0_291\jre\lib\jfxswt.jar;C:\Program Files\Java\jdk1.8.0_291\jre\lib\jsse.jar;C:\Program Files\Java\jdk1.8.0_291\jre\lib\management-agent.jar;C:\Program Files\Java\jdk1.8.0_291\jre\lib\plugin.jar;C:\Program Files\Java\jdk1.8.0_291\jre\lib\resources.jar;C:\Program Files\Java\jdk1.8.0_291\jre\lib\rt.jar;C:\Users\38096\IdeaProjects\KinoCMS\target\classes;C:\Users\38096\AppData\Roaming\JetBrains\IntelliJIdea2021.2\javascript\extLibs\http_cdn.jsdelivr.net_npm_bootstrap@4.6.1_dist_css_bootstrap.css;C:\Users\38096\AppData\Roaming\JetBrains\IntelliJIdea2021.2\javascript\extLibs\http_cdn.jsdelivr.net_npm_bootstrap@4.6.1_dist_js_bootstrap.bundle.js;C:\Users\38096\AppData\Roaming\JetBrains\IntelliJIdea2021.2\javascript\extLibs\http_cdn.jsdelivr.net_npm_bootstrap@5.0.2_dist_css_bootstrap.css;C:\Users\38096\AppData\Roaming\JetBrains\IntelliJIdea2021.2\javascript\extLibs\http_cdn.jsdelivr.net_npm_bootstrap@5.0.2_dist_js_bootstrap.bundle.js;C:\Users\380
Launcher Type: SUN_STANDARD

Environment Variables:
PATH=C:\Program Files (x86)\Common Files\Oracle\Java\javapath;C:\Python27\;C:\Python27\Scripts;C:\WINDOWS\system32;C:\WINDOWS;C:\WINDOWS\System32\Wbem;C:\WINDOWS\System32\WindowsPowerShell\v1.0\;C:\WINDOWS\System32\OpenSSH\;C:\Program Files (x86)\ATI Technologies\ATI.ACE\Core-Static;C:\Program Files\dotnet\;C:\Program Files (x86)\dotnet\;C:\Users\38096\;C:\ProgramData\chocolatey\bin;C:\PHP;D:\Git\cmd;C:\Program Files\MySQL\MySQL Shell 8.0\bin\;C:\Users\38096\AppData\Local\Microsoft\WindowsApps;C:\Users\38096\AppData\Roaming\npm;C:\Users\38096\AppData\Local\Programs\Microsoft VS Code\bin;
USERNAME=38096
OS=Windows_NT
PROCESSOR_IDENTIFIER=AMD64 Family 18 Model 1 Stepping 0, AuthenticAMD



---------------  S Y S T E M  ---------------

OS: Windows 10.0 , 64 bit Build 18362 (10.0.18362.1500)

CPU:total 4 (initial active 4) (4 cores per cpu, 1 threads per core) family 18 model 1 stepping 0, cmov, cx8, fxsr, mmx, sse, sse2, sse3, popcnt, mmxext, 3dnowpref, lzcnt, sse4a, tsc, tscinvbit, tscinv

Memory: 4k page, physical 3648412k(365840k free), swap 8888372k(1786052k free)

vm_info: Java HotSpot(TM) 64-Bit Server VM (25.291-b10) for windows-amd64 JRE (1.8.0_291-b10), built on Apr  9 2021 00:02:00 by "java_re" with MS VC++ 15.9 (VS2017)

time: Mon Dec 20 12:34:43 2021
timezone: Oeieyiaey (ceia)
elapsed time: 794.554427 seconds (0d 0h 13m 14s)

