#
# A fatal error has been detected by the Java Runtime Environment:
#
#  EXCEPTION_ACCESS_VIOLATION (0xc0000005) at pc=0x000000005ecd2c94, pid=1772, tid=0x0000000000001a18
#
# JRE version: Java(TM) SE Runtime Environment (8.0_291-b10) (build 1.8.0_291-b10)
# Java VM: Java HotSpot(TM) 64-Bit Server VM (25.291-b10 mixed mode windows-amd64 compressed oops)
# Problematic frame:
# V  [jvm.dll+0x112c94]
#
# Failed to write core dump. Minidumps are not enabled by default on client versions of Windows
#
# If you would like to submit a bug report, please visit:
#   http://bugreport.java.com/bugreport/crash.jsp
#

---------------  T H R E A D  ---------------

Current thread (0x00000207bd946000):  GCTaskThread [stack: 0x00000095eac00000,0x00000095ead00000] [id=6680]

siginfo: ExceptionCode=0xc0000005, reading address 0xffffffffffffffff

Registers:
RAX=0x00000207ce900000, RBX=0x0000000000000100, RCX=0x0000000000000000, RDX=0x0000000000000020
RSP=0x00000095eacff490, RBP=0x00000207bd94b560, RSI=0x000000000000000a, RDI=0x00000000c9b36eac
R8 =0x007fffffff9be000, R9 =0x0000000100001ef8, R10=0x0000000000001afe, R11=0x00000000c99dc390
R12=0x0000000000000000, R13=0x0000000100002180, R14=0x0000000100002178, R15=0x000000000000000e
RIP=0x000000005ecd2c94, EFLAGS=0x0000000000010202

Top of Stack: (sp=0x00000095eacff490)
0x00000095eacff490:   00000207d16fd808 00000207bd94b560
0x00000095eacff4a0:   00000000c99dc38c 000000005ecd2462
0x00000095eacff4b0:   000000005f1db740 0000000000000000
0x00000095eacff4c0:   00000000c9b36e78 00000207bd94b560
0x00000095eacff4d0:   00000095eacff590 000000005ecdca9a
0x00000095eacff4e0:   00000207bd946680 00000207bd943340
0x00000095eacff4f0:   00000000c9b36e78 0000000000001af6
0x00000095eacff500:   00000207d0f6f560 000000005ef8970a
0x00000095eacff510:   00000207bd946680 00000207bd943340
0x00000095eacff520:   0000000000001af6 00000207bd94b560
0x00000095eacff530:   000000005f1db740 000000005ecd2462
0x00000095eacff540:   00000000c85b1510 00000095eacff639
0x00000095eacff550:   0000000000000000 0000000000000004
0x00000095eacff560:   00000207bd94b560 000000005eccc7f1
0x00000095eacff570:   00000207d16f13a0 0000000000000000
0x00000095eacff580:   0000000000000000 00000207bd946680 

Instructions: (pc=0x000000005ecd2c94)
0x000000005ecd2c74:   05 67 53 6d 00 49 c1 e8 03 49 d3 e8 41 0f b6 c0
0x000000005ecd2c84:   49 c1 e8 06 24 3f 0f b6 d0 48 8b 05 7c 53 6d 00
0x000000005ecd2c94:   4a 8b 0c c0 48 0f a3 d1 72 27 48 8b cb e8 5a f7
0x000000005ecd2ca4:   ff ff 84 c0 74 1b 48 8b d3 48 8b cd e8 0b 81 00 


Register to memory mapping:

RAX=0x00000207ce900000 is an unknown value
RBX=0x0000000000000100 is an unknown value
RCX=0x0000000000000000 is an unknown value
RDX=0x0000000000000020 is an unknown value
RSP=0x00000095eacff490 is an unknown value
RBP=0x00000207bd94b560 is an unknown value
RSI=0x000000000000000a is an unknown value
RDI=0x00000000c9b36eac is pointing into object: 0x00000000c9b36e78
java.lang.Class 
 - klass: 'java/lang/Class'
R8 =0x007fffffff9be000 is an unknown value
R9 =0x0000000100001ef8 is pointing into metadata
R10=0x0000000000001afe is an unknown value
R11=0x00000000c99dc390 is an oop
[Lcom.mysql.cj.protocol.a.NativeConstants$IntegerDataType; 
 - klass: 'com/mysql/cj/protocol/a/NativeConstants$IntegerDataType'[]
 - length: 7
R12=0x0000000000000000 is an unknown value
R13=0x0000000100002180 is pointing into metadata
R14=0x0000000100002178 is pointing into metadata
R15=0x000000000000000e is an unknown value


Stack: [0x00000095eac00000,0x00000095ead00000],  sp=0x00000095eacff490,  free space=1021k
Native frames: (J=compiled Java code, j=interpreted, Vv=VM code, C=native code)
V  [jvm.dll+0x112c94]
V  [jvm.dll+0x11ca9a]
V  [jvm.dll+0x3c970a]
V  [jvm.dll+0x3c6f70]
V  [jvm.dll+0x3c4d79]
V  [jvm.dll+0x29210c]
C  [ucrtbase.dll+0x210b2]
C  [KERNEL32.DLL+0x17c24]
C  [ntdll.dll+0x6d721]


---------------  P R O C E S S  ---------------

Java Threads: ( => current thread )
  0x00000207d47e9000 JavaThread "HikariPool-1 housekeeper" daemon [_thread_blocked, id=4876, stack(0x00000095ec700000,0x00000095ec800000)]
  0x00000207d4634800 JavaThread "mysql-cj-abandoned-connection-cleanup" daemon [_thread_blocked, id=4816, stack(0x00000095ec500000,0x00000095ec600000)]
  0x00000207d45d4800 JavaThread "container-0" [_thread_blocked, id=7000, stack(0x00000095ec400000,0x00000095ec500000)]
  0x00000207d4629000 JavaThread "Catalina-utility-2" [_thread_blocked, id=7288, stack(0x00000095ec300000,0x00000095ec400000)]
  0x00000207d4628000 JavaThread "Catalina-utility-1" [_thread_blocked, id=8084, stack(0x00000095ec200000,0x00000095ec300000)]
  0x00000207d2cb2800 JavaThread "restartedMain" [_thread_blocked, id=5680, stack(0x00000095ec100000,0x00000095ec200000)]
  0x00000207d2cb0000 JavaThread "Thread-2" [_thread_blocked, id=3036, stack(0x00000095ec000000,0x00000095ec100000)]
  0x00000207d23d1800 JavaThread "RMI Scheduler(0)" daemon [_thread_blocked, id=1028, stack(0x00000095ebf00000,0x00000095ec000000)]
  0x00000207d2abb800 JavaThread "RMI TCP Connection(1)-192.168.1.53" daemon [_thread_in_native, id=876, stack(0x00000095ebe00000,0x00000095ebf00000)]
  0x00000207d2983800 JavaThread "RMI TCP Accept-0" daemon [_thread_in_native, id=2252, stack(0x00000095ebc00000,0x00000095ebd00000)]
  0x00000207d26b4000 JavaThread "Service Thread" daemon [_thread_blocked, id=3728, stack(0x00000095ebb00000,0x00000095ebc00000)]
  0x00000207d26ad000 JavaThread "C1 CompilerThread2" daemon [_thread_blocked, id=7208, stack(0x00000095eba00000,0x00000095ebb00000)]
  0x00000207d268e800 JavaThread "C2 CompilerThread1" daemon [_thread_blocked, id=5428, stack(0x00000095eb900000,0x00000095eba00000)]
  0x00000207d2651000 JavaThread "C2 CompilerThread0" daemon [_thread_blocked, id=4268, stack(0x00000095eb800000,0x00000095eb900000)]
  0x00000207d10c1800 JavaThread "JDWP Command Reader" daemon [_thread_in_native, id=6820, stack(0x00000095eb700000,0x00000095eb800000)]
  0x00000207d10bd800 JavaThread "JDWP Event Helper Thread" daemon [_thread_blocked, id=4704, stack(0x00000095eb600000,0x00000095eb700000)]
  0x00000207d10b8800 JavaThread "JDWP Transport Listener: dt_socket" daemon [_thread_blocked, id=1232, stack(0x00000095eb500000,0x00000095eb600000)]
  0x00000207d10a2800 JavaThread "Attach Listener" daemon [_thread_blocked, id=8112, stack(0x00000095eb400000,0x00000095eb500000)]
  0x00000207d10a1000 JavaThread "Signal Dispatcher" daemon [_thread_blocked, id=3180, stack(0x00000095eb300000,0x00000095eb400000)]
  0x00000207d107e000 JavaThread "Finalizer" daemon [_thread_blocked, id=5196, stack(0x00000095eb200000,0x00000095eb300000)]
  0x00000207d1075800 JavaThread "Reference Handler" daemon [_thread_blocked, id=1088, stack(0x00000095eb100000,0x00000095eb200000)]
  0x00000207bd933000 JavaThread "main" [_thread_blocked, id=4748, stack(0x00000095eab00000,0x00000095eac00000)]

Other Threads:
  0x00000207d1049000 VMThread [stack: 0x00000095eb000000,0x00000095eb100000] [id=864]
  0x00000207d2990800 WatcherThread [stack: 0x00000095ebd00000,0x00000095ebe00000] [id=3064]

=>0x00000207bd946000 (exited) GCTaskThread [stack: 0x00000095eac00000,0x00000095ead00000] [id=6680]

VM state:at safepoint (normal execution)

VM Mutex/Monitor currently owned by a thread:  ([mutex/lock_event])
[0x00000207bd9311b0] Threads_lock - owner thread: 0x00000207d1049000
[0x00000207bd92fbb0] Heap_lock - owner thread: 0x00000207d2cb2800

heap address: 0x00000000c8400000, size: 892 MB, Compressed Oops mode: 32-bit
Narrow klass base: 0x0000000000000000, Narrow klass shift: 3
Compressed class space size: 1073741824 Address: 0x0000000100000000

Heap:
 PSYoungGen      total 262656K, used 13798K [0x00000000ed700000, 0x0000000100000000, 0x0000000100000000)
  eden space 248832K, 0% used [0x00000000ed700000,0x00000000ed700000,0x00000000fca00000)
  from space 13824K, 99% used [0x00000000fca00000,0x00000000fd779aa8,0x00000000fd780000)
  to   space 18432K, 0% used [0x00000000fee00000,0x00000000fee00000,0x0000000100000000)
 ParOldGen       total 44544K, used 26028K [0x00000000c8400000, 0x00000000caf80000, 0x00000000ed700000)
  object space 44544K, 58% used [0x00000000c8400000,0x00000000c9d6b0d0,0x00000000caf80000)
 Metaspace       used 55396K, capacity 59021K, committed 59096K, reserved 1099776K
  class space    used 7718K, capacity 8333K, committed 8408K, reserved 1048576K

Card table byte_map: [0x00000207ce610000,0x00000207ce7d0000] byte_map_base: 0x00000207cdfce000

Marking Bits: (ParMarkBitMap*) 0x000000005f3a7fe0
 Begin Bits: [0x00000207ce900000, 0x00000207cf6f0000)
 End Bits:   [0x00000207cf6f0000, 0x00000207d04e0000)

Polling page: 0x00000207bda20000

CodeCache: size=245760Kb used=10758Kb max_used=10758Kb free=235001Kb
 bounds [0x00000207bf250000, 0x00000207bfce0000, 0x00000207ce250000]
 total_blobs=6106 nmethods=5545 adapters=481
 compilation: enabled

Compilation events (10 events):
Event: 23.501 Thread 0x00000207d26ad000 5609       1       org.springframework.context.support.ApplicationObjectSupport::getApplicationContext (51 bytes)
Event: 23.502 Thread 0x00000207d26ad000 nmethod 5609 0x00000207bfcd0650 code [0x00000207bfcd0820, 0x00000207bfcd0c70]
Event: 23.502 Thread 0x00000207d26ad000 5608       1       org.springframework.core.annotation.SynthesizedMergedAnnotationInvocationHandler::<init> (57 bytes)
Event: 23.503 Thread 0x00000207d26ad000 nmethod 5608 0x00000207bfcd0f50 code [0x00000207bfcd1120, 0x00000207bfcd1680]
Event: 23.503 Thread 0x00000207d26ad000 5610       1       org.springframework.context.support.ApplicationObjectSupport::obtainApplicationContext (21 bytes)
Event: 23.504 Thread 0x00000207d26ad000 nmethod 5610 0x00000207bfcd1a90 code [0x00000207bfcd1c00, 0x00000207bfcd1e00]
Event: 23.504 Thread 0x00000207d26ad000 5611       1       org.springframework.context.support.AbstractApplicationContext::getType (15 bytes)
Event: 23.504 Thread 0x00000207d26ad000 nmethod 5611 0x00000207bfcd1f50 code [0x00000207bfcd20c0, 0x00000207bfcd2250]
Event: 23.504 Thread 0x00000207d26ad000 5612   !   1       org.springframework.web.servlet.handler.AbstractHandlerMethodMapping::processCandidateBean (81 bytes)
Event: 23.505 Thread 0x00000207d26ad000 nmethod 5612 0x00000207bfcd2310 code [0x00000207bfcd2520, 0x00000207bfcd2ab0]

GC Heap History (10 events):
Event: 12.517 GC heap after
Heap after GC invocations=11 (full 1):
 PSYoungGen      total 183808K, used 9633K [0x00000000ed700000, 0x00000000f9680000, 0x0000000100000000)
  eden space 173568K, 0% used [0x00000000ed700000,0x00000000ed700000,0x00000000f8080000)
  from space 10240K, 94% used [0x00000000f8c80000,0x00000000f95e84b8,0x00000000f9680000)
  to   space 11264K, 0% used [0x00000000f8080000,0x00000000f8080000,0x00000000f8b80000)
 ParOldGen       total 27136K, used 8260K [0x00000000c8400000, 0x00000000c9e80000, 0x00000000ed700000)
  object space 27136K, 30% used [0x00000000c8400000,0x00000000c8c11338,0x00000000c9e80000)
 Metaspace       used 29405K, capacity 31528K, committed 31872K, reserved 1077248K
  class space    used 3956K, capacity 4370K, committed 4480K, reserved 1048576K
}
Event: 13.967 GC heap before
{Heap before GC invocations=12 (full 1):
 PSYoungGen      total 183808K, used 77141K [0x00000000ed700000, 0x00000000f9680000, 0x0000000100000000)
  eden space 173568K, 38% used [0x00000000ed700000,0x00000000f18ed228,0x00000000f8080000)
  from space 10240K, 94% used [0x00000000f8c80000,0x00000000f95e84b8,0x00000000f9680000)
  to   space 11264K, 0% used [0x00000000f8080000,0x00000000f8080000,0x00000000f8b80000)
 ParOldGen       total 27136K, used 8260K [0x00000000c8400000, 0x00000000c9e80000, 0x00000000ed700000)
  object space 27136K, 30% used [0x00000000c8400000,0x00000000c8c11338,0x00000000c9e80000)
 Metaspace       used 33052K, capacity 35334K, committed 35456K, reserved 1079296K
  class space    used 4460K, capacity 4915K, committed 4992K, reserved 1048576K
Event: 13.989 GC heap after
Heap after GC invocations=12 (full 1):
 PSYoungGen      total 184832K, used 4216K [0x00000000ed700000, 0x00000000fe500000, 0x0000000100000000)
  eden space 173568K, 0% used [0x00000000ed700000,0x00000000ed700000,0x00000000f8080000)
  from space 11264K, 37% used [0x00000000f8080000,0x00000000f849e158,0x00000000f8b80000)
  to   space 10752K, 0% used [0x00000000fda80000,0x00000000fda80000,0x00000000fe500000)
 ParOldGen       total 27136K, used 14951K [0x00000000c8400000, 0x00000000c9e80000, 0x00000000ed700000)
  object space 27136K, 55% used [0x00000000c8400000,0x00000000c9299f00,0x00000000c9e80000)
 Metaspace       used 33052K, capacity 35334K, committed 35456K, reserved 1079296K
  class space    used 4460K, capacity 4915K, committed 4992K, reserved 1048576K
}
Event: 13.989 GC heap before
{Heap before GC invocations=13 (full 2):
 PSYoungGen      total 184832K, used 4216K [0x00000000ed700000, 0x00000000fe500000, 0x0000000100000000)
  eden space 173568K, 0% used [0x00000000ed700000,0x00000000ed700000,0x00000000f8080000)
  from space 11264K, 37% used [0x00000000f8080000,0x00000000f849e158,0x00000000f8b80000)
  to   space 10752K, 0% used [0x00000000fda80000,0x00000000fda80000,0x00000000fe500000)
 ParOldGen       total 27136K, used 14951K [0x00000000c8400000, 0x00000000c9e80000, 0x00000000ed700000)
  object space 27136K, 55% used [0x00000000c8400000,0x00000000c9299f00,0x00000000c9e80000)
 Metaspace       used 33052K, capacity 35334K, committed 35456K, reserved 1079296K
  class space    used 4460K, capacity 4915K, committed 4992K, reserved 1048576K
Event: 14.156 GC heap after
Heap after GC invocations=13 (full 2):
 PSYoungGen      total 184832K, used 0K [0x00000000ed700000, 0x00000000fe500000, 0x0000000100000000)
  eden space 173568K, 0% used [0x00000000ed700000,0x00000000ed700000,0x00000000f8080000)
  from space 11264K, 0% used [0x00000000f8080000,0x00000000f8080000,0x00000000f8b80000)
  to   space 10752K, 0% used [0x00000000fda80000,0x00000000fda80000,0x00000000fe500000)
 ParOldGen       total 44544K, used 15745K [0x00000000c8400000, 0x00000000caf80000, 0x00000000ed700000)
  object space 44544K, 35% used [0x00000000c8400000,0x00000000c93604e0,0x00000000caf80000)
 Metaspace       used 33052K, capacity 35334K, committed 35456K, reserved 1079296K
  class space    used 4460K, capacity 4915K, committed 4992K, reserved 1048576K
}
Event: 19.171 GC heap before
{Heap before GC invocations=14 (full 2):
 PSYoungGen      total 184832K, used 173568K [0x00000000ed700000, 0x00000000fe500000, 0x0000000100000000)
  eden space 173568K, 100% used [0x00000000ed700000,0x00000000f8080000,0x00000000f8080000)
  from space 11264K, 0% used [0x00000000f8080000,0x00000000f8080000,0x00000000f8b80000)
  to   space 10752K, 0% used [0x00000000fda80000,0x00000000fda80000,0x00000000fe500000)
 ParOldGen       total 44544K, used 15745K [0x00000000c8400000, 0x00000000caf80000, 0x00000000ed700000)
  object space 44544K, 35% used [0x00000000c8400000,0x00000000c93604e0,0x00000000caf80000)
 Metaspace       used 46491K, capacity 49142K, committed 49536K, reserved 1091584K
  class space    used 6438K, capacity 6925K, committed 7040K, reserved 1048576K
Event: 19.209 GC heap after
Heap after GC invocations=14 (full 2):
 PSYoungGen      total 247808K, used 10746K [0x00000000ed700000, 0x00000000fe500000, 0x0000000100000000)
  eden space 237056K, 0% used [0x00000000ed700000,0x00000000ed700000,0x00000000fbe80000)
  from space 10752K, 99% used [0x00000000fda80000,0x00000000fe4fe828,0x00000000fe500000)
  to   space 13824K, 0% used [0x00000000fca00000,0x00000000fca00000,0x00000000fd780000)
 ParOldGen       total 44544K, used 20157K [0x00000000c8400000, 0x00000000caf80000, 0x00000000ed700000)
  object space 44544K, 45% used [0x00000000c8400000,0x00000000c97af690,0x00000000caf80000)
 Metaspace       used 46491K, capacity 49142K, committed 49536K, reserved 1091584K
  class space    used 6438K, capacity 6925K, committed 7040K, reserved 1048576K
}
Event: 23.506 GC heap before
{Heap before GC invocations=15 (full 2):
 PSYoungGen      total 247808K, used 198449K [0x00000000ed700000, 0x00000000fe500000, 0x0000000100000000)
  eden space 237056K, 79% used [0x00000000ed700000,0x00000000f8e4df08,0x00000000fbe80000)
  from space 10752K, 99% used [0x00000000fda80000,0x00000000fe4fe828,0x00000000fe500000)
  to   space 13824K, 0% used [0x00000000fca00000,0x00000000fca00000,0x00000000fd780000)
 ParOldGen       total 44544K, used 20157K [0x00000000c8400000, 0x00000000caf80000, 0x00000000ed700000)
  object space 44544K, 45% used [0x00000000c8400000,0x00000000c97af690,0x00000000caf80000)
 Metaspace       used 55396K, capacity 59021K, committed 59096K, reserved 1099776K
  class space    used 7718K, capacity 8333K, committed 8408K, reserved 1048576K
Event: 23.547 GC heap after
Heap after GC invocations=15 (full 2):
 PSYoungGen      total 262656K, used 13798K [0x00000000ed700000, 0x0000000100000000, 0x0000000100000000)
  eden space 248832K, 0% used [0x00000000ed700000,0x00000000ed700000,0x00000000fca00000)
  from space 13824K, 99% used [0x00000000fca00000,0x00000000fd779aa8,0x00000000fd780000)
  to   space 18432K, 0% used [0x00000000fee00000,0x00000000fee00000,0x0000000100000000)
 ParOldGen       total 44544K, used 26028K [0x00000000c8400000, 0x00000000caf80000, 0x00000000ed700000)
  object space 44544K, 58% used [0x00000000c8400000,0x00000000c9d6b0d0,0x00000000caf80000)
 Metaspace       used 55396K, capacity 59021K, committed 59096K, reserved 1099776K
  class space    used 7718K, capacity 8333K, committed 8408K, reserved 1048576K
}
Event: 23.547 GC heap before
{Heap before GC invocations=16 (full 3):
 PSYoungGen      total 262656K, used 13798K [0x00000000ed700000, 0x0000000100000000, 0x0000000100000000)
  eden space 248832K, 0% used [0x00000000ed700000,0x00000000ed700000,0x00000000fca00000)
  from space 13824K, 99% used [0x00000000fca00000,0x00000000fd779aa8,0x00000000fd780000)
  to   space 18432K, 0% used [0x00000000fee00000,0x00000000fee00000,0x0000000100000000)
 ParOldGen       total 44544K, used 26028K [0x00000000c8400000, 0x00000000caf80000, 0x00000000ed700000)
  object space 44544K, 58% used [0x00000000c8400000,0x00000000c9d6b0d0,0x00000000caf80000)
 Metaspace       used 55396K, capacity 59021K, committed 59096K, reserved 1099776K
  class space    used 7718K, capacity 8333K, committed 8408K, reserved 1048576K

Deoptimization events (0 events):
No events

Classes redefined (0 events):
No events

Internal exceptions (10 events):
Event: 23.398 Thread 0x00000207d2cb2800 Exception <a 'java/lang/ArrayIndexOutOfBoundsException'> (0x00000000f8859520) thrown at [C:\jenkins\workspace\8-2-build-windows-amd64-cygwin\jdk8u291\1294\hotspot\src\share\vm\runtime\sharedRuntime.cpp, line 609]
Event: 23.398 Thread 0x00000207d2cb2800 Exception <a 'java/lang/ArrayIndexOutOfBoundsException'> (0x00000000f885d9c0) thrown at [C:\jenkins\workspace\8-2-build-windows-amd64-cygwin\jdk8u291\1294\hotspot\src\share\vm\runtime\sharedRuntime.cpp, line 609]
Event: 23.398 Thread 0x00000207d2cb2800 Exception <a 'java/lang/ArrayIndexOutOfBoundsException'> (0x00000000f8860858) thrown at [C:\jenkins\workspace\8-2-build-windows-amd64-cygwin\jdk8u291\1294\hotspot\src\share\vm\runtime\sharedRuntime.cpp, line 609]
Event: 23.399 Thread 0x00000207d2cb2800 Exception <a 'java/lang/ArrayIndexOutOfBoundsException'> (0x00000000f8864280) thrown at [C:\jenkins\workspace\8-2-build-windows-amd64-cygwin\jdk8u291\1294\hotspot\src\share\vm\runtime\sharedRuntime.cpp, line 609]
Event: 23.399 Thread 0x00000207d2cb2800 Exception <a 'java/lang/ArrayIndexOutOfBoundsException'> (0x00000000f8868ff0) thrown at [C:\jenkins\workspace\8-2-build-windows-amd64-cygwin\jdk8u291\1294\hotspot\src\share\vm\runtime\sharedRuntime.cpp, line 609]
Event: 23.399 Thread 0x00000207d2cb2800 Exception <a 'java/lang/ArrayIndexOutOfBoundsException'> (0x00000000f886aeb8) thrown at [C:\jenkins\workspace\8-2-build-windows-amd64-cygwin\jdk8u291\1294\hotspot\src\share\vm\runtime\sharedRuntime.cpp, line 609]
Event: 23.400 Thread 0x00000207d2cb2800 Exception <a 'java/lang/ArrayIndexOutOfBoundsException'> (0x00000000f886be10) thrown at [C:\jenkins\workspace\8-2-build-windows-amd64-cygwin\jdk8u291\1294\hotspot\src\share\vm\runtime\sharedRuntime.cpp, line 609]
Event: 23.400 Thread 0x00000207d2cb2800 Exception <a 'java/lang/ArrayIndexOutOfBoundsException'> (0x00000000f886ceb0) thrown at [C:\jenkins\workspace\8-2-build-windows-amd64-cygwin\jdk8u291\1294\hotspot\src\share\vm\runtime\sharedRuntime.cpp, line 609]
Event: 23.400 Thread 0x00000207d2cb2800 Exception <a 'java/lang/ArrayIndexOutOfBoundsException'> (0x00000000f886e828) thrown at [C:\jenkins\workspace\8-2-build-windows-amd64-cygwin\jdk8u291\1294\hotspot\src\share\vm\runtime\sharedRuntime.cpp, line 609]
Event: 23.400 Thread 0x00000207d2cb2800 Exception <a 'java/lang/ArrayIndexOutOfBoundsException'> (0x00000000f886f780) thrown at [C:\jenkins\workspace\8-2-build-windows-amd64-cygwin\jdk8u291\1294\hotspot\src\share\vm\runtime\sharedRuntime.cpp, line 609]

Events (10 events):
Event: 23.459 Executing VM operation: Deoptimize done
Event: 23.460 loading class org/springframework/web/servlet/handler/AbstractHandlerMethodMapping$MappingRegistration
Event: 23.460 loading class org/springframework/web/servlet/handler/AbstractHandlerMethodMapping$MappingRegistration done
Event: 23.460 Thread 0x00000207d2cb2800 DEOPT PACKING pc=0x00000207bf488409 sp=0x00000095ec1fc420
Event: 23.460 Thread 0x00000207d2cb2800 DEOPT UNPACKING pc=0x00000207bf297498 sp=0x00000095ec1fc170 mode 1
Event: 23.460 Thread 0x00000207d2cb2800 DEOPT PACKING pc=0x00000207bf423584 sp=0x00000095ec1fc4a0
Event: 23.460 Thread 0x00000207d2cb2800 DEOPT UNPACKING pc=0x00000207bf297498 sp=0x00000095ec1fc2c0 mode 1
Event: 23.460 Thread 0x00000207d2cb2800 DEOPT PACKING pc=0x00000207bf4234c4 sp=0x00000095ec1fc630
Event: 23.460 Thread 0x00000207d2cb2800 DEOPT UNPACKING pc=0x00000207bf297498 sp=0x00000095ec1fc450 mode 1
Event: 23.505 Executing VM operation: CollectForMetadataAllocation


Dynamic libraries:
0x00007ff71d940000 - 0x00007ff71d987000 	C:\Program Files\Java\jdk1.8.0_291\bin\java.exe
0x00007ff92c800000 - 0x00007ff92c9f0000 	C:\WINDOWS\SYSTEM32\ntdll.dll
0x00007ff92b3a0000 - 0x00007ff92b452000 	C:\WINDOWS\System32\KERNEL32.DLL
0x00007ff92a600000 - 0x00007ff92a8a5000 	C:\WINDOWS\System32\KERNELBASE.dll
0x00007ff92c340000 - 0x00007ff92c3e3000 	C:\WINDOWS\System32\ADVAPI32.dll
0x00007ff92c4f0000 - 0x00007ff92c58e000 	C:\WINDOWS\System32\msvcrt.dll
0x00007ff92b4d0000 - 0x00007ff92b567000 	C:\WINDOWS\System32\sechost.dll
0x00007ff92b7f0000 - 0x00007ff92b90f000 	C:\WINDOWS\System32\RPCRT4.dll
0x00007ff92b910000 - 0x00007ff92baa4000 	C:\WINDOWS\System32\USER32.dll
0x00007ff929cf0000 - 0x00007ff929d11000 	C:\WINDOWS\System32\win32u.dll
0x00007ff92b2e0000 - 0x00007ff92b306000 	C:\WINDOWS\System32\GDI32.dll
0x00007ff929770000 - 0x00007ff929908000 	C:\WINDOWS\System32\gdi32full.dll
0x00007ff929910000 - 0x00007ff9299ae000 	C:\WINDOWS\System32\msvcp_win.dll
0x00007ff929af0000 - 0x00007ff929bea000 	C:\WINDOWS\System32\ucrtbase.dll
0x00007ff91a6f0000 - 0x00007ff91a974000 	C:\WINDOWS\WinSxS\amd64_microsoft.windows.common-controls_6595b64144ccf1df_6.0.18362.1556_none_9e7e372fe45e41d5\COMCTL32.dll
0x00007ff92a8b0000 - 0x00007ff92abe6000 	C:\WINDOWS\System32\combase.dll
0x00007ff929bf0000 - 0x00007ff929c71000 	C:\WINDOWS\System32\bcryptPrimitives.dll
0x00007ff92c460000 - 0x00007ff92c48e000 	C:\WINDOWS\System32\IMM32.DLL
0x00007ff921a40000 - 0x00007ff921a55000 	C:\Program Files\Java\jdk1.8.0_291\jre\bin\vcruntime140.dll
0x00007ff91f940000 - 0x00007ff91f9db000 	C:\Program Files\Java\jdk1.8.0_291\jre\bin\msvcp140.dll
0x000000005ebc0000 - 0x000000005f420000 	C:\Program Files\Java\jdk1.8.0_291\jre\bin\server\jvm.dll
0x00007ff92b310000 - 0x00007ff92b318000 	C:\WINDOWS\System32\PSAPI.DLL
0x00007ff90fec0000 - 0x00007ff90fec9000 	C:\WINDOWS\SYSTEM32\WSOCK32.dll
0x00007ff92b460000 - 0x00007ff92b4cf000 	C:\WINDOWS\System32\WS2_32.dll
0x00007ff9261e0000 - 0x00007ff926204000 	C:\WINDOWS\SYSTEM32\WINMM.dll
0x00007ff9227a0000 - 0x00007ff9227aa000 	C:\WINDOWS\SYSTEM32\VERSION.dll
0x00007ff9261b0000 - 0x00007ff9261dd000 	C:\WINDOWS\SYSTEM32\WINMMBASE.dll
0x00007ff929ca0000 - 0x00007ff929cea000 	C:\WINDOWS\System32\cfgmgr32.dll
0x00007ff929750000 - 0x00007ff929761000 	C:\WINDOWS\System32\kernel.appcore.dll
0x00007ff91fc40000 - 0x00007ff91fc50000 	C:\Program Files\Java\jdk1.8.0_291\jre\bin\verify.dll
0x00007ff91fc10000 - 0x00007ff91fc3b000 	C:\Program Files\Java\jdk1.8.0_291\jre\bin\java.dll
0x00007ff91fae0000 - 0x00007ff91fb16000 	C:\Program Files\Java\jdk1.8.0_291\jre\bin\jdwp.dll
0x00007ff91fbe0000 - 0x00007ff91fbe9000 	C:\Program Files\Java\jdk1.8.0_291\jre\bin\npt.dll
0x00007ff91f910000 - 0x00007ff91f940000 	C:\Program Files\Java\jdk1.8.0_291\jre\bin\instrument.dll
0x00007ff91fbf0000 - 0x00007ff91fc08000 	C:\Program Files\Java\jdk1.8.0_291\jre\bin\zip.dll
0x00007ff92abf0000 - 0x00007ff92b2d7000 	C:\WINDOWS\System32\SHELL32.dll
0x00007ff92c290000 - 0x00007ff92c338000 	C:\WINDOWS\System32\shcore.dll
0x00007ff929e80000 - 0x00007ff92a5fb000 	C:\WINDOWS\System32\windows.storage.dll
0x00007ff929730000 - 0x00007ff92974e000 	C:\WINDOWS\System32\profapi.dll
0x00007ff9296e0000 - 0x00007ff92972a000 	C:\WINDOWS\System32\powrprof.dll
0x00007ff9296b0000 - 0x00007ff9296c0000 	C:\WINDOWS\System32\UMPDC.dll
0x00007ff92c3f0000 - 0x00007ff92c442000 	C:\WINDOWS\System32\shlwapi.dll
0x00007ff929c80000 - 0x00007ff929c97000 	C:\WINDOWS\System32\cryptsp.dll
0x00007ff91f8e0000 - 0x00007ff91f8ea000 	C:\Program Files\Java\jdk1.8.0_291\jre\bin\dt_socket.dll
0x00007ff928ef0000 - 0x00007ff928f57000 	C:\WINDOWS\system32\mswsock.dll
0x00007ff91fbc0000 - 0x00007ff91fbdc000 	C:\Program Files\Java\jdk1.8.0_291\jre\bin\net.dll
0x00007ff928c40000 - 0x00007ff928d0b000 	C:\WINDOWS\SYSTEM32\DNSAPI.dll
0x00007ff92c200000 - 0x00007ff92c208000 	C:\WINDOWS\System32\NSI.dll
0x00007ff928c00000 - 0x00007ff928c3a000 	C:\WINDOWS\SYSTEM32\IPHLPAPI.DLL
0x00007ff91f7b0000 - 0x00007ff91f7ba000 	C:\Windows\System32\rasadhlp.dll
0x00007ff920660000 - 0x00007ff9206d7000 	C:\WINDOWS\System32\fwpuclnt.dll
0x00007ff9299b0000 - 0x00007ff9299d6000 	C:\WINDOWS\System32\bcrypt.dll
0x00007ff91f8d0000 - 0x00007ff91f8dd000 	C:\Program Files\Java\jdk1.8.0_291\jre\bin\management.dll
0x00007ff91f8f0000 - 0x00007ff91f903000 	C:\Program Files\Java\jdk1.8.0_291\jre\bin\nio.dll
0x00007ff928a70000 - 0x00007ff928aa3000 	C:\WINDOWS\system32\rsaenh.dll
0x00007ff9295d0000 - 0x00007ff9295f5000 	C:\WINDOWS\SYSTEM32\USERENV.dll
0x00007ff9290c0000 - 0x00007ff9290cc000 	C:\WINDOWS\SYSTEM32\CRYPTBASE.dll
0x00007ff9207c0000 - 0x00007ff9207d6000 	C:\WINDOWS\SYSTEM32\dhcpcsvc6.DLL
0x00007ff9219b0000 - 0x00007ff9219cc000 	C:\WINDOWS\SYSTEM32\dhcpcsvc.DLL
0x00007ff91da00000 - 0x00007ff91da16000 	C:\WINDOWS\system32\napinsp.dll
0x00007ff91d7a0000 - 0x00007ff91d7ba000 	C:\WINDOWS\system32\pnrpnsp.dll
0x00007ff91d790000 - 0x00007ff91d79e000 	C:\WINDOWS\System32\winrnr.dll
0x00007ff9262e0000 - 0x00007ff9262fc000 	C:\WINDOWS\system32\NLAapi.dll
0x00007ff91d770000 - 0x00007ff91d785000 	C:\WINDOWS\system32\wshbth.dll
0x00007ff91f8a0000 - 0x00007ff91f8c4000 	C:\Program Files\Java\jdk1.8.0_291\jre\bin\sunec.dll
0x00007ff91f890000 - 0x00007ff91f89d000 	C:\Program Files\Java\jdk1.8.0_291\jre\bin\sunmscapi.dll
0x00007ff929d20000 - 0x00007ff929e71000 	C:\WINDOWS\System32\CRYPT32.dll
0x00007ff9296c0000 - 0x00007ff9296d2000 	C:\WINDOWS\System32\MSASN1.dll
0x00007ff9291d0000 - 0x00007ff9291f6000 	C:\WINDOWS\SYSTEM32\ncrypt.dll
0x00007ff929190000 - 0x00007ff9291cb000 	C:\WINDOWS\SYSTEM32\NTASN1.dll
0x00007ff91b8c0000 - 0x00007ff91bab4000 	C:\WINDOWS\SYSTEM32\dbghelp.dll

VM Arguments:
jvm_args: -agentlib:jdwp=transport=dt_socket,address=127.0.0.1:52764,suspend=y,server=n -XX:TieredStopAtLevel=1 -Xverify:none -Dspring.output.ansi.enabled=always -javaagent:C:\Users\38096\AppData\Local\JetBrains\IntelliJIdea2021.2\captureAgent\debugger-agent.jar -Dcom.sun.management.jmxremote -Dspring.jmx.enabled=true -Dspring.liveBeansView.mbeanDomain -Dspring.application.admin.enabled=true -Dfile.encoding=UTF-8 
java_command: com.example.KinoCMS.Application
java_class_path (initial): C:\Program Files\Java\jdk1.8.0_291\jre\lib\charsets.jar;C:\Program Files\Java\jdk1.8.0_291\jre\lib\deploy.jar;C:\Program Files\Java\jdk1.8.0_291\jre\lib\ext\access-bridge-64.jar;C:\Program Files\Java\jdk1.8.0_291\jre\lib\ext\cldrdata.jar;C:\Program Files\Java\jdk1.8.0_291\jre\lib\ext\dnsns.jar;C:\Program Files\Java\jdk1.8.0_291\jre\lib\ext\jaccess.jar;C:\Program Files\Java\jdk1.8.0_291\jre\lib\ext\jfxrt.jar;C:\Program Files\Java\jdk1.8.0_291\jre\lib\ext\localedata.jar;C:\Program Files\Java\jdk1.8.0_291\jre\lib\ext\nashorn.jar;C:\Program Files\Java\jdk1.8.0_291\jre\lib\ext\sunec.jar;C:\Program Files\Java\jdk1.8.0_291\jre\lib\ext\sunjce_provider.jar;C:\Program Files\Java\jdk1.8.0_291\jre\lib\ext\sunmscapi.jar;C:\Program Files\Java\jdk1.8.0_291\jre\lib\ext\sunpkcs11.jar;C:\Program Files\Java\jdk1.8.0_291\jre\lib\ext\zipfs.jar;C:\Program Files\Java\jdk1.8.0_291\jre\lib\javaws.jar;C:\Program Files\Java\jdk1.8.0_291\jre\lib\jce.jar;C:\Program Files\Java\jdk1.8.0_291\jre\lib\jfr.jar;C:\Program Files\Java\jdk1.8.0_291\jre\lib\jfxswt.jar;C:\Program Files\Java\jdk1.8.0_291\jre\lib\jsse.jar;C:\Program Files\Java\jdk1.8.0_291\jre\lib\management-agent.jar;C:\Program Files\Java\jdk1.8.0_291\jre\lib\plugin.jar;C:\Program Files\Java\jdk1.8.0_291\jre\lib\resources.jar;C:\Program Files\Java\jdk1.8.0_291\jre\lib\rt.jar;C:\Users\38096\IdeaProjects\KinoCMS\target\classes;C:\Users\38096\AppData\Roaming\JetBrains\IntelliJIdea2021.2\javascript\extLibs\http_stackpath.bootstrapcdn.com_bootstrap_4.1.1_js_bootstrap.js;C:\Users\38096\.m2\repository\org\springframework\boot\spring-boot-starter-web\2.5.2\spring-boot-starter-web-2.5.2.jar;C:\Users\38096\.m2\repository\org\springframework\boot\spring-boot-starter\2.5.2\spring-boot-starter-2.5.2.jar;C:\Users\38096\.m2\repository\org\springframework\boot\spring-boot-starter-logging\2.5.2\spring-boot-starter-logging-2.5.2.jar;C:\Users\38096\.m2\repository\ch\qos\logback\logback-classic\1.2.3\logback-classic-1.2.3.jar;C:\Us
Launcher Type: SUN_STANDARD

Environment Variables:
PATH=C:\Program Files (x86)\Common Files\Oracle\Java\javapath;C:\Python27\;C:\Python27\Scripts;C:\WINDOWS\system32;C:\WINDOWS;C:\WINDOWS\System32\Wbem;C:\WINDOWS\System32\WindowsPowerShell\v1.0\;C:\WINDOWS\System32\OpenSSH\;C:\Program Files (x86)\ATI Technologies\ATI.ACE\Core-Static;C:\Program Files\dotnet\;C:\Program Files (x86)\dotnet\;C:\Users\38096\;C:\ProgramData\chocolatey\bin;C:\PHP;D:\Git\cmd;C:\Program Files\MySQL\MySQL Shell 8.0\bin\;C:\Users\38096\AppData\Local\Microsoft\WindowsApps;C:\Users\38096\AppData\Roaming\npm;C:\Users\38096\AppData\Local\Programs\Microsoft VS Code\bin;
USERNAME=38096
OS=Windows_NT
PROCESSOR_IDENTIFIER=AMD64 Family 18 Model 1 Stepping 0, AuthenticAMD



---------------  S Y S T E M  ---------------

OS: Windows 10.0 , 64 bit Build 18362 (10.0.18362.1500)

CPU:total 4 (initial active 4) (4 cores per cpu, 1 threads per core) family 18 model 1 stepping 0, cmov, cx8, fxsr, mmx, sse, sse2, sse3, popcnt, mmxext, 3dnowpref, lzcnt, sse4a, tsc, tscinvbit, tscinv

Memory: 4k page, physical 3648412k(629980k free), swap 7318428k(2101076k free)

vm_info: Java HotSpot(TM) 64-Bit Server VM (25.291-b10) for windows-amd64 JRE (1.8.0_291-b10), built on Apr  9 2021 00:02:00 by "java_re" with MS VC++ 15.9 (VS2017)

time: Fri Dec 10 11:45:17 2021
timezone: Oeieyiaey (ceia)
elapsed time: 23.628623 seconds (0d 0h 0m 23s)

