#
# A fatal error has been detected by the Java Runtime Environment:
#
#  EXCEPTION_ACCESS_VIOLATION (0xc0000005) at pc=0x000000005b32e20e, pid=8520, tid=0x0000000000002250
#
# JRE version: Java(TM) SE Runtime Environment (8.0_291-b10) (build 1.8.0_291-b10)
# Java VM: Java HotSpot(TM) 64-Bit Server VM (25.291-b10 mixed mode windows-amd64 compressed oops)
# Problematic frame:
# V  [jvm.dll+0x3ce20e]
#
# Failed to write core dump. Minidumps are not enabled by default on client versions of Windows
#
# If you would like to submit a bug report, please visit:
#   http://bugreport.java.com/bugreport/crash.jsp
#

---------------  T H R E A D  ---------------

Current thread (0x000001ec9934a000):  GCTaskThread [stack: 0x000000bfba600000,0x000000bfba700000] [id=8784]

siginfo: ExceptionCode=0xc0000005, reading address 0xffffffffffffffff

Registers:
RAX=0x000001ec992c0000, RBX=0x00000000c89ad7b4, RCX=0x000000005b748060, RDX=0x0000000000000100
RSP=0x000000bfba6ff230, RBP=0x0000000000000100, RSI=0x0000000100009260, RDI=0x0000000000010000
R8 =0x00009fffffff82d8, R9 =0x0000000000028956, R10=0x0000000000028980, R11=0x000001ecaa340000
R12=0x00000000c89ad778, R13=0x000000005b748060, R14=0x0000000000000000, R15=0x0000000100009268
RIP=0x000000005b32e20e, EFLAGS=0x0000000000010212

Top of Stack: (sp=0x000000bfba6ff230)
0x000000bfba6ff230:   0000000000000ca9 00000000c8544ab0
0x000000bfba6ff240:   0000000100009260 000000005b32e3b1
0x000000bfba6ff250:   0000000000000e44 00000000c8f69418
0x000000bfba6ff260:   000000000000000d 00000000c89ad7b0
0x000000bfba6ff270:   0000000000000000 000000000000000b
0x000000bfba6ff280:   00000000c89ad778 0000000000000005
0x000000bfba6ff290:   000000000000000c 000000005b07a514
0x000000bfba6ff2a0:   00000000c84eef80 0000000000000100
0x000000bfba6ff2b0:   0000000000000009 000001ec992c0050
0x000000bfba6ff2c0:   000000bfba6ff3b0 00000000c9697da8
0x000000bfba6ff2d0:   0000000000000000 0000000000170840
0x000000bfba6ff2e0:   000000bfba6ff3b0 000000005b32f66c
0x000000bfba6ff2f0:   0000000000180000 000000000000000b
0x000000bfba6ff300:   000000005b747fe0 00000000c9697da8
0x000000bfba6ff310:   0000000000180000 000000005b3269cb
0x000000bfba6ff320:   0000000000170836 000000bfba6ff389 

Instructions: (pc=0x000000005b32e20e)
0x000000005b32e1ee:   83 ec 40 48 8b c2 bf 00 00 01 00 48 2b 01 48 8b
0x000000005b32e1fe:   ea 48 c1 e8 13 4c 8b e9 4c 8d 04 80 48 8b 41 18
0x000000005b32e20e:   4e 8b 34 c0 4e 8d 24 c0 46 8b 44 c0 1c 41 8b 44
0x000000005b32e21e:   24 18 41 81 e0 ff ff ff 07 4c 03 c0 4c 89 a4 24 


Register to memory mapping:

RAX=0x000001ec992c0000 is an unknown value
RBX=0x00000000c89ad7b4 is pointing into object: 0x00000000c89ad778
java.lang.reflect.Method 
 - klass: 'java/lang/reflect/Method'
RCX=0x000000005b748060 is an unknown value
RDX=0x0000000000000100 is an unknown value
RSP=0x000000bfba6ff230 is an unknown value
RBP=0x0000000000000100 is an unknown value
RSI=0x0000000100009260 is pointing into metadata
RDI=0x0000000000010000 is an unknown value
R8 =0x00009fffffff82d8 is an unknown value
R9 =0x0000000000028956 is an unknown value
R10=0x0000000000028980 is an unknown value
R11=0x000001ecaa340000 is an unknown value
R12=0x00000000c89ad778 is an oop
java.lang.reflect.Method 
 - klass: 'java/lang/reflect/Method'
R13=0x000000005b748060 is an unknown value
R14=0x0000000000000000 is an unknown value
R15=0x0000000100009268 is pointing into metadata


Stack: [0x000000bfba600000,0x000000bfba700000],  sp=0x000000bfba6ff230,  free space=1020k
Native frames: (J=compiled Java code, j=interpreted, Vv=VM code, C=native code)
V  [jvm.dll+0x3ce20e]
V  [jvm.dll+0x11a514]
V  [jvm.dll+0x3cf66c]
V  [jvm.dll+0x3c69cb]
V  [jvm.dll+0x3cfd19]
V  [jvm.dll+0x3c7299]
V  [jvm.dll+0x3c4d79]
V  [jvm.dll+0x29210c]
C  [ucrtbase.dll+0x210b2]
C  [KERNEL32.DLL+0x17c24]
C  [ntdll.dll+0x6d721]


---------------  P R O C E S S  ---------------

Java Threads: ( => current thread )
  0x000001ecb002a800 JavaThread "mysql-cj-abandoned-connection-cleanup" daemon [_thread_blocked, id=856, stack(0x000000bfbbf00000,0x000000bfbc000000)]
  0x000001ecb0028000 JavaThread "container-0" [_thread_blocked, id=5460, stack(0x000000bfbbe00000,0x000000bfbbf00000)]
  0x000001ecb0021800 JavaThread "Catalina-utility-2" [_thread_blocked, id=8696, stack(0x000000bfbbd00000,0x000000bfbbe00000)]
  0x000001ecb0018800 JavaThread "Catalina-utility-1" [_thread_blocked, id=6412, stack(0x000000bfbbc00000,0x000000bfbbd00000)]
  0x000001ecae7c9800 JavaThread "restartedMain" [_thread_blocked, id=4388, stack(0x000000bfbbb00000,0x000000bfbbc00000)]
  0x000001ecae7c3000 JavaThread "Thread-2" [_thread_blocked, id=1932, stack(0x000000bfbba00000,0x000000bfbbb00000)]
  0x000001ecacb38800 JavaThread "RMI Scheduler(0)" daemon [_thread_blocked, id=1224, stack(0x000000bfbb900000,0x000000bfbba00000)]
  0x000001ecae605800 JavaThread "RMI TCP Connection(1)-192.168.1.53" daemon [_thread_blocked, id=9000, stack(0x000000bfbb800000,0x000000bfbb900000)]
  0x000001ecae3de800 JavaThread "RMI TCP Accept-0" daemon [_thread_in_native, id=9032, stack(0x000000bfbb600000,0x000000bfbb700000)]
  0x000001ecae142800 JavaThread "Service Thread" daemon [_thread_blocked, id=1084, stack(0x000000bfbb500000,0x000000bfbb600000)]
  0x000001ecae0a9800 JavaThread "C1 CompilerThread2" daemon [_thread_blocked, id=4292, stack(0x000000bfbb400000,0x000000bfbb500000)]
  0x000001ecae0a6000 JavaThread "C2 CompilerThread1" daemon [_thread_blocked, id=1240, stack(0x000000bfbb300000,0x000000bfbb400000)]
  0x000001ecae096000 JavaThread "C2 CompilerThread0" daemon [_thread_blocked, id=6540, stack(0x000000bfbb200000,0x000000bfbb300000)]
  0x000001ecacb06000 JavaThread "JDWP Command Reader" daemon [_thread_in_native, id=5052, stack(0x000000bfbb100000,0x000000bfbb200000)]
  0x000001ecacb02000 JavaThread "JDWP Event Helper Thread" daemon [_thread_blocked, id=8408, stack(0x000000bfbb000000,0x000000bfbb100000)]
  0x000001ecacafe000 JavaThread "JDWP Transport Listener: dt_socket" daemon [_thread_blocked, id=3436, stack(0x000000bfbaf00000,0x000000bfbb000000)]
  0x000001ecacae9800 JavaThread "Attach Listener" daemon [_thread_blocked, id=7644, stack(0x000000bfbae00000,0x000000bfbaf00000)]
  0x000001ecacae9000 JavaThread "Signal Dispatcher" daemon [_thread_blocked, id=7980, stack(0x000000bfbad00000,0x000000bfbae00000)]
  0x000001ecacac0800 JavaThread "Finalizer" daemon [_thread_blocked, id=7156, stack(0x000000bfbac00000,0x000000bfbad00000)]
  0x000001ecacab8800 JavaThread "Reference Handler" daemon [_thread_blocked, id=8040, stack(0x000000bfbab00000,0x000000bfbac00000)]
  0x000001ec99336000 JavaThread "main" [_thread_blocked, id=8544, stack(0x000000bfba400000,0x000000bfba500000)]

Other Threads:
  0x000001ecaca8c000 VMThread [stack: 0x000000bfbaa00000,0x000000bfbab00000] [id=4348]
  0x000001ecae3ec000 WatcherThread [stack: 0x000000bfbb700000,0x000000bfbb800000] [id=5808]

=>0x000001ec9934a000 (exited) GCTaskThread [stack: 0x000000bfba600000,0x000000bfba700000] [id=8784]

VM state:at safepoint (normal execution)

VM Mutex/Monitor currently owned by a thread:  ([mutex/lock_event])
[0x000001ec99335c80] Threads_lock - owner thread: 0x000001ecaca8c000
[0x000001ec99334a00] Heap_lock - owner thread: 0x000001ecae7c9800

heap address: 0x00000000c8400000, size: 892 MB, Compressed Oops mode: 32-bit
Narrow klass base: 0x0000000000000000, Narrow klass shift: 3
Compressed class space size: 1073741824 Address: 0x0000000100000000

Heap:
 PSYoungGen      total 180224K, used 1848K [0x00000000ed700000, 0x00000000fdc00000, 0x0000000100000000)
  eden space 168960K, 0% used [0x00000000ed700000,0x00000000ed700000,0x00000000f7c00000)
  from space 11264K, 16% used [0x00000000f7c00000,0x00000000f7dce2c0,0x00000000f8700000)
  to   space 11264K, 0% used [0x00000000fd100000,0x00000000fd100000,0x00000000fdc00000)
 ParOldGen       total 27136K, used 19039K [0x00000000c8400000, 0x00000000c9e80000, 0x00000000ed700000)
  object space 27136K, 70% used [0x00000000c8400000,0x00000000c9697da8,0x00000000c9e80000)
 Metaspace       used 33090K, capacity 35286K, committed 35416K, reserved 1079296K
  class space    used 4545K, capacity 4973K, committed 4992K, reserved 1048576K

Card table byte_map: [0x000001ecaa050000,0x000001ecaa210000] byte_map_base: 0x000001eca9a0e000

Marking Bits: (ParMarkBitMap*) 0x000000005b747fe0
 Begin Bits: [0x000001ecaa340000, 0x000001ecab130000)
 End Bits:   [0x000001ecab130000, 0x000001ecabf20000)

Polling page: 0x000001ec99290000

CodeCache: size=245760Kb used=6956Kb max_used=6956Kb free=238803Kb
 bounds [0x000001ec9ac90000, 0x000001ec9b360000, 0x000001eca9c90000]
 total_blobs=3737 nmethods=3318 adapters=340
 compilation: enabled

Compilation events (10 events):
Event: 13.673 Thread 0x000001ecae0a9800 3350       1       java.io.FilePermission$1::<init> (10 bytes)
Event: 13.673 Thread 0x000001ecae0a9800 nmethod 3350 0x000001ec9b358e90 code [0x000001ec9b358fe0, 0x000001ec9b359118]
Event: 13.673 Thread 0x000001ecae0a9800 3351       1       java.io.FilePermission$1::run (5 bytes)
Event: 13.673 Thread 0x000001ecae0a9800 nmethod 3351 0x000001ec9b359190 code [0x000001ec9b3592e0, 0x000001ec9b359410]
Event: 13.673 Thread 0x000001ecae0a9800 3352   !   1       java.io.FilePermission$1::run (116 bytes)
Event: 13.675 Thread 0x000001ecae0a9800 nmethod 3352 0x000001ec9b359490 code [0x000001ec9b359740, 0x000001ec9b35a270]
Event: 13.685 Thread 0x000001ecae0a9800 3353       1       java.lang.invoke.LambdaFormEditor$Transform::of (49 bytes)
Event: 13.686 Thread 0x000001ecae0a9800 nmethod 3353 0x000001ec9b35ae90 code [0x000001ec9b35b020, 0x000001ec9b35b420]
Event: 13.686 Thread 0x000001ecae0a9800 3354       1       java.lang.invoke.LambdaFormEditor$Transform::bval (8 bytes)
Event: 13.686 Thread 0x000001ecae0a9800 nmethod 3354 0x000001ec9b35b690 code [0x000001ec9b35b7e0, 0x000001ec9b35b8f8]

GC Heap History (10 events):
Event: 7.750 GC heap after
Heap after GC invocations=8 (full 0):
 PSYoungGen      total 123392K, used 4435K [0x00000000ed700000, 0x00000000f5700000, 0x0000000100000000)
  eden space 115712K, 0% used [0x00000000ed700000,0x00000000ed700000,0x00000000f4800000)
  from space 7680K, 57% used [0x00000000f4f80000,0x00000000f53d4fe8,0x00000000f5700000)
  to   space 7680K, 0% used [0x00000000f4800000,0x00000000f4800000,0x00000000f4f80000)
 ParOldGen       total 38400K, used 7452K [0x00000000c8400000, 0x00000000ca980000, 0x00000000ed700000)
  object space 38400K, 19% used [0x00000000c8400000,0x00000000c8b471d0,0x00000000ca980000)
 Metaspace       used 20209K, capacity 21164K, committed 21248K, reserved 1067008K
  class space    used 2754K, capacity 3005K, committed 3072K, reserved 1048576K
}
Event: 7.750 GC heap before
{Heap before GC invocations=9 (full 1):
 PSYoungGen      total 123392K, used 4435K [0x00000000ed700000, 0x00000000f5700000, 0x0000000100000000)
  eden space 115712K, 0% used [0x00000000ed700000,0x00000000ed700000,0x00000000f4800000)
  from space 7680K, 57% used [0x00000000f4f80000,0x00000000f53d4fe8,0x00000000f5700000)
  to   space 7680K, 0% used [0x00000000f4800000,0x00000000f4800000,0x00000000f4f80000)
 ParOldGen       total 38400K, used 7452K [0x00000000c8400000, 0x00000000ca980000, 0x00000000ed700000)
  object space 38400K, 19% used [0x00000000c8400000,0x00000000c8b471d0,0x00000000ca980000)
 Metaspace       used 20209K, capacity 21164K, committed 21248K, reserved 1067008K
  class space    used 2754K, capacity 3005K, committed 3072K, reserved 1048576K
Event: 7.829 GC heap after
Heap after GC invocations=9 (full 1):
 PSYoungGen      total 123392K, used 0K [0x00000000ed700000, 0x00000000f5700000, 0x0000000100000000)
  eden space 115712K, 0% used [0x00000000ed700000,0x00000000ed700000,0x00000000f4800000)
  from space 7680K, 0% used [0x00000000f4f80000,0x00000000f4f80000,0x00000000f5700000)
  to   space 7680K, 0% used [0x00000000f4800000,0x00000000f4800000,0x00000000f4f80000)
 ParOldGen       total 27136K, used 7241K [0x00000000c8400000, 0x00000000c9e80000, 0x00000000ed700000)
  object space 27136K, 26% used [0x00000000c8400000,0x00000000c8b12408,0x00000000c9e80000)
 Metaspace       used 20209K, capacity 21164K, committed 21248K, reserved 1067008K
  class space    used 2754K, capacity 3005K, committed 3072K, reserved 1048576K
}
Event: 9.490 GC heap before
{Heap before GC invocations=10 (full 1):
 PSYoungGen      total 123392K, used 115712K [0x00000000ed700000, 0x00000000f5700000, 0x0000000100000000)
  eden space 115712K, 100% used [0x00000000ed700000,0x00000000f4800000,0x00000000f4800000)
  from space 7680K, 0% used [0x00000000f4f80000,0x00000000f4f80000,0x00000000f5700000)
  to   space 7680K, 0% used [0x00000000f4800000,0x00000000f4800000,0x00000000f4f80000)
 ParOldGen       total 27136K, used 7241K [0x00000000c8400000, 0x00000000c9e80000, 0x00000000ed700000)
  object space 27136K, 26% used [0x00000000c8400000,0x00000000c8b12408,0x00000000c9e80000)
 Metaspace       used 24725K, capacity 26018K, committed 26240K, reserved 1071104K
  class space    used 3352K, capacity 3657K, committed 3712K, reserved 1048576K
Event: 9.505 GC heap after
Heap after GC invocations=10 (full 1):
 PSYoungGen      total 123392K, used 7672K [0x00000000ed700000, 0x00000000f8f80000, 0x0000000100000000)
  eden space 115712K, 0% used [0x00000000ed700000,0x00000000ed700000,0x00000000f4800000)
  from space 7680K, 99% used [0x00000000f4800000,0x00000000f4f7e038,0x00000000f4f80000)
  to   space 8704K, 0% used [0x00000000f8700000,0x00000000f8700000,0x00000000f8f80000)
 ParOldGen       total 27136K, used 7346K [0x00000000c8400000, 0x00000000c9e80000, 0x00000000ed700000)
  object space 27136K, 27% used [0x00000000c8400000,0x00000000c8b2ca20,0x00000000c9e80000)
 Metaspace       used 24725K, capacity 26018K, committed 26240K, reserved 1071104K
  class space    used 3352K, capacity 3657K, committed 3712K, reserved 1048576K
}
Event: 12.873 GC heap before
{Heap before GC invocations=11 (full 1):
 PSYoungGen      total 123392K, used 123384K [0x00000000ed700000, 0x00000000f8f80000, 0x0000000100000000)
  eden space 115712K, 100% used [0x00000000ed700000,0x00000000f4800000,0x00000000f4800000)
  from space 7680K, 99% used [0x00000000f4800000,0x00000000f4f7e038,0x00000000f4f80000)
  to   space 8704K, 0% used [0x00000000f8700000,0x00000000f8700000,0x00000000f8f80000)
 ParOldGen       total 27136K, used 7346K [0x00000000c8400000, 0x00000000c9e80000, 0x00000000ed700000)
  object space 27136K, 27% used [0x00000000c8400000,0x00000000c8b2ca20,0x00000000c9e80000)
 Metaspace       used 31859K, capacity 33972K, committed 34048K, reserved 1079296K
  class space    used 4380K, capacity 4798K, committed 4864K, reserved 1048576K
Event: 12.897 GC heap after
Heap after GC invocations=11 (full 1):
 PSYoungGen      total 177664K, used 8682K [0x00000000ed700000, 0x00000000f9200000, 0x0000000100000000)
  eden space 168960K, 0% used [0x00000000ed700000,0x00000000ed700000,0x00000000f7c00000)
  from space 8704K, 99% used [0x00000000f8700000,0x00000000f8f7a938,0x00000000f8f80000)
  to   space 11264K, 0% used [0x00000000f7c00000,0x00000000f7c00000,0x00000000f8700000)
 ParOldGen       total 27136K, used 11655K [0x00000000c8400000, 0x00000000c9e80000, 0x00000000ed700000)
  object space 27136K, 42% used [0x00000000c8400000,0x00000000c8f61ea0,0x00000000c9e80000)
 Metaspace       used 31859K, capacity 33972K, committed 34048K, reserved 1079296K
  class space    used 4380K, capacity 4798K, committed 4864K, reserved 1048576K
}
Event: 13.694 GC heap before
{Heap before GC invocations=12 (full 1):
 PSYoungGen      total 177664K, used 106959K [0x00000000ed700000, 0x00000000f9200000, 0x0000000100000000)
  eden space 168960K, 58% used [0x00000000ed700000,0x00000000f36f9360,0x00000000f7c00000)
  from space 8704K, 99% used [0x00000000f8700000,0x00000000f8f7a938,0x00000000f8f80000)
  to   space 11264K, 0% used [0x00000000f7c00000,0x00000000f7c00000,0x00000000f8700000)
 ParOldGen       total 27136K, used 11655K [0x00000000c8400000, 0x00000000c9e80000, 0x00000000ed700000)
  object space 27136K, 42% used [0x00000000c8400000,0x00000000c8f61ea0,0x00000000c9e80000)
 Metaspace       used 33090K, capacity 35286K, committed 35416K, reserved 1079296K
  class space    used 4545K, capacity 4973K, committed 4992K, reserved 1048576K
Event: 13.715 GC heap after
Heap after GC invocations=12 (full 1):
 PSYoungGen      total 180224K, used 1848K [0x00000000ed700000, 0x00000000fdc00000, 0x0000000100000000)
  eden space 168960K, 0% used [0x00000000ed700000,0x00000000ed700000,0x00000000f7c00000)
  from space 11264K, 16% used [0x00000000f7c00000,0x00000000f7dce2c0,0x00000000f8700000)
  to   space 11264K, 0% used [0x00000000fd100000,0x00000000fd100000,0x00000000fdc00000)
 ParOldGen       total 27136K, used 19039K [0x00000000c8400000, 0x00000000c9e80000, 0x00000000ed700000)
  object space 27136K, 70% used [0x00000000c8400000,0x00000000c9697da8,0x00000000c9e80000)
 Metaspace       used 33090K, capacity 35286K, committed 35416K, reserved 1079296K
  class space    used 4545K, capacity 4973K, committed 4992K, reserved 1048576K
}
Event: 13.715 GC heap before
{Heap before GC invocations=13 (full 2):
 PSYoungGen      total 180224K, used 1848K [0x00000000ed700000, 0x00000000fdc00000, 0x0000000100000000)
  eden space 168960K, 0% used [0x00000000ed700000,0x00000000ed700000,0x00000000f7c00000)
  from space 11264K, 16% used [0x00000000f7c00000,0x00000000f7dce2c0,0x00000000f8700000)
  to   space 11264K, 0% used [0x00000000fd100000,0x00000000fd100000,0x00000000fdc00000)
 ParOldGen       total 27136K, used 19039K [0x00000000c8400000, 0x00000000c9e80000, 0x00000000ed700000)
  object space 27136K, 70% used [0x00000000c8400000,0x00000000c9697da8,0x00000000c9e80000)
 Metaspace       used 33090K, capacity 35286K, committed 35416K, reserved 1079296K
  class space    used 4545K, capacity 4973K, committed 4992K, reserved 1048576K

Deoptimization events (0 events):
No events

Classes redefined (0 events):
No events

Internal exceptions (10 events):
Event: 13.325 Thread 0x000001ecae7c9800 Exception <a 'java/util/zip/ZipException'> (0x00000000f29693a0) thrown at [C:\jenkins\workspace\8-2-build-windows-amd64-cygwin\jdk8u291\1294\hotspot\src\share\vm\prims\jni.cpp, line 710]
Event: 13.330 Thread 0x000001ecae7c9800 Exception <a 'java/util/zip/ZipException'> (0x00000000f296a318) thrown at [C:\jenkins\workspace\8-2-build-windows-amd64-cygwin\jdk8u291\1294\hotspot\src\share\vm\prims\jni.cpp, line 710]
Event: 13.334 Thread 0x000001ecae7c9800 Exception <a 'java/util/zip/ZipException'> (0x00000000f296b2a0) thrown at [C:\jenkins\workspace\8-2-build-windows-amd64-cygwin\jdk8u291\1294\hotspot\src\share\vm\prims\jni.cpp, line 710]
Event: 13.336 Thread 0x000001ecae7c9800 Exception <a 'java/util/zip/ZipException'> (0x00000000f296c1e0) thrown at [C:\jenkins\workspace\8-2-build-windows-amd64-cygwin\jdk8u291\1294\hotspot\src\share\vm\prims\jni.cpp, line 710]
Event: 13.417 Thread 0x000001ecae7c9800 Exception <a 'java/lang/ArrayIndexOutOfBoundsException'> (0x00000000f2c64900) thrown at [C:\jenkins\workspace\8-2-build-windows-amd64-cygwin\jdk8u291\1294\hotspot\src\share\vm\runtime\sharedRuntime.cpp, line 609]
Event: 13.417 Thread 0x000001ecae7c9800 Exception <a 'java/lang/ArrayIndexOutOfBoundsException'> (0x00000000f2c66158) thrown at [C:\jenkins\workspace\8-2-build-windows-amd64-cygwin\jdk8u291\1294\hotspot\src\share\vm\runtime\sharedRuntime.cpp, line 609]
Event: 13.572 Thread 0x000001ecae7c9800 Exception <a 'java/lang/NoSuchMethodError': <clinit>> (0x00000000f3108e30) thrown at [C:\jenkins\workspace\8-2-build-windows-amd64-cygwin\jdk8u291\1294\hotspot\src\share\vm\prims\jni.cpp, line 1615]
Event: 13.636 Thread 0x000001ecae7c9800 Exception <a 'java/lang/ArrayIndexOutOfBoundsException'> (0x00000000f339b520) thrown at [C:\jenkins\workspace\8-2-build-windows-amd64-cygwin\jdk8u291\1294\hotspot\src\share\vm\runtime\sharedRuntime.cpp, line 609]
Event: 13.639 Thread 0x000001ecae7c9800 Exception <a 'java/lang/ArrayIndexOutOfBoundsException'> (0x00000000f33dfad8) thrown at [C:\jenkins\workspace\8-2-build-windows-amd64-cygwin\jdk8u291\1294\hotspot\src\share\vm\runtime\sharedRuntime.cpp, line 609]
Event: 13.641 Thread 0x000001ecae7c9800 Exception <a 'java/lang/ArrayIndexOutOfBoundsException'> (0x00000000f3407980) thrown at [C:\jenkins\workspace\8-2-build-windows-amd64-cygwin\jdk8u291\1294\hotspot\src\share\vm\runtime\sharedRuntime.cpp, line 609]

Events (10 events):
Event: 13.691 loading class java/sql/DriverManager$2
Event: 13.691 loading class java/sql/DriverManager$2 done
Event: 13.692 Thread 0x000001ecae7c9800 DEOPT PACKING pc=0x000001ec9aecc249 sp=0x000000bfbbbf8c80
Event: 13.692 Thread 0x000001ecae7c9800 DEOPT UNPACKING pc=0x000001ec9acd7498 sp=0x000000bfbbbf89d0 mode 1
Event: 13.692 Thread 0x000001ecae7c9800 DEOPT PACKING pc=0x000001ec9b0d7574 sp=0x000000bfbbbf8d00
Event: 13.692 Thread 0x000001ecae7c9800 DEOPT UNPACKING pc=0x000001ec9acd7498 sp=0x000000bfbbbf8a30 mode 1
Event: 13.692 Thread 0x000001ecae7c9800 DEOPT PACKING pc=0x000001ec9b0d6034 sp=0x000000bfbbbf8d60
Event: 13.692 Thread 0x000001ecae7c9800 DEOPT UNPACKING pc=0x000001ec9acd7498 sp=0x000000bfbbbf8b28 mode 1
Event: 13.692 loading class java/sql/SQLPermission
Event: 13.694 Executing VM operation: CollectForMetadataAllocation


Dynamic libraries:
0x00007ff7cfc40000 - 0x00007ff7cfc87000 	C:\Program Files\Java\jdk1.8.0_291\bin\java.exe
0x00007ffb4d0c0000 - 0x00007ffb4d2b0000 	C:\WINDOWS\SYSTEM32\ntdll.dll
0x00007ffb4ce80000 - 0x00007ffb4cf32000 	C:\WINDOWS\System32\KERNEL32.DLL
0x00007ffb4a740000 - 0x00007ffb4a9e5000 	C:\WINDOWS\System32\KERNELBASE.dll
0x00007ffb4c7b0000 - 0x00007ffb4c853000 	C:\WINDOWS\System32\ADVAPI32.dll
0x00007ffb4c380000 - 0x00007ffb4c41e000 	C:\WINDOWS\System32\msvcrt.dll
0x00007ffb4c540000 - 0x00007ffb4c5d7000 	C:\WINDOWS\System32\sechost.dll
0x00007ffb4b3b0000 - 0x00007ffb4b4cf000 	C:\WINDOWS\System32\RPCRT4.dll
0x00007ffb4c1e0000 - 0x00007ffb4c374000 	C:\WINDOWS\System32\USER32.dll
0x00007ffb4a280000 - 0x00007ffb4a2a1000 	C:\WINDOWS\System32\win32u.dll
0x00007ffb4c650000 - 0x00007ffb4c676000 	C:\WINDOWS\System32\GDI32.dll
0x00007ffb4a0e0000 - 0x00007ffb4a278000 	C:\WINDOWS\System32\gdi32full.dll
0x00007ffb4a4e0000 - 0x00007ffb4a57e000 	C:\WINDOWS\System32\msvcp_win.dll
0x00007ffb4a2b0000 - 0x00007ffb4a3aa000 	C:\WINDOWS\System32\ucrtbase.dll
0x00007ffb3b670000 - 0x00007ffb3b8f4000 	C:\WINDOWS\WinSxS\amd64_microsoft.windows.common-controls_6595b64144ccf1df_6.0.18362.1556_none_9e7e372fe45e41d5\COMCTL32.dll
0x00007ffb4ca90000 - 0x00007ffb4cdc6000 	C:\WINDOWS\System32\combase.dll
0x00007ffb4a050000 - 0x00007ffb4a0d1000 	C:\WINDOWS\System32\bcryptPrimitives.dll
0x00007ffb4b380000 - 0x00007ffb4b3ae000 	C:\WINDOWS\System32\IMM32.DLL
0x00007ffb460c0000 - 0x00007ffb460d5000 	C:\Program Files\Java\jdk1.8.0_291\jre\bin\vcruntime140.dll
0x00007ffb40460000 - 0x00007ffb404fb000 	C:\Program Files\Java\jdk1.8.0_291\jre\bin\msvcp140.dll
0x000000005af60000 - 0x000000005b7c0000 	C:\Program Files\Java\jdk1.8.0_291\jre\bin\server\jvm.dll
0x00007ffb4c1d0000 - 0x00007ffb4c1d8000 	C:\WINDOWS\System32\PSAPI.DLL
0x00007ffb45be0000 - 0x00007ffb45be9000 	C:\WINDOWS\SYSTEM32\WSOCK32.dll
0x00007ffb4c5e0000 - 0x00007ffb4c64f000 	C:\WINDOWS\System32\WS2_32.dll
0x00007ffb46c00000 - 0x00007ffb46c24000 	C:\WINDOWS\SYSTEM32\WINMM.dll
0x00007ffb43170000 - 0x00007ffb4317a000 	C:\WINDOWS\SYSTEM32\VERSION.dll
0x00007ffb46bd0000 - 0x00007ffb46bfd000 	C:\WINDOWS\SYSTEM32\WINMMBASE.dll
0x00007ffb4a490000 - 0x00007ffb4a4da000 	C:\WINDOWS\System32\cfgmgr32.dll
0x00007ffb49f80000 - 0x00007ffb49f91000 	C:\WINDOWS\System32\kernel.appcore.dll
0x00007ffb42b90000 - 0x00007ffb42ba0000 	C:\Program Files\Java\jdk1.8.0_291\jre\bin\verify.dll
0x00007ffb40430000 - 0x00007ffb4045b000 	C:\Program Files\Java\jdk1.8.0_291\jre\bin\java.dll
0x00007ffb3edd0000 - 0x00007ffb3ee06000 	C:\Program Files\Java\jdk1.8.0_291\jre\bin\jdwp.dll
0x00007ffb42b80000 - 0x00007ffb42b89000 	C:\Program Files\Java\jdk1.8.0_291\jre\bin\npt.dll
0x00007ffb3eda0000 - 0x00007ffb3edd0000 	C:\Program Files\Java\jdk1.8.0_291\jre\bin\instrument.dll
0x00007ffb403f0000 - 0x00007ffb40408000 	C:\Program Files\Java\jdk1.8.0_291\jre\bin\zip.dll
0x00007ffb4b610000 - 0x00007ffb4bcf7000 	C:\WINDOWS\System32\SHELL32.dll
0x00007ffb4cdd0000 - 0x00007ffb4ce78000 	C:\WINDOWS\System32\shcore.dll
0x00007ffb4a9f0000 - 0x00007ffb4b16b000 	C:\WINDOWS\System32\windows.storage.dll
0x00007ffb4a010000 - 0x00007ffb4a02e000 	C:\WINDOWS\System32\profapi.dll
0x00007ffb49fa0000 - 0x00007ffb49fea000 	C:\WINDOWS\System32\powrprof.dll
0x00007ffb49f70000 - 0x00007ffb49f80000 	C:\WINDOWS\System32\UMPDC.dll
0x00007ffb4bd00000 - 0x00007ffb4bd52000 	C:\WINDOWS\System32\shlwapi.dll
0x00007ffb4a030000 - 0x00007ffb4a047000 	C:\WINDOWS\System32\cryptsp.dll
0x00007ffb40420000 - 0x00007ffb4042a000 	C:\Program Files\Java\jdk1.8.0_291\jre\bin\dt_socket.dll
0x00007ffb497b0000 - 0x00007ffb49817000 	C:\WINDOWS\system32\mswsock.dll
0x00007ffb403d0000 - 0x00007ffb403ec000 	C:\Program Files\Java\jdk1.8.0_291\jre\bin\net.dll
0x00007ffb49500000 - 0x00007ffb495cb000 	C:\WINDOWS\SYSTEM32\DNSAPI.dll
0x00007ffb4c530000 - 0x00007ffb4c538000 	C:\WINDOWS\System32\NSI.dll
0x00007ffb494c0000 - 0x00007ffb494fa000 	C:\WINDOWS\SYSTEM32\IPHLPAPI.DLL
0x00007ffb40070000 - 0x00007ffb4007a000 	C:\Windows\System32\rasadhlp.dll
0x00007ffb40ef0000 - 0x00007ffb40f67000 	C:\WINDOWS\System32\fwpuclnt.dll
0x00007ffb4a460000 - 0x00007ffb4a486000 	C:\WINDOWS\System32\bcrypt.dll
0x00007ffb40090000 - 0x00007ffb4009d000 	C:\Program Files\Java\jdk1.8.0_291\jre\bin\management.dll
0x00007ffb403b0000 - 0x00007ffb403c3000 	C:\Program Files\Java\jdk1.8.0_291\jre\bin\nio.dll
0x00007ffb49330000 - 0x00007ffb49363000 	C:\WINDOWS\system32\rsaenh.dll
0x00007ffb49e90000 - 0x00007ffb49eb5000 	C:\WINDOWS\SYSTEM32\USERENV.dll
0x00007ffb49980000 - 0x00007ffb4998c000 	C:\WINDOWS\SYSTEM32\CRYPTBASE.dll
0x00007ffb40fd0000 - 0x00007ffb40fe6000 	C:\WINDOWS\SYSTEM32\dhcpcsvc6.DLL
0x00007ffb42f00000 - 0x00007ffb42f1c000 	C:\WINDOWS\SYSTEM32\dhcpcsvc.DLL
0x00007ffb3d930000 - 0x00007ffb3d946000 	C:\WINDOWS\system32\napinsp.dll
0x00007ffb3d910000 - 0x00007ffb3d92a000 	C:\WINDOWS\system32\pnrpnsp.dll
0x00007ffb3d900000 - 0x00007ffb3d90e000 	C:\WINDOWS\System32\winrnr.dll
0x00007ffb46900000 - 0x00007ffb4691c000 	C:\WINDOWS\system32\NLAapi.dll
0x00007ffb3d8e0000 - 0x00007ffb3d8f5000 	C:\WINDOWS\system32\wshbth.dll
0x00007ffb3cca0000 - 0x00007ffb3ce94000 	C:\WINDOWS\SYSTEM32\dbghelp.dll

VM Arguments:
jvm_args: -agentlib:jdwp=transport=dt_socket,address=127.0.0.1:50719,suspend=y,server=n -XX:TieredStopAtLevel=1 -Xverify:none -Dspring.output.ansi.enabled=always -javaagent:C:\Users\38096\AppData\Local\JetBrains\IntelliJIdea2021.2\captureAgent\debugger-agent.jar -Dcom.sun.management.jmxremote -Dspring.jmx.enabled=true -Dspring.liveBeansView.mbeanDomain -Dspring.application.admin.enabled=true -Dfile.encoding=UTF-8 
java_command: com.example.KinoCMS.Application
java_class_path (initial): C:\Program Files\Java\jdk1.8.0_291\jre\lib\charsets.jar;C:\Program Files\Java\jdk1.8.0_291\jre\lib\deploy.jar;C:\Program Files\Java\jdk1.8.0_291\jre\lib\ext\access-bridge-64.jar;C:\Program Files\Java\jdk1.8.0_291\jre\lib\ext\cldrdata.jar;C:\Program Files\Java\jdk1.8.0_291\jre\lib\ext\dnsns.jar;C:\Program Files\Java\jdk1.8.0_291\jre\lib\ext\jaccess.jar;C:\Program Files\Java\jdk1.8.0_291\jre\lib\ext\jfxrt.jar;C:\Program Files\Java\jdk1.8.0_291\jre\lib\ext\localedata.jar;C:\Program Files\Java\jdk1.8.0_291\jre\lib\ext\nashorn.jar;C:\Program Files\Java\jdk1.8.0_291\jre\lib\ext\sunec.jar;C:\Program Files\Java\jdk1.8.0_291\jre\lib\ext\sunjce_provider.jar;C:\Program Files\Java\jdk1.8.0_291\jre\lib\ext\sunmscapi.jar;C:\Program Files\Java\jdk1.8.0_291\jre\lib\ext\sunpkcs11.jar;C:\Program Files\Java\jdk1.8.0_291\jre\lib\ext\zipfs.jar;C:\Program Files\Java\jdk1.8.0_291\jre\lib\javaws.jar;C:\Program Files\Java\jdk1.8.0_291\jre\lib\jce.jar;C:\Program Files\Java\jdk1.8.0_291\jre\lib\jfr.jar;C:\Program Files\Java\jdk1.8.0_291\jre\lib\jfxswt.jar;C:\Program Files\Java\jdk1.8.0_291\jre\lib\jsse.jar;C:\Program Files\Java\jdk1.8.0_291\jre\lib\management-agent.jar;C:\Program Files\Java\jdk1.8.0_291\jre\lib\plugin.jar;C:\Program Files\Java\jdk1.8.0_291\jre\lib\resources.jar;C:\Program Files\Java\jdk1.8.0_291\jre\lib\rt.jar;C:\Users\38096\IdeaProjects\KinoCMS\target\classes;C:\Users\38096\AppData\Roaming\JetBrains\IntelliJIdea2021.2\javascript\extLibs\http_cdn.jsdelivr.net_npm_bootstrap@4.6.1_dist_css_bootstrap.css;C:\Users\38096\AppData\Roaming\JetBrains\IntelliJIdea2021.2\javascript\extLibs\http_cdn.jsdelivr.net_npm_bootstrap@4.6.1_dist_js_bootstrap.bundle.js;C:\Users\38096\AppData\Roaming\JetBrains\IntelliJIdea2021.2\javascript\extLibs\http_cdn.jsdelivr.net_npm_bootstrap@5.0.2_dist_css_bootstrap.css;C:\Users\38096\AppData\Roaming\JetBrains\IntelliJIdea2021.2\javascript\extLibs\http_cdn.jsdelivr.net_npm_bootstrap@5.0.2_dist_js_bootstrap.bundle.js;C:\Users\380
Launcher Type: SUN_STANDARD

Environment Variables:
PATH=C:\Program Files (x86)\Common Files\Oracle\Java\javapath;C:\Python27\;C:\Python27\Scripts;C:\WINDOWS\system32;C:\WINDOWS;C:\WINDOWS\System32\Wbem;C:\WINDOWS\System32\WindowsPowerShell\v1.0\;C:\WINDOWS\System32\OpenSSH\;C:\Program Files (x86)\ATI Technologies\ATI.ACE\Core-Static;C:\Program Files\dotnet\;C:\Program Files (x86)\dotnet\;C:\Users\38096\;C:\ProgramData\chocolatey\bin;C:\PHP;D:\Git\cmd;C:\Program Files\MySQL\MySQL Shell 8.0\bin\;C:\Users\38096\AppData\Local\Microsoft\WindowsApps;C:\Users\38096\AppData\Roaming\npm;C:\Users\38096\AppData\Local\Programs\Microsoft VS Code\bin;
USERNAME=38096
OS=Windows_NT
PROCESSOR_IDENTIFIER=AMD64 Family 18 Model 1 Stepping 0, AuthenticAMD



---------------  S Y S T E M  ---------------

OS: Windows 10.0 , 64 bit Build 18362 (10.0.18362.1500)

CPU:total 4 (initial active 4) (4 cores per cpu, 1 threads per core) family 18 model 1 stepping 0, cmov, cx8, fxsr, mmx, sse, sse2, sse3, popcnt, mmxext, 3dnowpref, lzcnt, sse4a, tsc, tscinvbit, tscinv

Memory: 4k page, physical 3648412k(614456k free), swap 7318428k(2293584k free)

vm_info: Java HotSpot(TM) 64-Bit Server VM (25.291-b10) for windows-amd64 JRE (1.8.0_291-b10), built on Apr  9 2021 00:02:00 by "java_re" with MS VC++ 15.9 (VS2017)

time: Thu Jan 20 13:53:26 2022
timezone: Oeieyiaey (ceia)
elapsed time: 13.924341 seconds (0d 0h 0m 13s)

