#
# A fatal error has been detected by the Java Runtime Environment:
#
#  EXCEPTION_ACCESS_VIOLATION (0xc0000005) at pc=0x000000005cce4589, pid=4964, tid=0x00000000000011bc
#
# JRE version: Java(TM) SE Runtime Environment (8.0_291-b10) (build 1.8.0_291-b10)
# Java VM: Java HotSpot(TM) 64-Bit Server VM (25.291-b10 mixed mode windows-amd64 compressed oops)
# Problematic frame:
# V  [jvm.dll+0x3d4589]
#
# Failed to write core dump. Minidumps are not enabled by default on client versions of Windows
#
# If you would like to submit a bug report, please visit:
#   http://bugreport.java.com/bugreport/crash.jsp
#

---------------  T H R E A D  ---------------

Current thread (0x0000014e7e4ef800):  VMThread [stack: 0x0000004979c00000,0x0000004979d00000] [id=4540]

siginfo: ExceptionCode=0xc0000005, reading address 0x00000100fc4e20a0

Registers:
RAX=0x000000005cf2bcb0, RBX=0x0000014e034e31d8, RCX=0x000000005d0a3220, RDX=0x00000100fc4e20a0
RSP=0x0000004979cfefd8, RBP=0x000000005d0a3220, RSI=0x0000004979cff070, RDI=0x0000014e7e3ea510
R8 =0x00000000ed700000, R9 =0x000000000000ea6d, R10=0x0000000000000000, R11=0x0000000000000246
R12=0x0000000000050470, R13=0x0000000000050470, R14=0x0000004979cff118, R15=0x0000000000000000
RIP=0x000000005cce4589, EFLAGS=0x0000000000010206

Top of Stack: (sp=0x0000004979cfefd8)
0x0000004979cfefd8:   000000005c98e17d 0000014e6aea8e60
0x0000004979cfefe8:   000000005cba0498 0000004979cff070
0x0000004979cfeff8:   0000000000000000 00000000000049df
0x0000004979cff008:   000000005cba0498 0000000000000000
0x0000004979cff018:   0000014e6aeb4130 0000014e6aea36a0
0x0000004979cff028:   000000005d0a3230 0000004979cff1a0
0x0000004979cff038:   000000005c98f86c 0000004979cff0f8
0x0000004979cff048:   000000005cf2be38 0000004979cff130
0x0000004979cff058:   0000014e6aea8e60 0000004979cff070
0x0000004979cff068:   000000005cb9318c 0000002000004112
0x0000004979cff078:   0000014e039916f8 0000014e03b55460
0x0000004979cff088:   00000000c8402afc 0000014e6aea8e60
0x0000004979cff098:   000000005cce568c 0000014e7e4ed880
0x0000004979cff0a8:   000000005cf2be38 000000005cf2be38
0x0000004979cff0b8:   0000014e7e4ed880 000000005d0a3230
0x0000004979cff0c8:   000000000000000e 000000005d0a3230 

Instructions: (pc=0x000000005cce4589)
0x000000005cce4569:   10 48 8b 44 24 10 48 89 02 c3 cc cc cc cc cc cc
0x000000005cce4579:   cc cc cc cc cc cc cc 48 3b 15 69 3b 41 00 72 0c
0x000000005cce4589:   48 8b 02 24 03 3c 03 74 03 32 c0 c3 b0 01 c3 cc
0x000000005cce4599:   cc cc cc cc cc cc cc 8b 02 48 3b 05 4f 3b 41 00 


Register to memory mapping:

RAX=0x000000005cf2bcb0 is an unknown value
RBX=0x0000014e034e31d8 is an unknown value
RCX=0x000000005d0a3220 is an unknown value
RDX=0x00000100fc4e20a0 is an unknown value
RSP=0x0000004979cfefd8 is an unknown value
RBP=0x000000005d0a3220 is an unknown value
RSI=0x0000004979cff070 is an unknown value
RDI=0x0000014e7e3ea510 is an unknown value
R8 =0x00000000ed700000 is an oop
[C 
 - klass: {type array char}
 - length: 106
R9 =0x000000000000ea6d is an unknown value
R10=0x0000000000000000 is an unknown value
R11=0x0000000000000246 is an unknown value
R12=0x0000000000050470 is an unknown value
R13=0x0000000000050470 is an unknown value
R14=0x0000004979cff118 is an unknown value
R15=0x0000000000000000 is an unknown value


Stack: [0x0000004979c00000,0x0000004979d00000],  sp=0x0000004979cfefd8,  free space=1019k
Native frames: (J=compiled Java code, j=interpreted, Vv=VM code, C=native code)
V  [jvm.dll+0x3d4589]

VM_Operation (0x000000497adfc430): CollectForMetadataAllocation, mode: safepoint, requested by thread 0x0000014e0064b000


---------------  P R O C E S S  ---------------

Java Threads: ( => current thread )
  0x0000014e7fb24000 JavaThread "HikariPool-1 housekeeper" daemon [_thread_blocked, id=6096, stack(0x000000497b400000,0x000000497b500000)]
  0x0000014e01d58800 JavaThread "mysql-cj-abandoned-connection-cleanup" daemon [_thread_blocked, id=8000, stack(0x000000497b200000,0x000000497b300000)]
  0x0000014e7f755000 JavaThread "container-0" [_thread_blocked, id=7916, stack(0x000000497b100000,0x000000497b200000)]
  0x0000014e7f754800 JavaThread "Catalina-utility-2" [_thread_blocked, id=1312, stack(0x000000497b000000,0x000000497b100000)]
  0x0000014e0165b800 JavaThread "Catalina-utility-1" [_thread_blocked, id=6028, stack(0x000000497ae00000,0x000000497af00000)]
  0x0000014e01181000 JavaThread "RMI TCP Connection(3)-192.168.1.53" daemon [_thread_in_native, id=1448, stack(0x000000497af00000,0x000000497b000000)]
  0x0000014e0064b000 JavaThread "restartedMain" [_thread_blocked, id=4880, stack(0x000000497ad00000,0x000000497ae00000)]
  0x0000014e00647000 JavaThread "Thread-2" [_thread_blocked, id=7600, stack(0x000000497ac00000,0x000000497ad00000)]
  0x0000014e00442000 JavaThread "RMI Scheduler(0)" daemon [_thread_blocked, id=6424, stack(0x000000497ab00000,0x000000497ac00000)]
  0x0000014e7f870000 JavaThread "RMI TCP Connection(2)-192.168.1.53" daemon [_thread_in_native, id=1768, stack(0x000000497aa00000,0x000000497ab00000)]
  0x0000014e00322800 JavaThread "RMI TCP Accept-0" daemon [_thread_in_native, id=2160, stack(0x000000497a800000,0x000000497a900000)]
  0x0000014e00084000 JavaThread "Service Thread" daemon [_thread_blocked, id=4820, stack(0x000000497a700000,0x000000497a800000)]
  0x0000014e7fb25800 JavaThread "C1 CompilerThread2" daemon [_thread_blocked, id=3620, stack(0x000000497a600000,0x000000497a700000)]
  0x0000014e7fb14000 JavaThread "C2 CompilerThread1" daemon [_thread_blocked, id=6120, stack(0x000000497a500000,0x000000497a600000)]
  0x0000014e7fb13000 JavaThread "C2 CompilerThread0" daemon [_thread_blocked, id=2520, stack(0x000000497a400000,0x000000497a500000)]
  0x0000014e7e56a000 JavaThread "JDWP Command Reader" daemon [_thread_in_native, id=1764, stack(0x000000497a300000,0x000000497a400000)]
  0x0000014e7e55f000 JavaThread "JDWP Event Helper Thread" daemon [_thread_blocked, id=5176, stack(0x000000497a200000,0x000000497a300000)]
  0x0000014e7e552000 JavaThread "JDWP Transport Listener: dt_socket" daemon [_thread_blocked, id=1660, stack(0x000000497a100000,0x000000497a200000)]
  0x0000014e7e546000 JavaThread "Attach Listener" daemon [_thread_blocked, id=5756, stack(0x000000497a000000,0x000000497a100000)]
  0x0000014e7e545800 JavaThread "Signal Dispatcher" daemon [_thread_blocked, id=1788, stack(0x0000004979f00000,0x000000497a000000)]
  0x0000014e7e522800 JavaThread "Finalizer" daemon [_thread_blocked, id=476, stack(0x0000004979e00000,0x0000004979f00000)]
  0x0000014e7e51b000 JavaThread "Reference Handler" daemon [_thread_blocked, id=2352, stack(0x0000004979d00000,0x0000004979e00000)]
  0x0000014e6aea6000 JavaThread "main" [_thread_blocked, id=2816, stack(0x0000004979700000,0x0000004979800000)]

Other Threads:
=>0x0000014e7e4ef800 VMThread [stack: 0x0000004979c00000,0x0000004979d00000] [id=4540]
  0x0000014e0032d800 WatcherThread [stack: 0x000000497a900000,0x000000497aa00000] [id=7512]

VM state:at safepoint (normal execution)

VM Mutex/Monitor currently owned by a thread:  ([mutex/lock_event])
[0x0000014e6aea4420] Threads_lock - owner thread: 0x0000014e7e4ef800
[0x0000014e6aea45a0] Heap_lock - owner thread: 0x0000014e0064b000

heap address: 0x00000000c8400000, size: 892 MB, Compressed Oops mode: 32-bit
Narrow klass base: 0x0000000000000000, Narrow klass shift: 3
Compressed class space size: 1073741824 Address: 0x0000000100000000

Heap:
 PSYoungGen      total 225792K, used 220503K [0x00000000ed700000, 0x00000000fcf00000, 0x0000000100000000)
  eden space 214528K, 97% used [0x00000000ed700000,0x00000000fa356ec0,0x00000000fa880000)
  from space 11264K, 99% used [0x00000000fc400000,0x00000000fceff0d0,0x00000000fcf00000)
  to   space 14336K, 99% used [0x00000000fb300000,0x00000000fc0f9670,0x00000000fc100000)
 ParOldGen       total 47104K, used 22957K [0x00000000c8400000, 0x00000000cb200000, 0x00000000ed700000)
  object space 47104K, 48% used [0x00000000c8400000,0x00000000c9a6b588,0x00000000cb200000)
 Metaspace       used 55634K, capacity 58980K, committed 59028K, reserved 1099776K
  class space    used 7801K, capacity 8424K, committed 8448K, reserved 1048576K

Card table byte_map: [0x0000014e7bab0000,0x0000014e7bc70000] byte_map_base: 0x0000014e7b46e000

Marking Bits: (ParMarkBitMap*) 0x000000005d0f7fe0
 Begin Bits: [0x0000014e7bda0000, 0x0000014e7cb90000)
 End Bits:   [0x0000014e7cb90000, 0x0000014e7d980000)

Polling page: 0x0000014e6adf0000

CodeCache: size=245760Kb used=10897Kb max_used=10897Kb free=234862Kb
 bounds [0x0000014e6c6f0000, 0x0000014e6d1a0000, 0x0000014e7b6f0000]
 total_blobs=6303 nmethods=5739 adapters=484
 compilation: enabled

Compilation events (10 events):
Event: 27.956 Thread 0x0000014e7fb25800 5809       1       org.springframework.dao.annotation.PersistenceExceptionTranslationAdvisor::getPointcut (5 bytes)
Event: 27.956 Thread 0x0000014e7fb25800 nmethod 5809 0x0000014e6d192990 code [0x0000014e6d192ae0, 0x0000014e6d192bf8]
Event: 27.961 Thread 0x0000014e7fb25800 5810       1       org.springframework.beans.PropertyEditorRegistrySupport::registerDefaultEditors (6 bytes)
Event: 27.961 Thread 0x0000014e7fb25800 nmethod 5810 0x0000014e6d192c50 code [0x0000014e6d192da0, 0x0000014e6d192eb8]
Event: 28.056 Thread 0x0000014e7fb25800 5811       1       java.security.Security::getImpl (31 bytes)
Event: 28.057 Thread 0x0000014e7fb25800 nmethod 5811 0x0000014e6d192f10 code [0x0000014e6d1930e0, 0x0000014e6d1936a0]
Event: 28.078 Thread 0x0000014e7fb25800 5812   !   1       org.springframework.context.annotation.CommonAnnotationBeanPostProcessor::findResourceMetadata (124 bytes)
Event: 28.080 Thread 0x0000014e7fb25800 nmethod 5812 0x0000014e6d193b10 code [0x0000014e6d193ce0, 0x0000014e6d1943c0]
Event: 28.080 Thread 0x0000014e7fb25800 5813   !   1       org.springframework.beans.factory.annotation.AutowiredAnnotationBeanPostProcessor::findAutowiringMetadata (124 bytes)
Event: 28.081 Thread 0x0000014e7fb25800 nmethod 5813 0x0000014e6d194850 code [0x0000014e6d194a20, 0x0000014e6d195100]

GC Heap History (10 events):
Event: 9.472 GC heap after
Heap after GC invocations=10 (full 1):
 PSYoungGen      total 123392K, used 7655K [0x00000000ed700000, 0x00000000f8a80000, 0x0000000100000000)
  eden space 115712K, 0% used [0x00000000ed700000,0x00000000ed700000,0x00000000f4800000)
  from space 7680K, 99% used [0x00000000f4800000,0x00000000f4f79ce0,0x00000000f4f80000)
  to   space 8704K, 0% used [0x00000000f8200000,0x00000000f8200000,0x00000000f8a80000)
 ParOldGen       total 28672K, used 7730K [0x00000000c8400000, 0x00000000ca000000, 0x00000000ed700000)
  object space 28672K, 26% used [0x00000000c8400000,0x00000000c8b8cb90,0x00000000ca000000)
 Metaspace       used 24818K, capacity 25998K, committed 26240K, reserved 1071104K
  class space    used 3376K, capacity 3691K, committed 3712K, reserved 1048576K
}
Event: 12.901 GC heap before
{Heap before GC invocations=11 (full 1):
 PSYoungGen      total 123392K, used 123367K [0x00000000ed700000, 0x00000000f8a80000, 0x0000000100000000)
  eden space 115712K, 100% used [0x00000000ed700000,0x00000000f4800000,0x00000000f4800000)
  from space 7680K, 99% used [0x00000000f4800000,0x00000000f4f79ce0,0x00000000f4f80000)
  to   space 8704K, 0% used [0x00000000f8200000,0x00000000f8200000,0x00000000f8a80000)
 ParOldGen       total 28672K, used 7730K [0x00000000c8400000, 0x00000000ca000000, 0x00000000ed700000)
  object space 28672K, 26% used [0x00000000c8400000,0x00000000c8b8cb90,0x00000000ca000000)
 Metaspace       used 31777K, capacity 33926K, committed 34304K, reserved 1079296K
  class space    used 4377K, capacity 4789K, committed 4864K, reserved 1048576K
Event: 12.933 GC heap after
Heap after GC invocations=11 (full 1):
 PSYoungGen      total 172032K, used 8680K [0x00000000ed700000, 0x00000000f8e00000, 0x0000000100000000)
  eden space 163328K, 0% used [0x00000000ed700000,0x00000000ed700000,0x00000000f7680000)
  from space 8704K, 99% used [0x00000000f8200000,0x00000000f8a7a2e0,0x00000000f8a80000)
  to   space 11776K, 0% used [0x00000000f7680000,0x00000000f7680000,0x00000000f8200000)
 ParOldGen       total 28672K, used 11761K [0x00000000c8400000, 0x00000000ca000000, 0x00000000ed700000)
  object space 28672K, 41% used [0x00000000c8400000,0x00000000c8f7c7e0,0x00000000ca000000)
 Metaspace       used 31777K, capacity 33926K, committed 34304K, reserved 1079296K
  class space    used 4377K, capacity 4789K, committed 4864K, reserved 1048576K
}
Event: 13.744 GC heap before
{Heap before GC invocations=12 (full 1):
 PSYoungGen      total 172032K, used 101359K [0x00000000ed700000, 0x00000000f8e00000, 0x0000000100000000)
  eden space 163328K, 56% used [0x00000000ed700000,0x00000000f3181d00,0x00000000f7680000)
  from space 8704K, 99% used [0x00000000f8200000,0x00000000f8a7a2e0,0x00000000f8a80000)
  to   space 11776K, 0% used [0x00000000f7680000,0x00000000f7680000,0x00000000f8200000)
 ParOldGen       total 28672K, used 11761K [0x00000000c8400000, 0x00000000ca000000, 0x00000000ed700000)
  object space 28672K, 41% used [0x00000000c8400000,0x00000000c8f7c7e0,0x00000000ca000000)
 Metaspace       used 33081K, capacity 35358K, committed 35416K, reserved 1079296K
  class space    used 4528K, capacity 4969K, committed 4992K, reserved 1048576K
Event: 13.771 GC heap after
Heap after GC invocations=12 (full 1):
 PSYoungGen      total 175104K, used 1987K [0x00000000ed700000, 0x00000000fcf00000, 0x0000000100000000)
  eden space 163328K, 0% used [0x00000000ed700000,0x00000000ed700000,0x00000000f7680000)
  from space 11776K, 16% used [0x00000000f7680000,0x00000000f7870d18,0x00000000f8200000)
  to   space 11264K, 0% used [0x00000000fc400000,0x00000000fc400000,0x00000000fcf00000)
 ParOldGen       total 28672K, used 18944K [0x00000000c8400000, 0x00000000ca000000, 0x00000000ed700000)
  object space 28672K, 66% used [0x00000000c8400000,0x00000000c9680018,0x00000000ca000000)
 Metaspace       used 33081K, capacity 35358K, committed 35416K, reserved 1079296K
  class space    used 4528K, capacity 4969K, committed 4992K, reserved 1048576K
}
Event: 13.771 GC heap before
{Heap before GC invocations=13 (full 2):
 PSYoungGen      total 175104K, used 1987K [0x00000000ed700000, 0x00000000fcf00000, 0x0000000100000000)
  eden space 163328K, 0% used [0x00000000ed700000,0x00000000ed700000,0x00000000f7680000)
  from space 11776K, 16% used [0x00000000f7680000,0x00000000f7870d18,0x00000000f8200000)
  to   space 11264K, 0% used [0x00000000fc400000,0x00000000fc400000,0x00000000fcf00000)
 ParOldGen       total 28672K, used 18944K [0x00000000c8400000, 0x00000000ca000000, 0x00000000ed700000)
  object space 28672K, 66% used [0x00000000c8400000,0x00000000c9680018,0x00000000ca000000)
 Metaspace       used 33081K, capacity 35358K, committed 35416K, reserved 1079296K
  class space    used 4528K, capacity 4969K, committed 4992K, reserved 1048576K
Event: 13.954 GC heap after
Heap after GC invocations=13 (full 2):
 PSYoungGen      total 175104K, used 0K [0x00000000ed700000, 0x00000000fcf00000, 0x0000000100000000)
  eden space 163328K, 0% used [0x00000000ed700000,0x00000000ed700000,0x00000000f7680000)
  from space 11776K, 0% used [0x00000000f7680000,0x00000000f7680000,0x00000000f8200000)
  to   space 11264K, 0% used [0x00000000fc400000,0x00000000fc400000,0x00000000fcf00000)
 ParOldGen       total 47104K, used 14546K [0x00000000c8400000, 0x00000000cb200000, 0x00000000ed700000)
  object space 47104K, 30% used [0x00000000c8400000,0x00000000c9234ad0,0x00000000cb200000)
 Metaspace       used 33081K, capacity 35358K, committed 35416K, reserved 1079296K
  class space    used 4528K, capacity 4969K, committed 4992K, reserved 1048576K
}
Event: 19.379 GC heap before
{Heap before GC invocations=14 (full 2):
 PSYoungGen      total 175104K, used 163328K [0x00000000ed700000, 0x00000000fcf00000, 0x0000000100000000)
  eden space 163328K, 100% used [0x00000000ed700000,0x00000000f7680000,0x00000000f7680000)
  from space 11776K, 0% used [0x00000000f7680000,0x00000000f7680000,0x00000000f8200000)
  to   space 11264K, 0% used [0x00000000fc400000,0x00000000fc400000,0x00000000fcf00000)
 ParOldGen       total 47104K, used 14546K [0x00000000c8400000, 0x00000000cb200000, 0x00000000ed700000)
  object space 47104K, 30% used [0x00000000c8400000,0x00000000c9234ad0,0x00000000cb200000)
 Metaspace       used 45281K, capacity 47772K, committed 48000K, reserved 1091584K
  class space    used 6244K, capacity 6730K, committed 6784K, reserved 1048576K
Event: 19.409 GC heap after
Heap after GC invocations=14 (full 2):
 PSYoungGen      total 225792K, used 11260K [0x00000000ed700000, 0x00000000fcf00000, 0x0000000100000000)
  eden space 214528K, 0% used [0x00000000ed700000,0x00000000ed700000,0x00000000fa880000)
  from space 11264K, 99% used [0x00000000fc400000,0x00000000fceff0d0,0x00000000fcf00000)
  to   space 14336K, 0% used [0x00000000fb300000,0x00000000fb300000,0x00000000fc100000)
 ParOldGen       total 47104K, used 17383K [0x00000000c8400000, 0x00000000cb200000, 0x00000000ed700000)
  object space 47104K, 36% used [0x00000000c8400000,0x00000000c94f9d18,0x00000000cb200000)
 Metaspace       used 45281K, capacity 47772K, committed 48000K, reserved 1091584K
  class space    used 6244K, capacity 6730K, committed 6784K, reserved 1048576K
}
Event: 28.353 GC heap before
{Heap before GC invocations=15 (full 2):
 PSYoungGen      total 225792K, used 220503K [0x00000000ed700000, 0x00000000fcf00000, 0x0000000100000000)
  eden space 214528K, 97% used [0x00000000ed700000,0x00000000fa356ec0,0x00000000fa880000)
  from space 11264K, 99% used [0x00000000fc400000,0x00000000fceff0d0,0x00000000fcf00000)
  to   space 14336K, 0% used [0x00000000fb300000,0x00000000fb300000,0x00000000fc100000)
 ParOldGen       total 47104K, used 17383K [0x00000000c8400000, 0x00000000cb200000, 0x00000000ed700000)
  object space 47104K, 36% used [0x00000000c8400000,0x00000000c94f9d18,0x00000000cb200000)
 Metaspace       used 55634K, capacity 58980K, committed 59028K, reserved 1099776K
  class space    used 7801K, capacity 8424K, committed 8448K, reserved 1048576K

Deoptimization events (0 events):
No events

Classes redefined (0 events):
No events

Internal exceptions (10 events):
Event: 27.847 Thread 0x0000014e0064b000 Exception <a 'java/lang/ArrayIndexOutOfBoundsException'> (0x00000000f946e500) thrown at [C:\jenkins\workspace\8-2-build-windows-amd64-cygwin\jdk8u291\1294\hotspot\src\share\vm\runtime\sharedRuntime.cpp, line 609]
Event: 27.851 Thread 0x0000014e0064b000 Exception <a 'java/lang/ClassNotFoundException': org/springframework/context/annotation/ImportAwareCustomizer> (0x00000000f948ee10) thrown at [C:\jenkins\workspace\8-2-build-windows-amd64-cygwin\jdk8u291\1294\hotspot\src\share\vm\classfile\systemDictionar
Event: 27.854 Thread 0x0000014e0064b000 Exception <a 'java/lang/ClassNotFoundException': org/springframework/beans/factory/AwareCustomizer> (0x00000000f94a7080) thrown at [C:\jenkins\workspace\8-2-build-windows-amd64-cygwin\jdk8u291\1294\hotspot\src\share\vm\classfile\systemDictionary.cpp, line
Event: 27.856 Thread 0x0000014e0064b000 Exception <a 'java/lang/ClassNotFoundException': org/springframework/beans/factory/BeanClassLoaderAwareCustomizer> (0x00000000f94c2f20) thrown at [C:\jenkins\workspace\8-2-build-windows-amd64-cygwin\jdk8u291\1294\hotspot\src\share\vm\classfile\systemDicti
Event: 27.859 Thread 0x0000014e0064b000 Exception <a 'java/lang/ClassNotFoundException': org/springframework/beans/factory/AwareCustomizer> (0x00000000f94db048) thrown at [C:\jenkins\workspace\8-2-build-windows-amd64-cygwin\jdk8u291\1294\hotspot\src\share\vm\classfile\systemDictionary.cpp, line
Event: 27.861 Thread 0x0000014e0064b000 Exception <a 'java/lang/ArrayIndexOutOfBoundsException'> (0x00000000f94e3d60) thrown at [C:\jenkins\workspace\8-2-build-windows-amd64-cygwin\jdk8u291\1294\hotspot\src\share\vm\runtime\sharedRuntime.cpp, line 609]
Event: 27.917 Thread 0x0000014e0064b000 Exception <a 'java/lang/ArrayIndexOutOfBoundsException'> (0x00000000f95bde08) thrown at [C:\jenkins\workspace\8-2-build-windows-amd64-cygwin\jdk8u291\1294\hotspot\src\share\vm\runtime\sharedRuntime.cpp, line 609]
Event: 27.959 Thread 0x0000014e0064b000 Exception <a 'java/lang/ArrayIndexOutOfBoundsException'> (0x00000000f969fd10) thrown at [C:\jenkins\workspace\8-2-build-windows-amd64-cygwin\jdk8u291\1294\hotspot\src\share\vm\runtime\sharedRuntime.cpp, line 609]
Event: 27.962 Thread 0x0000014e0064b000 Exception <a 'java/lang/ArrayIndexOutOfBoundsException'> (0x00000000f96a8048) thrown at [C:\jenkins\workspace\8-2-build-windows-amd64-cygwin\jdk8u291\1294\hotspot\src\share\vm\runtime\sharedRuntime.cpp, line 609]
Event: 28.068 Thread 0x0000014e0064b000 Exception <a 'java/lang/ArrayIndexOutOfBoundsException'> (0x00000000f99f7028) thrown at [C:\jenkins\workspace\8-2-build-windows-amd64-cygwin\jdk8u291\1294\hotspot\src\share\vm\runtime\sharedRuntime.cpp, line 609]

Events (10 events):
Event: 28.347 Thread 0x0000014e0064b000 DEOPT UNPACKING pc=0x0000014e6c737498 sp=0x000000497adfb840 mode 1
Event: 28.350 loading class org/springframework/security/web/savedrequest/RequestCache
Event: 28.350 loading class org/springframework/security/web/savedrequest/RequestCache done
Event: 28.351 Thread 0x0000014e0064b000 DEOPT PACKING pc=0x0000014e6c92e949 sp=0x000000497adf9150
Event: 28.351 Thread 0x0000014e0064b000 DEOPT UNPACKING pc=0x0000014e6c737498 sp=0x000000497adf8ea0 mode 1
Event: 28.351 Thread 0x0000014e0064b000 DEOPT PACKING pc=0x0000014e6c8c6184 sp=0x000000497adf91d0
Event: 28.351 Thread 0x0000014e0064b000 DEOPT UNPACKING pc=0x0000014e6c737498 sp=0x000000497adf8ff0 mode 1
Event: 28.351 Thread 0x0000014e0064b000 DEOPT PACKING pc=0x0000014e6c8c60c4 sp=0x000000497adf9360
Event: 28.351 Thread 0x0000014e0064b000 DEOPT UNPACKING pc=0x0000014e6c737498 sp=0x000000497adf9180 mode 1
Event: 28.353 Executing VM operation: CollectForMetadataAllocation


Dynamic libraries:
0x00007ff7cbcf0000 - 0x00007ff7cbd37000 	C:\Program Files\Java\jdk1.8.0_291\bin\java.exe
0x00007ffc0edc0000 - 0x00007ffc0efb0000 	C:\WINDOWS\SYSTEM32\ntdll.dll
0x00007ffc0d670000 - 0x00007ffc0d722000 	C:\WINDOWS\System32\KERNEL32.DLL
0x00007ffc0c7c0000 - 0x00007ffc0ca65000 	C:\WINDOWS\System32\KERNELBASE.dll
0x00007ffc0dfb0000 - 0x00007ffc0e053000 	C:\WINDOWS\System32\ADVAPI32.dll
0x00007ffc0e060000 - 0x00007ffc0e0fe000 	C:\WINDOWS\System32\msvcrt.dll
0x00007ffc0ea70000 - 0x00007ffc0eb07000 	C:\WINDOWS\System32\sechost.dll
0x00007ffc0de90000 - 0x00007ffc0dfaf000 	C:\WINDOWS\System32\RPCRT4.dll
0x00007ffc0dc70000 - 0x00007ffc0de04000 	C:\WINDOWS\System32\USER32.dll
0x00007ffc0bd30000 - 0x00007ffc0bd51000 	C:\WINDOWS\System32\win32u.dll
0x00007ffc0e9e0000 - 0x00007ffc0ea06000 	C:\WINDOWS\System32\GDI32.dll
0x00007ffc0ca70000 - 0x00007ffc0cc08000 	C:\WINDOWS\System32\gdi32full.dll
0x00007ffc0bec0000 - 0x00007ffc0bf5e000 	C:\WINDOWS\System32\msvcp_win.dll
0x00007ffc0cc10000 - 0x00007ffc0cd0a000 	C:\WINDOWS\System32\ucrtbase.dll
0x00007ffbfdaa0000 - 0x00007ffbfdd24000 	C:\WINDOWS\WinSxS\amd64_microsoft.windows.common-controls_6595b64144ccf1df_6.0.18362.1556_none_9e7e372fe45e41d5\COMCTL32.dll
0x00007ffc0e310000 - 0x00007ffc0e646000 	C:\WINDOWS\System32\combase.dll
0x00007ffc0bf60000 - 0x00007ffc0bfe1000 	C:\WINDOWS\System32\bcryptPrimitives.dll
0x00007ffc0ed40000 - 0x00007ffc0ed6e000 	C:\WINDOWS\System32\IMM32.DLL
0x00007ffc072e0000 - 0x00007ffc072f5000 	C:\Program Files\Java\jdk1.8.0_291\jre\bin\vcruntime140.dll
0x00007ffc07240000 - 0x00007ffc072db000 	C:\Program Files\Java\jdk1.8.0_291\jre\bin\msvcp140.dll
0x000000005c910000 - 0x000000005d170000 	C:\Program Files\Java\jdk1.8.0_291\jre\bin\server\jvm.dll
0x00007ffc0ed70000 - 0x00007ffc0ed78000 	C:\WINDOWS\System32\PSAPI.DLL
0x00007ffc08900000 - 0x00007ffc08924000 	C:\WINDOWS\SYSTEM32\WINMM.dll
0x00007ffc07d20000 - 0x00007ffc07d29000 	C:\WINDOWS\SYSTEM32\WSOCK32.dll
0x00007ffc0e2a0000 - 0x00007ffc0e30f000 	C:\WINDOWS\System32\WS2_32.dll
0x00007ffc04960000 - 0x00007ffc0496a000 	C:\WINDOWS\SYSTEM32\VERSION.dll
0x00007ffc088d0000 - 0x00007ffc088fd000 	C:\WINDOWS\SYSTEM32\winmmbase.dll
0x00007ffc0cd10000 - 0x00007ffc0cd5a000 	C:\WINDOWS\System32\cfgmgr32.dll
0x00007ffc0bd10000 - 0x00007ffc0bd21000 	C:\WINDOWS\System32\kernel.appcore.dll
0x00007ffc073e0000 - 0x00007ffc073f0000 	C:\Program Files\Java\jdk1.8.0_291\jre\bin\verify.dll
0x00007ffc071e0000 - 0x00007ffc0720b000 	C:\Program Files\Java\jdk1.8.0_291\jre\bin\java.dll
0x00007ffc01e00000 - 0x00007ffc01e36000 	C:\Program Files\Java\jdk1.8.0_291\jre\bin\jdwp.dll
0x00007ffc04ad0000 - 0x00007ffc04ad9000 	C:\Program Files\Java\jdk1.8.0_291\jre\bin\npt.dll
0x00007ffc024e0000 - 0x00007ffc02510000 	C:\Program Files\Java\jdk1.8.0_291\jre\bin\instrument.dll
0x00007ffc07220000 - 0x00007ffc07238000 	C:\Program Files\Java\jdk1.8.0_291\jre\bin\zip.dll
0x00007ffc0ce70000 - 0x00007ffc0d557000 	C:\WINDOWS\System32\SHELL32.dll
0x00007ffc0d560000 - 0x00007ffc0d608000 	C:\WINDOWS\System32\shcore.dll
0x00007ffc0c040000 - 0x00007ffc0c7bb000 	C:\WINDOWS\System32\windows.storage.dll
0x00007ffc0bcf0000 - 0x00007ffc0bd0e000 	C:\WINDOWS\System32\profapi.dll
0x00007ffc0bca0000 - 0x00007ffc0bcea000 	C:\WINDOWS\System32\powrprof.dll
0x00007ffc0bc70000 - 0x00007ffc0bc80000 	C:\WINDOWS\System32\UMPDC.dll
0x00007ffc0ea10000 - 0x00007ffc0ea62000 	C:\WINDOWS\System32\shlwapi.dll
0x00007ffc0bff0000 - 0x00007ffc0c007000 	C:\WINDOWS\System32\cryptsp.dll
0x00007ffc04ac0000 - 0x00007ffc04aca000 	C:\Program Files\Java\jdk1.8.0_291\jre\bin\dt_socket.dll
0x00007ffc0b4b0000 - 0x00007ffc0b517000 	C:\WINDOWS\system32\mswsock.dll
0x00007ffc04d20000 - 0x00007ffc04d3c000 	C:\Program Files\Java\jdk1.8.0_291\jre\bin\net.dll
0x00007ffc0b200000 - 0x00007ffc0b2cb000 	C:\WINDOWS\SYSTEM32\DNSAPI.dll
0x00007ffc0e9d0000 - 0x00007ffc0e9d8000 	C:\WINDOWS\System32\NSI.dll
0x00007ffc0b1c0000 - 0x00007ffc0b1fa000 	C:\WINDOWS\SYSTEM32\IPHLPAPI.DLL
0x00007ffc01d70000 - 0x00007ffc01d7a000 	C:\Windows\System32\rasadhlp.dll
0x00007ffc02bc0000 - 0x00007ffc02c37000 	C:\WINDOWS\System32\fwpuclnt.dll
0x00007ffc0c010000 - 0x00007ffc0c036000 	C:\WINDOWS\System32\bcrypt.dll
0x00007ffc02260000 - 0x00007ffc0226d000 	C:\Program Files\Java\jdk1.8.0_291\jre\bin\management.dll
0x00007ffc04d00000 - 0x00007ffc04d13000 	C:\Program Files\Java\jdk1.8.0_291\jre\bin\nio.dll
0x00007ffc0b030000 - 0x00007ffc0b063000 	C:\WINDOWS\system32\rsaenh.dll
0x00007ffc0bb90000 - 0x00007ffc0bbb5000 	C:\WINDOWS\SYSTEM32\USERENV.dll
0x00007ffc0b680000 - 0x00007ffc0b68c000 	C:\WINDOWS\SYSTEM32\CRYPTBASE.dll
0x00007ffc02d30000 - 0x00007ffc02d46000 	C:\WINDOWS\SYSTEM32\dhcpcsvc6.DLL
0x00007ffc04d40000 - 0x00007ffc04d5c000 	C:\WINDOWS\SYSTEM32\dhcpcsvc.DLL
0x00007ffbfeb60000 - 0x00007ffbfeb76000 	C:\WINDOWS\system32\napinsp.dll
0x00007ffbfeb10000 - 0x00007ffbfeb2a000 	C:\WINDOWS\system32\pnrpnsp.dll
0x00007ffbfeac0000 - 0x00007ffbfeace000 	C:\WINDOWS\System32\winrnr.dll
0x00007ffc08770000 - 0x00007ffc0878c000 	C:\WINDOWS\system32\NLAapi.dll
0x00007ffbfeaa0000 - 0x00007ffbfeab5000 	C:\WINDOWS\system32\wshbth.dll
0x00007ffc01dd0000 - 0x00007ffc01df4000 	C:\Program Files\Java\jdk1.8.0_291\jre\bin\sunec.dll
0x00007ffc02250000 - 0x00007ffc0225d000 	C:\Program Files\Java\jdk1.8.0_291\jre\bin\sunmscapi.dll
0x00007ffc0bd60000 - 0x00007ffc0beb1000 	C:\WINDOWS\System32\CRYPT32.dll
0x00007ffc0bc80000 - 0x00007ffc0bc92000 	C:\WINDOWS\System32\MSASN1.dll
0x00007ffc0b790000 - 0x00007ffc0b7b6000 	C:\WINDOWS\SYSTEM32\ncrypt.dll
0x00007ffc0b750000 - 0x00007ffc0b78b000 	C:\WINDOWS\SYSTEM32\NTASN1.dll
0x00007ffbfe1e0000 - 0x00007ffbfe3d4000 	C:\WINDOWS\SYSTEM32\dbghelp.dll

VM Arguments:
jvm_args: -agentlib:jdwp=transport=dt_socket,address=127.0.0.1:52837,suspend=y,server=n -XX:TieredStopAtLevel=1 -Xverify:none -Dspring.output.ansi.enabled=always -javaagent:C:\Users\38096\AppData\Local\JetBrains\IntelliJIdea2021.2\captureAgent\debugger-agent.jar -Dcom.sun.management.jmxremote -Dspring.jmx.enabled=true -Dspring.liveBeansView.mbeanDomain -Dspring.application.admin.enabled=true -Dfile.encoding=UTF-8 
java_command: com.example.KinoCMS.Application
java_class_path (initial): C:\Program Files\Java\jdk1.8.0_291\jre\lib\charsets.jar;C:\Program Files\Java\jdk1.8.0_291\jre\lib\deploy.jar;C:\Program Files\Java\jdk1.8.0_291\jre\lib\ext\access-bridge-64.jar;C:\Program Files\Java\jdk1.8.0_291\jre\lib\ext\cldrdata.jar;C:\Program Files\Java\jdk1.8.0_291\jre\lib\ext\dnsns.jar;C:\Program Files\Java\jdk1.8.0_291\jre\lib\ext\jaccess.jar;C:\Program Files\Java\jdk1.8.0_291\jre\lib\ext\jfxrt.jar;C:\Program Files\Java\jdk1.8.0_291\jre\lib\ext\localedata.jar;C:\Program Files\Java\jdk1.8.0_291\jre\lib\ext\nashorn.jar;C:\Program Files\Java\jdk1.8.0_291\jre\lib\ext\sunec.jar;C:\Program Files\Java\jdk1.8.0_291\jre\lib\ext\sunjce_provider.jar;C:\Program Files\Java\jdk1.8.0_291\jre\lib\ext\sunmscapi.jar;C:\Program Files\Java\jdk1.8.0_291\jre\lib\ext\sunpkcs11.jar;C:\Program Files\Java\jdk1.8.0_291\jre\lib\ext\zipfs.jar;C:\Program Files\Java\jdk1.8.0_291\jre\lib\javaws.jar;C:\Program Files\Java\jdk1.8.0_291\jre\lib\jce.jar;C:\Program Files\Java\jdk1.8.0_291\jre\lib\jfr.jar;C:\Program Files\Java\jdk1.8.0_291\jre\lib\jfxswt.jar;C:\Program Files\Java\jdk1.8.0_291\jre\lib\jsse.jar;C:\Program Files\Java\jdk1.8.0_291\jre\lib\management-agent.jar;C:\Program Files\Java\jdk1.8.0_291\jre\lib\plugin.jar;C:\Program Files\Java\jdk1.8.0_291\jre\lib\resources.jar;C:\Program Files\Java\jdk1.8.0_291\jre\lib\rt.jar;C:\Users\38096\IdeaProjects\KinoCMS\target\classes;C:\Users\38096\AppData\Roaming\JetBrains\IntelliJIdea2021.2\javascript\extLibs\http_cdn.jsdelivr.net_npm_bootstrap@4.6.1_dist_css_bootstrap.css;C:\Users\38096\AppData\Roaming\JetBrains\IntelliJIdea2021.2\javascript\extLibs\http_cdn.jsdelivr.net_npm_bootstrap@4.6.1_dist_js_bootstrap.bundle.js;C:\Users\38096\AppData\Roaming\JetBrains\IntelliJIdea2021.2\javascript\extLibs\http_cdn.jsdelivr.net_npm_bootstrap@5.0.2_dist_css_bootstrap.css;C:\Users\38096\AppData\Roaming\JetBrains\IntelliJIdea2021.2\javascript\extLibs\http_cdn.jsdelivr.net_npm_bootstrap@5.0.2_dist_js_bootstrap.bundle.js;C:\Users\380
Launcher Type: SUN_STANDARD

Environment Variables:
PATH=C:\Program Files (x86)\Common Files\Oracle\Java\javapath;C:\Python27\;C:\Python27\Scripts;C:\WINDOWS\system32;C:\WINDOWS;C:\WINDOWS\System32\Wbem;C:\WINDOWS\System32\WindowsPowerShell\v1.0\;C:\WINDOWS\System32\OpenSSH\;C:\Program Files (x86)\ATI Technologies\ATI.ACE\Core-Static;C:\Program Files\dotnet\;C:\Program Files (x86)\dotnet\;C:\Users\38096\;C:\ProgramData\chocolatey\bin;C:\PHP;D:\Git\cmd;C:\Program Files\MySQL\MySQL Shell 8.0\bin\;C:\Users\38096\AppData\Local\Microsoft\WindowsApps;C:\Users\38096\AppData\Roaming\npm;C:\Users\38096\AppData\Local\Programs\Microsoft VS Code\bin;
USERNAME=38096
OS=Windows_NT
PROCESSOR_IDENTIFIER=AMD64 Family 18 Model 1 Stepping 0, AuthenticAMD



---------------  S Y S T E M  ---------------

OS: Windows 10.0 , 64 bit Build 18362 (10.0.18362.1500)

CPU:total 4 (initial active 4) (4 cores per cpu, 1 threads per core) family 18 model 1 stepping 0, cmov, cx8, fxsr, mmx, sse, sse2, sse3, popcnt, mmxext, 3dnowpref, lzcnt, sse4a, tsc, tscinvbit, tscinv

Memory: 4k page, physical 3648412k(302228k free), swap 7449500k(1546292k free)

vm_info: Java HotSpot(TM) 64-Bit Server VM (25.291-b10) for windows-amd64 JRE (1.8.0_291-b10), built on Apr  9 2021 00:02:00 by "java_re" with MS VC++ 15.9 (VS2017)

time: Fri Dec 24 13:32:50 2021
timezone: Oeieyiaey (ceia)
elapsed time: 28.454313 seconds (0d 0h 0m 28s)

